#
# A fatal error has been detected by the Java Runtime Environment:
#
#  EXCEPTION_ACCESS_VIOLATION (0xc0000005) at pc=0x00007ffb939e4f10, pid=5320, tid=3784
#
# JRE version: Java(TM) SE Runtime Environment (17.0.5+9) (build 17.0.5+9-LTS-191)
# Java VM: Java HotSpot(TM) 64-Bit Server VM (17.0.5+9-LTS-191, mixed mode, sharing, tiered, compressed oops, compressed class ptrs, g1 gc, windows-amd64)
# Problematic frame:
# V  [jvm.dll+0x364f10]
#
# No core dump will be written. Minidumps are not enabled by default on client versions of Windows
#
# If you would like to submit a bug report, please visit:
#   https://bugreport.java.com/bugreport/crash.jsp
#

---------------  S U M M A R Y ------------

Command Line: -XX:MaxMetaspaceSize=512m --add-opens=java.base/java.util=ALL-UNNAMED --add-opens=java.base/java.lang=ALL-UNNAMED --add-opens=java.base/java.lang.invoke=ALL-UNNAMED --add-opens=java.base/java.util=ALL-UNNAMED --add-opens=java.prefs/java.util.prefs=ALL-UNNAMED --add-opens=java.prefs/java.util.prefs=ALL-UNNAMED --add-opens=java.base/java.nio.charset=ALL-UNNAMED --add-opens=java.base/java.net=ALL-UNNAMED --add-opens=java.base/java.util.concurrent.atomic=ALL-UNNAMED -Xmx2048m -Dfile.encoding=windows-1252 -Duser.country=US -Duser.language=en -Duser.variant org.gradle.launcher.daemon.bootstrap.GradleDaemon 7.3.3

Host: Intel(R) Pentium(R) CPU G3220 @ 3.00GHz, 2 cores, 7G,  Windows 10 , 64 bit Build 19041 (10.0.19041.2788)
Time: Tue Apr 25 11:57:17 2023 India Standard Time elapsed time: 122.575482 seconds (0d 0h 2m 2s)

---------------  T H R E A D  ---------------

Current thread (0x000001ba15281c90):  JavaThread "C2 CompilerThread0" daemon [_thread_in_native, id=3784, stack(0x0000003747400000,0x0000003747500000)]


Current CompileTask:
C2: 122575 16902   !   4       java.lang.reflect.Field::declaredAnnotations (82 bytes)

Stack: [0x0000003747400000,0x0000003747500000],  sp=0x00000037474fbd30,  free space=1007k
Native frames: (J=compiled Java code, j=interpreted, Vv=VM code, C=native code)
V  [jvm.dll+0x364f10]
V  [jvm.dll+0x35e341]
V  [jvm.dll+0x1b9b25]
V  [jvm.dll+0x215e19]
V  [jvm.dll+0x2150e1]
V  [jvm.dll+0x1a18ed]
V  [jvm.dll+0x22493a]
V  [jvm.dll+0x222aa5]
V  [jvm.dll+0x7885db]
V  [jvm.dll+0x782b4a]
V  [jvm.dll+0x671d75]
C  [ucrtbase.dll+0x21bb2]
C  [KERNEL32.DLL+0x17604]
C  [ntdll.dll+0x526a1]


siginfo: EXCEPTION_ACCESS_VIOLATION (0xc0000005), reading address 0x00007ffb9616c598


Register to memory mapping:

RIP=0x00007ffb939e4f10 jvm.dll
RAX=0x0 is NULL
RBX=0x00000037474fbd80 is pointing into the stack for thread: 0x000001ba15281c90
RCX=0x0 is NULL
RDX=0x00007ffb9616c598 is an unknown value
RSP=0x00000037474fbd30 is pointing into the stack for thread: 0x000001ba15281c90
RBP=0x00000037474fbe90 is pointing into the stack for thread: 0x000001ba15281c90
RSI=0x00007ffb9416c598 jvm.dll
RDI=0x0000000000000011 is an unknown value
R8 =0x0000000000040000 is an unknown value
R9 =0x0000000000000004 is an unknown value
R10=0x0000000000000003 is an unknown value
R11=0x000001ba1e332fe0 points into unknown readable memory: 0x0000000000000000 | 00 00 00 00 00 00 00 00
R12=0x0 is NULL
R13=0x000001ba1525bc20 points into unknown readable memory: 0x0000000000000000 | 00 00 00 00 00 00 00 00
R14=0x0000000000000012 is an unknown value
R15=0x00007ffb9416c598 jvm.dll


Registers:
RAX=0x0000000000000000, RBX=0x00000037474fbd80, RCX=0x0000000000000000, RDX=0x00007ffb9616c598
RSP=0x00000037474fbd30, RBP=0x00000037474fbe90, RSI=0x00007ffb9416c598, RDI=0x0000000000000011
R8 =0x0000000000040000, R9 =0x0000000000000004, R10=0x0000000000000003, R11=0x000001ba1e332fe0
R12=0x0000000000000000, R13=0x000001ba1525bc20, R14=0x0000000000000012, R15=0x00007ffb9416c598
RIP=0x00007ffb939e4f10, EFLAGS=0x0000000000010246

Top of Stack: (sp=0x00000037474fbd30)
0x00000037474fbd30:   000001ba15280130 000001ba23cc4300
0x00000037474fbd40:   000000000027a6a8 00007ffb93f80128
0x00000037474fbd50:   000001ba1984ff50 00007ffb939de341
0x00000037474fbd60:   0000000000002c92 0000000000002c92
0x00000037474fbd70:   000001ba15280100 0000000000000000
0x00000037474fbd80:   0000000000000000 0000000300000b98
0x00000037474fbd90:   0000001d0000000c 00007ffb9616c598
0x00000037474fbda0:   000001ba23d2c330 000001ba19999b90
0x00000037474fbdb0:   00000000000003d8 0000000000000000
0x00000037474fbdc0:   00000037474fbed0 00007ffb93839b25
0x00000037474fbdd0:   00000037474fc230 00000037474fc310
0x00000037474fbde0:   000001ba1c94b0d0 000001ba1c94b0c0
0x00000037474fbdf0:   0000000000000000 00000037474fbeb0
0x00000037474fbe00:   0000000000000006 000001ba1c94b0c0
0x00000037474fbe10:   000001ba23937980 000001ba23938650
0x00000037474fbe20:   000001ba2393f968 000000000100a108 

Instructions: (pc=0x00007ffb939e4f10)
0x00007ffb939e4e10:   48 8b a8 80 00 00 00 48 8b 8d d0 08 00 00 48 85
0x00007ffb939e4e20:   c9 75 0c e8 e8 0b 00 00 48 8b 8d d0 08 00 00 48
0x00007ffb939e4e30:   8b 01 0f 57 c0 48 89 85 d0 08 00 00 0f 11 01 0f
0x00007ffb939e4e40:   11 41 10 41 0f 10 06 0f 11 01 41 0f 10 4e 10 0f
0x00007ffb939e4e50:   11 49 10 48 8b 43 08 48 89 0c 06 ff c7 ba 50 00
0x00007ffb939e4e60:   00 00 3b bb 90 00 00 00 0f 82 62 ff ff ff 4c 8b
0x00007ffb939e4e70:   74 24 60 4c 8b 6c 24 58 4c 8b 64 24 50 48 8b c3
0x00007ffb939e4e80:   48 83 c4 20 41 5f 5f 5e 5d 5b c3 cc cc cc cc cc
0x00007ffb939e4e90:   40 53 48 83 ec 20 8b 51 0c 48 8b d9 83 fa 04 73
0x00007ffb939e4ea0:   2a 4c 8b 59 18 66 66 66 0f 1f 84 00 00 00 00 00
0x00007ffb939e4eb0:   44 8b d2 44 8d 4a 01 4b 83 3c d3 00 0f 85 8f 00
0x00007ffb939e4ec0:   00 00 41 8b d1 41 83 f9 04 72 e5 48 89 74 24 30
0x00007ffb939e4ed0:   48 89 7c 24 38 8b 79 10 3b 79 14 73 62 48 8d 35
0x00007ffb939e4ee0:   b4 76 78 00 0f 1f 40 00 0f 1f 84 00 00 00 00 00
0x00007ffb939e4ef0:   48 8b 43 20 8b cf 48 8b 14 c8 48 3b d6 74 39 33
0x00007ffb939e4f00:   c0 48 89 53 18 33 c9 66 0f 1f 84 00 00 00 00 00
0x00007ffb939e4f10:   48 83 3c 11 00 44 8d 48 01 75 6f 48 83 c1 08 41
0x00007ffb939e4f20:   8b c1 41 83 f9 04 72 e8 48 8b 4b 28 48 85 c9 74
0x00007ffb939e4f30:   07 8b d7 e8 58 01 00 00 ff c7 3b 7b 14 72 b1 48
0x00007ffb939e4f40:   8b 74 24 30 33 c0 48 8b 7c 24 38 48 83 c4 20 5b
0x00007ffb939e4f50:   c3 8b 41 10 44 8d 04 82 41 c1 e0 06 41 81 c0 00
0x00007ffb939e4f60:   ff ff ff 44 89 41 08 4b 8b 14 d3 48 0f bc c2 44
0x00007ffb939e4f70:   89 49 0c 8b c8 48 d3 ea 48 ff ca 41 03 c0 48 89
0x00007ffb939e4f80:   13 89 43 08 48 83 c4 20 5b c3 48 8b 74 24 30 44
0x00007ffb939e4f90:   8d 04 b8 8b c8 8d 47 01 48 8b 7c 24 38 41 c1 e0
0x00007ffb939e4fa0:   06 44 89 43 08 48 8b 14 ca 89 43 10 48 0f bc c2
0x00007ffb939e4fb0:   44 89 4b 0c 8b c8 48 d3 ea 48 ff ca 41 03 c0 48
0x00007ffb939e4fc0:   89 13 89 43 08 48 83 c4 20 5b c3 cc cc cc cc cc
0x00007ffb939e4fd0:   40 53 48 83 ec 20 65 48 8b 04 25 58 00 00 00 8b
0x00007ffb939e4fe0:   0d 93 5b 7c 00 48 8b 1c c8 b8 50 00 00 00 80 3c
0x00007ffb939e4ff0:   18 00 75 05 e8 a3 96 4c 00 b8 20 00 00 00 48 8b
0x00007ffb939e5000:   04 18 48 8b 88 d0 04 00 00 48 8b 99 80 00 00 00 


Stack slot to memory mapping:
stack at sp + 0 slots: 0x000001ba15280130 points into unknown readable memory: 0x0000000000000006 | 06 00 00 00 00 00 00 00
stack at sp + 1 slots: 0x000001ba23cc4300 points into unknown readable memory: 0x00007f00ffffffff | ff ff ff ff 00 7f 00 00
stack at sp + 2 slots: 0x000000000027a6a8 is an unknown value
stack at sp + 3 slots: 0x00007ffb93f80128 jvm.dll
stack at sp + 4 slots: 0x000001ba1984ff50 points into unknown readable memory: 0x0000002d0000002d | 2d 00 00 00 2d 00 00 00
stack at sp + 5 slots: 0x00007ffb939de341 jvm.dll
stack at sp + 6 slots: 0x0000000000002c92 is an unknown value
stack at sp + 7 slots: 0x0000000000002c92 is an unknown value


---------------  P R O C E S S  ---------------

Threads class SMR info:
_java_thread_list=0x000001ba1ec99880, length=73, elements={
0x000001ba75c5bfe0, 0x000001ba152681c0, 0x000001ba15268f40, 0x000001ba1527b220,
0x000001ba1527ce50, 0x000001ba15280730, 0x000001ba15280ff0, 0x000001ba15281c90,
0x000001ba15284470, 0x000001ba152ecbe0, 0x000001ba15da3740, 0x000001ba15da7e40,
0x000001ba16cc7170, 0x000001ba1734ecb0, 0x000001ba16d75970, 0x000001ba17190610,
0x000001ba16d4c6d0, 0x000001ba17382f10, 0x000001ba173877f0, 0x000001ba1738ecb0,
0x000001ba17390990, 0x000001ba17391330, 0x000001ba1738d970, 0x000001ba1738de40,
0x000001ba1738e310, 0x000001ba1738fb20, 0x000001ba1738e7e0, 0x000001ba1738fff0,
0x000001ba173904c0, 0x000001ba1738f180, 0x000001ba1738f650, 0x000001ba17678a10,
0x000001ba17676d30, 0x000001ba17677200, 0x000001ba1767a220, 0x000001ba1767abc0,
0x000001ba1767a6f0, 0x000001ba176793b0, 0x000001ba17677ba0, 0x000001ba176776d0,
0x000001ba17679880, 0x000001ba17678070, 0x000001ba176759f0, 0x000001ba17675ec0,
0x000001ba1767b090, 0x000001ba1767b560, 0x000001ba17673d10, 0x000001ba176741e0,
0x000001ba176746b0, 0x000001ba17674b80, 0x000001ba17675050, 0x000001ba17675520,
0x000001ba17676390, 0x000001ba19478600, 0x000001ba1947a2e0, 0x000001ba1947ac80,
0x000001ba1947b150, 0x000001ba1947baf0, 0x000001ba1947a7b0, 0x000001ba19475ab0,
0x000001ba19474c40, 0x000001ba19476450, 0x000001ba19478fa0, 0x000001ba19478130,
0x000001ba194742a0, 0x000001ba19478ad0, 0x000001ba1947b620, 0x000001ba19475110,
0x000001ba19479e10, 0x000001ba19465870, 0x000001ba19462d20, 0x000001ba19464530,
0x000001ba19464ed0
}

Java Threads: ( => current thread )
  0x000001ba75c5bfe0 JavaThread "main" [_thread_blocked, id=5672, stack(0x0000003746600000,0x0000003746700000)]
  0x000001ba152681c0 JavaThread "Reference Handler" daemon [_thread_blocked, id=4100, stack(0x0000003746e00000,0x0000003746f00000)]
  0x000001ba15268f40 JavaThread "Finalizer" daemon [_thread_blocked, id=7664, stack(0x0000003746f00000,0x0000003747000000)]
  0x000001ba1527b220 JavaThread "Signal Dispatcher" daemon [_thread_blocked, id=6120, stack(0x0000003747000000,0x0000003747100000)]
  0x000001ba1527ce50 JavaThread "Attach Listener" daemon [_thread_blocked, id=4428, stack(0x0000003747100000,0x0000003747200000)]
  0x000001ba15280730 JavaThread "Service Thread" daemon [_thread_blocked, id=1924, stack(0x0000003747200000,0x0000003747300000)]
  0x000001ba15280ff0 JavaThread "Monitor Deflation Thread" daemon [_thread_blocked, id=6364, stack(0x0000003747300000,0x0000003747400000)]
=>0x000001ba15281c90 JavaThread "C2 CompilerThread0" daemon [_thread_in_native, id=3784, stack(0x0000003747400000,0x0000003747500000)]
  0x000001ba15284470 JavaThread "C1 CompilerThread0" daemon [_thread_blocked, id=4508, stack(0x0000003747500000,0x0000003747600000)]
  0x000001ba152ecbe0 JavaThread "Sweeper thread" daemon [_thread_blocked, id=5416, stack(0x0000003747600000,0x0000003747700000)]
  0x000001ba15da3740 JavaThread "Common-Cleaner" daemon [_thread_blocked, id=8852, stack(0x0000003747700000,0x0000003747800000)]
  0x000001ba15da7e40 JavaThread "Notification Thread" daemon [_thread_blocked, id=9560, stack(0x0000003747800000,0x0000003747900000)]
  0x000001ba16cc7170 JavaThread "Daemon health stats" [_thread_blocked, id=2800, stack(0x0000003747b00000,0x0000003747c00000)]
  0x000001ba1734ecb0 JavaThread "Incoming local TCP Connector on port 51021" [_thread_in_native, id=9356, stack(0x0000003747c00000,0x0000003747d00000)]
  0x000001ba16d75970 JavaThread "Daemon periodic checks" [_thread_blocked, id=748, stack(0x0000003747d00000,0x0000003747e00000)]
  0x000001ba17190610 JavaThread "Daemon" [_thread_blocked, id=4980, stack(0x0000003747e00000,0x0000003747f00000)]
  0x000001ba16d4c6d0 JavaThread "Handler for socket connection from /127.0.0.1:51021 to /127.0.0.1:51022" [_thread_in_native, id=10488, stack(0x0000003747f00000,0x0000003748000000)]
  0x000001ba17382f10 JavaThread "Cancel handler" [_thread_blocked, id=5016, stack(0x0000003748000000,0x0000003748100000)]
  0x000001ba173877f0 JavaThread "Daemon worker" [_thread_in_vm, id=11072, stack(0x0000003748100000,0x0000003748200000)]
  0x000001ba1738ecb0 JavaThread "Asynchronous log dispatcher for DefaultDaemonConnection: socket connection from /127.0.0.1:51021 to /127.0.0.1:51022" [_thread_blocked, id=3360, stack(0x0000003748200000,0x0000003748300000)]
  0x000001ba17390990 JavaThread "Stdin handler" [_thread_blocked, id=9300, stack(0x0000003748300000,0x0000003748400000)]
  0x000001ba17391330 JavaThread "Daemon client event forwarder" [_thread_blocked, id=4812, stack(0x0000003748400000,0x0000003748500000)]
  0x000001ba1738d970 JavaThread "Cache worker for journal cache (C:\Users\Sumonto\.gradle\caches\journal-1)" [_thread_blocked, id=3312, stack(0x0000003748500000,0x0000003748600000)]
  0x000001ba1738de40 JavaThread "File lock request listener" [_thread_in_native, id=5988, stack(0x0000003748600000,0x0000003748700000)]
  0x000001ba1738e310 JavaThread "Cache worker for file hash cache (C:\Users\Sumonto\.gradle\caches\7.3.3\fileHashes)" [_thread_blocked, id=9492, stack(0x0000003748700000,0x0000003748800000)]
  0x000001ba1738fb20 JavaThread "Cache worker for file hash cache (E:\newBY\android\.gradle\7.3.3\fileHashes)" [_thread_blocked, id=7932, stack(0x0000003748800000,0x0000003748900000)]
  0x000001ba1738e7e0 JavaThread "File watcher server" daemon [_thread_in_native, id=992, stack(0x0000003748900000,0x0000003748a00000)]
  0x000001ba1738fff0 JavaThread "File watcher consumer" daemon [_thread_blocked, id=5008, stack(0x0000003748a00000,0x0000003748b00000)]
  0x000001ba173904c0 JavaThread "Cache worker for checksums cache (E:\newBY\android\.gradle\7.3.3\checksums)" [_thread_blocked, id=772, stack(0x0000003748b00000,0x0000003748c00000)]
  0x000001ba1738f180 JavaThread "Cache worker for cache directory md-supplier (C:\Users\Sumonto\.gradle\caches\7.3.3\md-supplier)" [_thread_blocked, id=9572, stack(0x0000003748c00000,0x0000003748d00000)]
  0x000001ba1738f650 JavaThread "Cache worker for cache directory md-rule (C:\Users\Sumonto\.gradle\caches\7.3.3\md-rule)" [_thread_blocked, id=6624, stack(0x0000003748d00000,0x0000003748e00000)]
  0x000001ba17678a10 JavaThread "Cache worker for execution history cache (C:\Users\Sumonto\.gradle\caches\7.3.3\executionHistory)" [_thread_blocked, id=3416, stack(0x0000003748e00000,0x0000003748f00000)]
  0x000001ba17676d30 JavaThread "jar transforms" [_thread_blocked, id=6588, stack(0x0000003749000000,0x0000003749100000)]
  0x000001ba17677200 JavaThread "jar transforms Thread 2" [_thread_blocked, id=3792, stack(0x0000003749100000,0x0000003749200000)]
  0x000001ba1767a220 JavaThread "Cache worker for file content cache (C:\Users\Sumonto\.gradle\caches\7.3.3\fileContent)" [_thread_blocked, id=8256, stack(0x0000003749200000,0x0000003749300000)]
  0x000001ba1767abc0 JavaThread "Cache worker for kotlin-dsl (C:\Users\Sumonto\.gradle\caches\7.3.3\kotlin-dsl)" [_thread_blocked, id=8288, stack(0x0000003749300000,0x0000003749400000)]
  0x000001ba1767a6f0 JavaThread "Cache worker for dependencies-accessors (E:\newBY\android\.gradle\7.3.3\dependencies-accessors)" [_thread_blocked, id=10712, stack(0x0000003749400000,0x0000003749500000)]
  0x000001ba176793b0 JavaThread "Cache worker for Build Output Cleanup Cache (E:\newBY\node_modules\react-native-gradle-plugin\.gradle\buildOutputCleanup)" [_thread_blocked, id=10744, stack(0x0000003749500000,0x0000003749600000)]
  0x000001ba17677ba0 JavaThread "Unconstrained build operations" [_thread_blocked, id=6520, stack(0x0000003749600000,0x0000003749700000)]
  0x000001ba176776d0 JavaThread "Unconstrained build operations Thread 2" [_thread_blocked, id=6240, stack(0x0000003749700000,0x0000003749800000)]
  0x000001ba17679880 JavaThread "Unconstrained build operations Thread 3" [_thread_blocked, id=11212, stack(0x0000003749800000,0x0000003749900000)]
  0x000001ba17678070 JavaThread "Unconstrained build operations Thread 4" [_thread_blocked, id=2348, stack(0x0000003749900000,0x0000003749a00000)]
  0x000001ba176759f0 JavaThread "Unconstrained build operations Thread 5" [_thread_blocked, id=7648, stack(0x0000003749a00000,0x0000003749b00000)]
  0x000001ba17675ec0 JavaThread "Unconstrained build operations Thread 6" [_thread_blocked, id=9736, stack(0x0000003749b00000,0x0000003749c00000)]
  0x000001ba1767b090 JavaThread "Unconstrained build operations Thread 7" [_thread_blocked, id=6084, stack(0x0000003749c00000,0x0000003749d00000)]
  0x000001ba1767b560 JavaThread "Unconstrained build operations Thread 8" [_thread_blocked, id=11244, stack(0x0000003749d00000,0x0000003749e00000)]
  0x000001ba17673d10 JavaThread "Unconstrained build operations Thread 9" [_thread_blocked, id=3380, stack(0x0000003749e00000,0x0000003749f00000)]
  0x000001ba176741e0 JavaThread "Unconstrained build operations Thread 10" [_thread_blocked, id=3932, stack(0x0000003749f00000,0x000000374a000000)]
  0x000001ba176746b0 JavaThread "Unconstrained build operations Thread 11" [_thread_blocked, id=5308, stack(0x000000374a000000,0x000000374a100000)]
  0x000001ba17674b80 JavaThread "Unconstrained build operations Thread 12" [_thread_blocked, id=9812, stack(0x000000374a100000,0x000000374a200000)]
  0x000001ba17675050 JavaThread "Unconstrained build operations Thread 13" [_thread_blocked, id=3536, stack(0x000000374a200000,0x000000374a300000)]
  0x000001ba17675520 JavaThread "Unconstrained build operations Thread 14" [_thread_blocked, id=6368, stack(0x000000374a300000,0x000000374a400000)]
  0x000001ba17676390 JavaThread "Unconstrained build operations Thread 15" [_thread_blocked, id=6408, stack(0x000000374a400000,0x000000374a500000)]
  0x000001ba19478600 JavaThread "Unconstrained build operations Thread 16" [_thread_blocked, id=9684, stack(0x000000374a500000,0x000000374a600000)]
  0x000001ba1947a2e0 JavaThread "Unconstrained build operations Thread 17" [_thread_blocked, id=4988, stack(0x000000374a600000,0x000000374a700000)]
  0x000001ba1947ac80 JavaThread "Unconstrained build operations Thread 18" [_thread_blocked, id=1208, stack(0x000000374a700000,0x000000374a800000)]
  0x000001ba1947b150 JavaThread "Unconstrained build operations Thread 19" [_thread_blocked, id=2568, stack(0x000000374a800000,0x000000374a900000)]
  0x000001ba1947baf0 JavaThread "Unconstrained build operations Thread 20" [_thread_blocked, id=684, stack(0x000000374a900000,0x000000374aa00000)]
  0x000001ba1947a7b0 JavaThread "build event listener" [_thread_blocked, id=10228, stack(0x000000374aa00000,0x000000374ab00000)]
  0x000001ba19475ab0 JavaThread "Memory manager" [_thread_blocked, id=4488, stack(0x000000374ab00000,0x000000374ac00000)]
  0x000001ba19474c40 JavaThread "Cache worker for Build Output Cleanup Cache (E:\newBY\android\.gradle\buildOutputCleanup)" [_thread_blocked, id=5096, stack(0x000000374ac00000,0x000000374ad00000)]
  0x000001ba19476450 JavaThread "included builds" [_thread_blocked, id=7544, stack(0x000000374ad00000,0x000000374ae00000)]
  0x000001ba19478fa0 JavaThread "Cache worker for execution history cache (E:\newBY\node_modules\react-native-gradle-plugin\.gradle\7.3.3\executionHistory)" [_thread_blocked, id=232, stack(0x000000374af00000,0x000000374b000000)]
  0x000001ba19478130 JavaThread "RMI Scheduler(0)" daemon [_thread_blocked, id=9824, stack(0x000000374b000000,0x000000374b100000)]
  0x000001ba194742a0 JavaThread "RMI GC Daemon" daemon [_thread_blocked, id=9188, stack(0x000000374b200000,0x000000374b300000)]
  0x000001ba19478ad0 JavaThread "RMI TCP Accept-0" daemon [_thread_in_native, id=2444, stack(0x000000374b300000,0x000000374b400000)]
  0x000001ba1947b620 JavaThread "RMI Reaper" [_thread_blocked, id=10888, stack(0x000000374b400000,0x000000374b500000)]
  0x000001ba19475110 JavaThread "RMI TCP Connection(idle)" daemon [_thread_blocked, id=4132, stack(0x000000374b500000,0x000000374b600000)]
  0x000001ba19479e10 JavaThread "Cache worker for Java compile cache (C:\Users\Sumonto\.gradle\caches\7.3.3\javaCompile)" [_thread_blocked, id=5844, stack(0x0000003746500000,0x0000003746600000)]
  0x000001ba19465870 JavaThread "Build operations" [_thread_blocked, id=11192, stack(0x0000003746700000,0x0000003746800000)]
  0x000001ba19462d20 JavaThread "Build operations Thread 2" [_thread_blocked, id=1812, stack(0x000000374b100000,0x000000374b200000)]
  0x000001ba19464530 JavaThread "build event listener" [_thread_blocked, id=2840, stack(0x000000374ae00000,0x000000374af00000)]
  0x000001ba19464ed0 JavaThread "build event listener" [_thread_blocked, id=10136, stack(0x000000374b800000,0x000000374b900000)]

Other Threads:
  0x000001ba15260fd0 VMThread "VM Thread" [stack: 0x0000003746d00000,0x0000003746e00000] [id=8180]
  0x000001ba15dac330 WatcherThread [stack: 0x0000003747900000,0x0000003747a00000] [id=11216]
  0x000001ba77e8bb10 GCTaskThread "GC Thread#0" [stack: 0x0000003746800000,0x0000003746900000] [id=1032]
  0x000001ba15dc6e70 GCTaskThread "GC Thread#1" [stack: 0x0000003747a00000,0x0000003747b00000] [id=4136]
  0x000001ba77e9d970 ConcurrentGCThread "G1 Main Marker" [stack: 0x0000003746900000,0x0000003746a00000] [id=2692]
  0x000001ba77e9e290 ConcurrentGCThread "G1 Conc#0" [stack: 0x0000003746a00000,0x0000003746b00000] [id=7668]
  0x000001ba77f09b70 ConcurrentGCThread "G1 Refine#0" [stack: 0x0000003746b00000,0x0000003746c00000] [id=10220]
  0x000001ba19ca3fe0 ConcurrentGCThread "G1 Refine#1" [stack: 0x0000003748f00000,0x0000003749000000] [id=5188]
  0x000001ba77f0b4b0 ConcurrentGCThread "G1 Service" [stack: 0x0000003746c00000,0x0000003746d00000] [id=5160]

Threads with active compile tasks:
C2 CompilerThread0   122651 16902   !   4       java.lang.reflect.Field::declaredAnnotations (82 bytes)

VM state: not at safepoint (normal execution)

VM Mutex/Monitor currently owned by a thread: None

Heap address: 0x0000000080000000, size: 2048 MB, Compressed Oops mode: 32-bit

CDS archive(s) mapped at: [0x0000000800000000-0x0000000800bd0000-0x0000000800bd0000), size 12386304, SharedBaseAddress: 0x0000000800000000, ArchiveRelocationMode: 0.
Compressed class space mapped at: 0x0000000800c00000-0x000000081a800000, reserved size: 432013312
Narrow klass base: 0x0000000800000000, Narrow klass shift: 0, Narrow klass range: 0x100000000

GC Precious Log:
 CPUs: 2 total, 2 available
 Memory: 8061M
 Large Page Support: Disabled
 NUMA Support: Disabled
 Compressed Oops: Enabled (32-bit)
 Heap Region Size: 1M
 Heap Min Capacity: 8M
 Heap Initial Capacity: 126M
 Heap Max Capacity: 2G
 Pre-touch: Disabled
 Parallel Workers: 2
 Concurrent Workers: 1
 Concurrent Refinement Workers: 2
 Periodic GC: Disabled

Heap:
 garbage-first heap   total 343040K, used 270336K [0x0000000080000000, 0x0000000100000000)
  region size 1024K, 90 young (92160K), 2 survivors (2048K)
 Metaspace       used 118244K, committed 119616K, reserved 528384K
  class space    used 15769K, committed 16384K, reserved 421888K

Heap Regions: E=young(eden), S=young(survivor), O=old, HS=humongous(starts), HC=humongous(continues), CS=collection set, F=free, OA=open archive, CA=closed archive, TAMS=top-at-mark-start (previous, next)
|   0|0x0000000080000000, 0x0000000080100000, 0x0000000080100000|100%| O|  |TAMS 0x0000000080100000, 0x0000000080000000| Untracked 
|   1|0x0000000080100000, 0x0000000080200000, 0x0000000080200000|100%|HS|  |TAMS 0x0000000080200000, 0x0000000080100000| Complete 
|   2|0x0000000080200000, 0x0000000080300000, 0x0000000080300000|100%|HC|  |TAMS 0x0000000080300000, 0x0000000080200000| Complete 
|   3|0x0000000080300000, 0x0000000080400000, 0x0000000080400000|100%|HC|  |TAMS 0x0000000080400000, 0x0000000080300000| Complete 
|   4|0x0000000080400000, 0x0000000080500000, 0x0000000080500000|100%| O|  |TAMS 0x0000000080500000, 0x0000000080400000| Untracked 
|   5|0x0000000080500000, 0x0000000080600000, 0x0000000080600000|100%| O|  |TAMS 0x0000000080600000, 0x0000000080500000| Untracked 
|   6|0x0000000080600000, 0x0000000080700000, 0x0000000080700000|100%| O|  |TAMS 0x0000000080700000, 0x0000000080600000| Untracked 
|   7|0x0000000080700000, 0x0000000080800000, 0x0000000080800000|100%| O|  |TAMS 0x0000000080800000, 0x0000000080700000| Untracked 
|   8|0x0000000080800000, 0x0000000080900000, 0x0000000080900000|100%| O|  |TAMS 0x0000000080900000, 0x0000000080800000| Untracked 
|   9|0x0000000080900000, 0x0000000080a00000, 0x0000000080a00000|100%| O|  |TAMS 0x0000000080a00000, 0x0000000080900000| Untracked 
|  10|0x0000000080a00000, 0x0000000080b00000, 0x0000000080b00000|100%| O|  |TAMS 0x0000000080b00000, 0x0000000080a00000| Untracked 
|  11|0x0000000080b00000, 0x0000000080c00000, 0x0000000080c00000|100%| O|  |TAMS 0x0000000080c00000, 0x0000000080b00000| Untracked 
|  12|0x0000000080c00000, 0x0000000080d00000, 0x0000000080d00000|100%| O|  |TAMS 0x0000000080d00000, 0x0000000080c00000| Untracked 
|  13|0x0000000080d00000, 0x0000000080e00000, 0x0000000080e00000|100%| O|  |TAMS 0x0000000080e00000, 0x0000000080d00000| Untracked 
|  14|0x0000000080e00000, 0x0000000080f00000, 0x0000000080f00000|100%| O|  |TAMS 0x0000000080f00000, 0x0000000080e00000| Untracked 
|  15|0x0000000080f00000, 0x0000000081000000, 0x0000000081000000|100%| O|  |TAMS 0x0000000081000000, 0x0000000080f00000| Untracked 
|  16|0x0000000081000000, 0x0000000081100000, 0x0000000081100000|100%| O|  |TAMS 0x0000000081100000, 0x0000000081000000| Untracked 
|  17|0x0000000081100000, 0x0000000081200000, 0x0000000081200000|100%| O|  |TAMS 0x0000000081200000, 0x0000000081100000| Untracked 
|  18|0x0000000081200000, 0x0000000081300000, 0x0000000081300000|100%| O|  |TAMS 0x0000000081300000, 0x0000000081200000| Untracked 
|  19|0x0000000081300000, 0x0000000081400000, 0x0000000081400000|100%| O|  |TAMS 0x0000000081400000, 0x0000000081300000| Untracked 
|  20|0x0000000081400000, 0x0000000081500000, 0x0000000081500000|100%| O|  |TAMS 0x0000000081500000, 0x0000000081400000| Untracked 
|  21|0x0000000081500000, 0x0000000081600000, 0x0000000081600000|100%| O|  |TAMS 0x0000000081600000, 0x0000000081500000| Untracked 
|  22|0x0000000081600000, 0x0000000081700000, 0x0000000081700000|100%| O|  |TAMS 0x0000000081700000, 0x0000000081600000| Untracked 
|  23|0x0000000081700000, 0x0000000081800000, 0x0000000081800000|100%| O|  |TAMS 0x0000000081800000, 0x0000000081700000| Untracked 
|  24|0x0000000081800000, 0x0000000081900000, 0x0000000081900000|100%| O|  |TAMS 0x0000000081900000, 0x0000000081800000| Untracked 
|  25|0x0000000081900000, 0x0000000081a00000, 0x0000000081a00000|100%| O|  |TAMS 0x0000000081a00000, 0x0000000081900000| Untracked 
|  26|0x0000000081a00000, 0x0000000081b00000, 0x0000000081b00000|100%| O|  |TAMS 0x0000000081b00000, 0x0000000081a00000| Untracked 
|  27|0x0000000081b00000, 0x0000000081c00000, 0x0000000081c00000|100%| O|  |TAMS 0x0000000081c00000, 0x0000000081b00000| Untracked 
|  28|0x0000000081c00000, 0x0000000081d00000, 0x0000000081d00000|100%|HS|  |TAMS 0x0000000081d00000, 0x0000000081c00000| Complete 
|  29|0x0000000081d00000, 0x0000000081e00000, 0x0000000081e00000|100%| O|  |TAMS 0x0000000081e00000, 0x0000000081d00000| Untracked 
|  30|0x0000000081e00000, 0x0000000081f00000, 0x0000000081f00000|100%| O|  |TAMS 0x0000000081f00000, 0x0000000081e00000| Untracked 
|  31|0x0000000081f00000, 0x0000000082000000, 0x0000000082000000|100%| O|  |TAMS 0x0000000082000000, 0x0000000081f00000| Untracked 
|  32|0x0000000082000000, 0x0000000082100000, 0x0000000082100000|100%| O|  |TAMS 0x0000000082100000, 0x0000000082000000| Untracked 
|  33|0x0000000082100000, 0x0000000082200000, 0x0000000082200000|100%|HS|  |TAMS 0x0000000082200000, 0x0000000082100000| Complete 
|  34|0x0000000082200000, 0x0000000082300000, 0x0000000082300000|100%|HC|  |TAMS 0x0000000082300000, 0x0000000082200000| Complete 
|  35|0x0000000082300000, 0x0000000082400000, 0x0000000082400000|100%|HC|  |TAMS 0x0000000082400000, 0x0000000082300000| Complete 
|  36|0x0000000082400000, 0x0000000082500000, 0x0000000082500000|100%| O|  |TAMS 0x0000000082500000, 0x0000000082400000| Untracked 
|  37|0x0000000082500000, 0x0000000082600000, 0x0000000082600000|100%| O|  |TAMS 0x0000000082600000, 0x0000000082500000| Untracked 
|  38|0x0000000082600000, 0x0000000082700000, 0x0000000082700000|100%| O|  |TAMS 0x0000000082700000, 0x0000000082600000| Untracked 
|  39|0x0000000082700000, 0x0000000082800000, 0x0000000082800000|100%| O|  |TAMS 0x0000000082800000, 0x0000000082700000| Untracked 
|  40|0x0000000082800000, 0x0000000082900000, 0x0000000082900000|100%| O|  |TAMS 0x0000000082900000, 0x0000000082800000| Untracked 
|  41|0x0000000082900000, 0x0000000082a00000, 0x0000000082a00000|100%| O|  |TAMS 0x0000000082a00000, 0x0000000082900000| Untracked 
|  42|0x0000000082a00000, 0x0000000082b00000, 0x0000000082b00000|100%| O|  |TAMS 0x0000000082b00000, 0x0000000082a00000| Untracked 
|  43|0x0000000082b00000, 0x0000000082c00000, 0x0000000082c00000|100%| O|  |TAMS 0x0000000082c00000, 0x0000000082b00000| Untracked 
|  44|0x0000000082c00000, 0x0000000082d00000, 0x0000000082d00000|100%| O|  |TAMS 0x0000000082d00000, 0x0000000082c00000| Untracked 
|  45|0x0000000082d00000, 0x0000000082e00000, 0x0000000082e00000|100%| O|  |TAMS 0x0000000082e00000, 0x0000000082d00000| Untracked 
|  46|0x0000000082e00000, 0x0000000082f00000, 0x0000000082f00000|100%| O|  |TAMS 0x0000000082f00000, 0x0000000082e00000| Untracked 
|  47|0x0000000082f00000, 0x0000000083000000, 0x0000000083000000|100%| O|  |TAMS 0x0000000083000000, 0x0000000082f00000| Untracked 
|  48|0x0000000083000000, 0x0000000083100000, 0x0000000083100000|100%| O|  |TAMS 0x0000000083100000, 0x0000000083000000| Untracked 
|  49|0x0000000083100000, 0x0000000083200000, 0x0000000083200000|100%| O|  |TAMS 0x0000000083200000, 0x0000000083100000| Untracked 
|  50|0x0000000083200000, 0x0000000083300000, 0x0000000083300000|100%| O|  |TAMS 0x0000000083300000, 0x0000000083200000| Untracked 
|  51|0x0000000083300000, 0x0000000083400000, 0x0000000083400000|100%| O|  |TAMS 0x0000000083400000, 0x0000000083300000| Untracked 
|  52|0x0000000083400000, 0x0000000083500000, 0x0000000083500000|100%| O|  |TAMS 0x0000000083400000, 0x0000000083400000| Untracked 
|  53|0x0000000083500000, 0x0000000083600000, 0x0000000083600000|100%| O|  |TAMS 0x0000000083500000, 0x0000000083500000| Untracked 
|  54|0x0000000083600000, 0x0000000083700000, 0x0000000083700000|100%| O|  |TAMS 0x0000000083600000, 0x0000000083600000| Untracked 
|  55|0x0000000083700000, 0x0000000083800000, 0x0000000083800000|100%| O|  |TAMS 0x0000000083700000, 0x0000000083700000| Untracked 
|  56|0x0000000083800000, 0x0000000083900000, 0x0000000083900000|100%| O|  |TAMS 0x0000000083800000, 0x0000000083800000| Untracked 
|  57|0x0000000083900000, 0x0000000083a00000, 0x0000000083a00000|100%| O|  |TAMS 0x0000000083900000, 0x0000000083900000| Untracked 
|  58|0x0000000083a00000, 0x0000000083b00000, 0x0000000083b00000|100%| O|  |TAMS 0x0000000083a00000, 0x0000000083a00000| Untracked 
|  59|0x0000000083b00000, 0x0000000083c00000, 0x0000000083c00000|100%| O|  |TAMS 0x0000000083c00000, 0x0000000083b00000| Untracked 
|  60|0x0000000083c00000, 0x0000000083d00000, 0x0000000083d00000|100%| O|  |TAMS 0x0000000083d00000, 0x0000000083c00000| Untracked 
|  61|0x0000000083d00000, 0x0000000083e00000, 0x0000000083e00000|100%| O|  |TAMS 0x0000000083d00000, 0x0000000083d00000| Untracked 
|  62|0x0000000083e00000, 0x0000000083f00000, 0x0000000083f00000|100%| O|  |TAMS 0x0000000083e00000, 0x0000000083e00000| Untracked 
|  63|0x0000000083f00000, 0x0000000084000000, 0x0000000084000000|100%| O|  |TAMS 0x0000000083f00000, 0x0000000083f00000| Untracked 
|  64|0x0000000084000000, 0x0000000084100000, 0x0000000084100000|100%| O|  |TAMS 0x0000000084000000, 0x0000000084000000| Untracked 
|  65|0x0000000084100000, 0x0000000084200000, 0x0000000084200000|100%| O|  |TAMS 0x0000000084100000, 0x0000000084100000| Untracked 
|  66|0x0000000084200000, 0x0000000084300000, 0x0000000084300000|100%| O|  |TAMS 0x0000000084200000, 0x0000000084200000| Untracked 
|  67|0x0000000084300000, 0x0000000084400000, 0x0000000084400000|100%| O|  |TAMS 0x0000000084300000, 0x0000000084300000| Untracked 
|  68|0x0000000084400000, 0x0000000084500000, 0x0000000084500000|100%| O|  |TAMS 0x0000000084400000, 0x0000000084400000| Untracked 
|  69|0x0000000084500000, 0x0000000084600000, 0x0000000084600000|100%| O|  |TAMS 0x0000000084500000, 0x0000000084500000| Untracked 
|  70|0x0000000084600000, 0x0000000084700000, 0x0000000084700000|100%| O|  |TAMS 0x0000000084600000, 0x0000000084600000| Untracked 
|  71|0x0000000084700000, 0x0000000084800000, 0x0000000084800000|100%| O|  |TAMS 0x0000000084700000, 0x0000000084700000| Untracked 
|  72|0x0000000084800000, 0x0000000084900000, 0x0000000084900000|100%| O|  |TAMS 0x0000000084900000, 0x0000000084800000| Untracked 
|  73|0x0000000084900000, 0x0000000084a00000, 0x0000000084a00000|100%| O|  |TAMS 0x0000000084a00000, 0x0000000084900000| Untracked 
|  74|0x0000000084a00000, 0x0000000084b00000, 0x0000000084b00000|100%| O|  |TAMS 0x0000000084b00000, 0x0000000084a00000| Untracked 
|  75|0x0000000084b00000, 0x0000000084c00000, 0x0000000084c00000|100%| O|  |TAMS 0x0000000084c00000, 0x0000000084b00000| Untracked 
|  76|0x0000000084c00000, 0x0000000084d00000, 0x0000000084d00000|100%| O|  |TAMS 0x0000000084d00000, 0x0000000084c00000| Untracked 
|  77|0x0000000084d00000, 0x0000000084e00000, 0x0000000084e00000|100%| O|  |TAMS 0x0000000084e00000, 0x0000000084d00000| Untracked 
|  78|0x0000000084e00000, 0x0000000084f00000, 0x0000000084f00000|100%| O|  |TAMS 0x0000000084f00000, 0x0000000084e00000| Untracked 
|  79|0x0000000084f00000, 0x0000000085000000, 0x0000000085000000|100%| O|  |TAMS 0x0000000084f00000, 0x0000000084f00000| Untracked 
|  80|0x0000000085000000, 0x0000000085000000, 0x0000000085100000|  0%| F|  |TAMS 0x0000000085000000, 0x0000000085000000| Untracked 
|  81|0x0000000085100000, 0x0000000085200000, 0x0000000085200000|100%| O|  |TAMS 0x0000000085200000, 0x0000000085100000| Untracked 
|  82|0x0000000085200000, 0x0000000085200000, 0x0000000085300000|  0%| F|  |TAMS 0x0000000085200000, 0x0000000085200000| Untracked 
|  83|0x0000000085300000, 0x0000000085400000, 0x0000000085400000|100%| O|  |TAMS 0x0000000085300000, 0x0000000085300000| Untracked 
|  84|0x0000000085400000, 0x0000000085400000, 0x0000000085500000|  0%| F|  |TAMS 0x0000000085400000, 0x0000000085400000| Untracked 
|  85|0x0000000085500000, 0x0000000085500000, 0x0000000085600000|  0%| F|  |TAMS 0x0000000085500000, 0x0000000085500000| Untracked 
|  86|0x0000000085600000, 0x0000000085600000, 0x0000000085700000|  0%| F|  |TAMS 0x0000000085600000, 0x0000000085600000| Untracked 
|  87|0x0000000085700000, 0x0000000085700000, 0x0000000085800000|  0%| F|  |TAMS 0x0000000085700000, 0x0000000085700000| Untracked 
|  88|0x0000000085800000, 0x0000000085800000, 0x0000000085900000|  0%| F|  |TAMS 0x0000000085800000, 0x0000000085800000| Untracked 
|  89|0x0000000085900000, 0x0000000085900000, 0x0000000085a00000|  0%| F|  |TAMS 0x0000000085900000, 0x0000000085900000| Untracked 
|  90|0x0000000085a00000, 0x0000000085a00000, 0x0000000085b00000|  0%| F|  |TAMS 0x0000000085a00000, 0x0000000085a00000| Untracked 
|  91|0x0000000085b00000, 0x0000000085b00000, 0x0000000085c00000|  0%| F|  |TAMS 0x0000000085b00000, 0x0000000085b00000| Untracked 
|  92|0x0000000085c00000, 0x0000000085c00000, 0x0000000085d00000|  0%| F|  |TAMS 0x0000000085c00000, 0x0000000085c00000| Untracked 
|  93|0x0000000085d00000, 0x0000000085d00000, 0x0000000085e00000|  0%| F|  |TAMS 0x0000000085d00000, 0x0000000085d00000| Untracked 
|  94|0x0000000085e00000, 0x0000000085f00000, 0x0000000085f00000|100%| O|  |TAMS 0x0000000085f00000, 0x0000000085e00000| Untracked 
|  95|0x0000000085f00000, 0x0000000086000000, 0x0000000086000000|100%| O|  |TAMS 0x0000000086000000, 0x0000000085f00000| Untracked 
|  96|0x0000000086000000, 0x0000000086100000, 0x0000000086100000|100%| O|  |TAMS 0x0000000086100000, 0x0000000086000000| Untracked 
|  97|0x0000000086100000, 0x0000000086200000, 0x0000000086200000|100%| O|  |TAMS 0x0000000086200000, 0x0000000086100000| Untracked 
|  98|0x0000000086200000, 0x0000000086200000, 0x0000000086300000|  0%| F|  |TAMS 0x0000000086200000, 0x0000000086200000| Untracked 
|  99|0x0000000086300000, 0x0000000086300000, 0x0000000086400000|  0%| F|  |TAMS 0x0000000086300000, 0x0000000086300000| Untracked 
| 100|0x0000000086400000, 0x0000000086400000, 0x0000000086500000|  0%| F|  |TAMS 0x0000000086400000, 0x0000000086400000| Untracked 
| 101|0x0000000086500000, 0x0000000086600000, 0x0000000086600000|100%| O|  |TAMS 0x0000000086600000, 0x0000000086500000| Untracked 
| 102|0x0000000086600000, 0x0000000086700000, 0x0000000086700000|100%| O|  |TAMS 0x0000000086700000, 0x0000000086600000| Untracked 
| 103|0x0000000086700000, 0x0000000086800000, 0x0000000086800000|100%| O|  |TAMS 0x0000000086800000, 0x0000000086700000| Untracked 
| 104|0x0000000086800000, 0x0000000086900000, 0x0000000086900000|100%| O|  |TAMS 0x0000000086900000, 0x0000000086800000| Untracked 
| 105|0x0000000086900000, 0x0000000086a00000, 0x0000000086a00000|100%| O|  |TAMS 0x0000000086a00000, 0x0000000086900000| Untracked 
| 106|0x0000000086a00000, 0x0000000086b00000, 0x0000000086b00000|100%| O|  |TAMS 0x0000000086b00000, 0x0000000086a00000| Untracked 
| 107|0x0000000086b00000, 0x0000000086c00000, 0x0000000086c00000|100%| O|  |TAMS 0x0000000086c00000, 0x0000000086b00000| Untracked 
| 108|0x0000000086c00000, 0x0000000086c00000, 0x0000000086d00000|  0%| F|  |TAMS 0x0000000086c00000, 0x0000000086c00000| Untracked 
| 109|0x0000000086d00000, 0x0000000086e00000, 0x0000000086e00000|100%| O|  |TAMS 0x0000000086e00000, 0x0000000086d00000| Untracked 
| 110|0x0000000086e00000, 0x0000000086f00000, 0x0000000086f00000|100%| O|  |TAMS 0x0000000086f00000, 0x0000000086e00000| Untracked 
| 111|0x0000000086f00000, 0x0000000087000000, 0x0000000087000000|100%| O|  |TAMS 0x0000000087000000, 0x0000000086f00000| Untracked 
| 112|0x0000000087000000, 0x0000000087100000, 0x0000000087100000|100%| O|  |TAMS 0x0000000087100000, 0x0000000087000000| Untracked 
| 113|0x0000000087100000, 0x0000000087100000, 0x0000000087200000|  0%| F|  |TAMS 0x0000000087100000, 0x0000000087100000| Untracked 
| 114|0x0000000087200000, 0x0000000087200000, 0x0000000087300000|  0%| F|  |TAMS 0x0000000087200000, 0x0000000087200000| Untracked 
| 115|0x0000000087300000, 0x0000000087300000, 0x0000000087400000|  0%| F|  |TAMS 0x0000000087300000, 0x0000000087300000| Untracked 
| 116|0x0000000087400000, 0x0000000087500000, 0x0000000087500000|100%|HS|  |TAMS 0x0000000087500000, 0x0000000087400000| Complete 
| 117|0x0000000087500000, 0x0000000087600000, 0x0000000087600000|100%|HS|  |TAMS 0x0000000087600000, 0x0000000087500000| Complete 
| 118|0x0000000087600000, 0x0000000087700000, 0x0000000087700000|100%|HS|  |TAMS 0x0000000087700000, 0x0000000087600000| Complete 
| 119|0x0000000087700000, 0x0000000087800000, 0x0000000087800000|100%|HC|  |TAMS 0x0000000087800000, 0x0000000087700000| Complete 
| 120|0x0000000087800000, 0x0000000087900000, 0x0000000087900000|100%| O|  |TAMS 0x0000000087900000, 0x0000000087800000| Untracked 
| 121|0x0000000087900000, 0x0000000087a00000, 0x0000000087a00000|100%| O|  |TAMS 0x0000000087a00000, 0x0000000087900000| Untracked 
| 122|0x0000000087a00000, 0x0000000087b00000, 0x0000000087b00000|100%| O|  |TAMS 0x0000000087b00000, 0x0000000087a00000| Untracked 
| 123|0x0000000087b00000, 0x0000000087b00000, 0x0000000087c00000|  0%| F|  |TAMS 0x0000000087b00000, 0x0000000087b00000| Untracked 
| 124|0x0000000087c00000, 0x0000000087c00000, 0x0000000087d00000|  0%| F|  |TAMS 0x0000000087c00000, 0x0000000087c00000| Untracked 
| 125|0x0000000087d00000, 0x0000000087d00000, 0x0000000087e00000|  0%| F|  |TAMS 0x0000000087d00000, 0x0000000087d00000| Untracked 
| 126|0x0000000087e00000, 0x0000000087f00000, 0x0000000087f00000|100%| O|  |TAMS 0x0000000087f00000, 0x0000000087e00000| Untracked 
| 127|0x0000000087f00000, 0x0000000087f00000, 0x0000000088000000|  0%| F|  |TAMS 0x0000000087f00000, 0x0000000087f00000| Untracked 
| 128|0x0000000088000000, 0x0000000088100000, 0x0000000088100000|100%| O|  |TAMS 0x0000000088100000, 0x0000000088000000| Untracked 
| 129|0x0000000088100000, 0x0000000088200000, 0x0000000088200000|100%| O|  |TAMS 0x0000000088200000, 0x0000000088100000| Untracked 
| 130|0x0000000088200000, 0x0000000088300000, 0x0000000088300000|100%| O|  |TAMS 0x0000000088300000, 0x0000000088200000| Untracked 
| 131|0x0000000088300000, 0x0000000088400000, 0x0000000088400000|100%| O|  |TAMS 0x0000000088400000, 0x0000000088300000| Untracked 
| 132|0x0000000088400000, 0x0000000088500000, 0x0000000088500000|100%| O|  |TAMS 0x0000000088500000, 0x0000000088400000| Untracked 
| 133|0x0000000088500000, 0x0000000088600000, 0x0000000088600000|100%| O|  |TAMS 0x0000000088600000, 0x0000000088500000| Untracked 
| 134|0x0000000088600000, 0x0000000088700000, 0x0000000088700000|100%| O|  |TAMS 0x0000000088700000, 0x0000000088600000| Untracked 
| 135|0x0000000088700000, 0x0000000088800000, 0x0000000088800000|100%| O|  |TAMS 0x0000000088800000, 0x0000000088700000| Untracked 
| 136|0x0000000088800000, 0x0000000088900000, 0x0000000088900000|100%| O|  |TAMS 0x0000000088900000, 0x0000000088800000| Untracked 
| 137|0x0000000088900000, 0x0000000088a00000, 0x0000000088a00000|100%| O|  |TAMS 0x0000000088a00000, 0x0000000088900000| Untracked 
| 138|0x0000000088a00000, 0x0000000088b00000, 0x0000000088b00000|100%| O|  |TAMS 0x0000000088b00000, 0x0000000088a00000| Untracked 
| 139|0x0000000088b00000, 0x0000000088c00000, 0x0000000088c00000|100%| O|  |TAMS 0x0000000088c00000, 0x0000000088b00000| Untracked 
| 140|0x0000000088c00000, 0x0000000088c00000, 0x0000000088d00000|  0%| F|  |TAMS 0x0000000088c00000, 0x0000000088c00000| Untracked 
| 141|0x0000000088d00000, 0x0000000088e00000, 0x0000000088e00000|100%| O|  |TAMS 0x0000000088e00000, 0x0000000088d00000| Untracked 
| 142|0x0000000088e00000, 0x0000000088f00000, 0x0000000088f00000|100%| O|  |TAMS 0x0000000088f00000, 0x0000000088e00000| Untracked 
| 143|0x0000000088f00000, 0x0000000089000000, 0x0000000089000000|100%| O|  |TAMS 0x0000000089000000, 0x0000000088f00000| Untracked 
| 144|0x0000000089000000, 0x0000000089100000, 0x0000000089100000|100%| O|  |TAMS 0x0000000089100000, 0x0000000089000000| Untracked 
| 145|0x0000000089100000, 0x0000000089200000, 0x0000000089200000|100%| O|  |TAMS 0x0000000089200000, 0x0000000089100000| Untracked 
| 146|0x0000000089200000, 0x0000000089200000, 0x0000000089300000|  0%| F|  |TAMS 0x0000000089200000, 0x0000000089200000| Untracked 
| 147|0x0000000089300000, 0x0000000089400000, 0x0000000089400000|100%| O|  |TAMS 0x0000000089400000, 0x0000000089300000| Untracked 
| 148|0x0000000089400000, 0x0000000089500000, 0x0000000089500000|100%| O|  |TAMS 0x0000000089500000, 0x0000000089400000| Untracked 
| 149|0x0000000089500000, 0x0000000089600000, 0x0000000089600000|100%| O|  |TAMS 0x0000000089600000, 0x0000000089500000| Untracked 
| 150|0x0000000089600000, 0x0000000089700000, 0x0000000089700000|100%| O|  |TAMS 0x0000000089700000, 0x0000000089600000| Untracked 
| 151|0x0000000089700000, 0x0000000089800000, 0x0000000089800000|100%| O|  |TAMS 0x0000000089800000, 0x0000000089700000| Untracked 
| 152|0x0000000089800000, 0x0000000089900000, 0x0000000089900000|100%| O|  |TAMS 0x0000000089900000, 0x0000000089800000| Untracked 
| 153|0x0000000089900000, 0x0000000089a00000, 0x0000000089a00000|100%| O|  |TAMS 0x0000000089a00000, 0x0000000089900000| Untracked 
| 154|0x0000000089a00000, 0x0000000089b00000, 0x0000000089b00000|100%| O|  |TAMS 0x0000000089b00000, 0x0000000089a00000| Untracked 
| 155|0x0000000089b00000, 0x0000000089c00000, 0x0000000089c00000|100%| O|  |TAMS 0x0000000089c00000, 0x0000000089b00000| Untracked 
| 156|0x0000000089c00000, 0x0000000089d00000, 0x0000000089d00000|100%| O|  |TAMS 0x0000000089d00000, 0x0000000089c00000| Untracked 
| 157|0x0000000089d00000, 0x0000000089e00000, 0x0000000089e00000|100%|HS|  |TAMS 0x0000000089e00000, 0x0000000089d00000| Complete 
| 158|0x0000000089e00000, 0x0000000089f00000, 0x0000000089f00000|100%|HS|  |TAMS 0x0000000089f00000, 0x0000000089e00000| Complete 
| 159|0x0000000089f00000, 0x000000008a000000, 0x000000008a000000|100%|HS|  |TAMS 0x000000008a000000, 0x0000000089f00000| Complete 
| 160|0x000000008a000000, 0x000000008a100000, 0x000000008a100000|100%|HS|  |TAMS 0x000000008a100000, 0x000000008a000000| Complete 
| 161|0x000000008a100000, 0x000000008a200000, 0x000000008a200000|100%|HC|  |TAMS 0x000000008a200000, 0x000000008a100000| Complete 
| 162|0x000000008a200000, 0x000000008a300000, 0x000000008a300000|100%|HC|  |TAMS 0x000000008a300000, 0x000000008a200000| Complete 
| 163|0x000000008a300000, 0x000000008a400000, 0x000000008a400000|100%| O|  |TAMS 0x000000008a400000, 0x000000008a300000| Untracked 
| 164|0x000000008a400000, 0x000000008a500000, 0x000000008a500000|100%| O|  |TAMS 0x000000008a500000, 0x000000008a400000| Untracked 
| 165|0x000000008a500000, 0x000000008a500000, 0x000000008a600000|  0%| F|  |TAMS 0x000000008a500000, 0x000000008a500000| Untracked 
| 166|0x000000008a600000, 0x000000008a600000, 0x000000008a700000|  0%| F|  |TAMS 0x000000008a600000, 0x000000008a600000| Untracked 
| 167|0x000000008a700000, 0x000000008a800000, 0x000000008a800000|100%| O|  |TAMS 0x000000008a800000, 0x000000008a700000| Untracked 
| 168|0x000000008a800000, 0x000000008a800000, 0x000000008a900000|  0%| F|  |TAMS 0x000000008a800000, 0x000000008a800000| Untracked 
| 169|0x000000008a900000, 0x000000008aa00000, 0x000000008aa00000|100%|HS|  |TAMS 0x000000008aa00000, 0x000000008a900000| Complete 
| 170|0x000000008aa00000, 0x000000008ab00000, 0x000000008ab00000|100%|HS|  |TAMS 0x000000008ab00000, 0x000000008aa00000| Complete 
| 171|0x000000008ab00000, 0x000000008ab00000, 0x000000008ac00000|  0%| F|  |TAMS 0x000000008ab00000, 0x000000008ab00000| Untracked 
| 172|0x000000008ac00000, 0x000000008ad00000, 0x000000008ad00000|100%| O|  |TAMS 0x000000008ad00000, 0x000000008ac00000| Untracked 
| 173|0x000000008ad00000, 0x000000008ad00000, 0x000000008ae00000|  0%| F|  |TAMS 0x000000008ad00000, 0x000000008ad00000| Untracked 
| 174|0x000000008ae00000, 0x000000008af00000, 0x000000008af00000|100%| O|  |TAMS 0x000000008af00000, 0x000000008ae00000| Untracked 
| 175|0x000000008af00000, 0x000000008b000000, 0x000000008b000000|100%| O|  |TAMS 0x000000008b000000, 0x000000008af00000| Untracked 
| 176|0x000000008b000000, 0x000000008b100000, 0x000000008b100000|100%| O|  |TAMS 0x000000008b100000, 0x000000008b000000| Untracked 
| 177|0x000000008b100000, 0x000000008b200000, 0x000000008b200000|100%| O|  |TAMS 0x000000008b200000, 0x000000008b100000| Untracked 
| 178|0x000000008b200000, 0x000000008b300000, 0x000000008b300000|100%| O|  |TAMS 0x000000008b300000, 0x000000008b200000| Untracked 
| 179|0x000000008b300000, 0x000000008b400000, 0x000000008b400000|100%| O|  |TAMS 0x000000008b400000, 0x000000008b300000| Untracked 
| 180|0x000000008b400000, 0x000000008b400000, 0x000000008b500000|  0%| F|  |TAMS 0x000000008b400000, 0x000000008b400000| Untracked 
| 181|0x000000008b500000, 0x000000008b500000, 0x000000008b600000|  0%| F|  |TAMS 0x000000008b500000, 0x000000008b500000| Untracked 
| 182|0x000000008b600000, 0x000000008b700000, 0x000000008b700000|100%| O|  |TAMS 0x000000008b700000, 0x000000008b600000| Untracked 
| 183|0x000000008b700000, 0x000000008b800000, 0x000000008b800000|100%| O|  |TAMS 0x000000008b800000, 0x000000008b700000| Untracked 
| 184|0x000000008b800000, 0x000000008b800000, 0x000000008b900000|  0%| F|  |TAMS 0x000000008b800000, 0x000000008b800000| Untracked 
| 185|0x000000008b900000, 0x000000008ba00000, 0x000000008ba00000|100%| O|  |TAMS 0x000000008ba00000, 0x000000008b900000| Untracked 
| 186|0x000000008ba00000, 0x000000008bb00000, 0x000000008bb00000|100%| O|  |TAMS 0x000000008bb00000, 0x000000008ba00000| Untracked 
| 187|0x000000008bb00000, 0x000000008bb00000, 0x000000008bc00000|  0%| F|  |TAMS 0x000000008bb00000, 0x000000008bb00000| Untracked 
| 188|0x000000008bc00000, 0x000000008bd00000, 0x000000008bd00000|100%|HS|  |TAMS 0x000000008bd00000, 0x000000008bc00000| Complete 
| 189|0x000000008bd00000, 0x000000008be00000, 0x000000008be00000|100%| O|  |TAMS 0x000000008be00000, 0x000000008bd00000| Untracked 
| 190|0x000000008be00000, 0x000000008bf00000, 0x000000008bf00000|100%| O|  |TAMS 0x000000008bf00000, 0x000000008be00000| Untracked 
| 191|0x000000008bf00000, 0x000000008c000000, 0x000000008c000000|100%| O|  |TAMS 0x000000008c000000, 0x000000008bf00000| Untracked 
| 192|0x000000008c000000, 0x000000008c000000, 0x000000008c100000|  0%| F|  |TAMS 0x000000008c000000, 0x000000008c000000| Untracked 
| 193|0x000000008c100000, 0x000000008c200000, 0x000000008c200000|100%| O|  |TAMS 0x000000008c200000, 0x000000008c100000| Untracked 
| 194|0x000000008c200000, 0x000000008c300000, 0x000000008c300000|100%| O|  |TAMS 0x000000008c300000, 0x000000008c200000| Untracked 
| 195|0x000000008c300000, 0x000000008c300000, 0x000000008c400000|  0%| F|  |TAMS 0x000000008c300000, 0x000000008c300000| Untracked 
| 196|0x000000008c400000, 0x000000008c500000, 0x000000008c500000|100%| O|  |TAMS 0x000000008c500000, 0x000000008c400000| Untracked 
| 197|0x000000008c500000, 0x000000008c600000, 0x000000008c600000|100%| O|  |TAMS 0x000000008c600000, 0x000000008c500000| Untracked 
| 198|0x000000008c600000, 0x000000008c700000, 0x000000008c700000|100%| O|  |TAMS 0x000000008c700000, 0x000000008c600000| Untracked 
| 199|0x000000008c700000, 0x000000008c800000, 0x000000008c800000|100%| O|  |TAMS 0x000000008c800000, 0x000000008c700000| Untracked 
| 200|0x000000008c800000, 0x000000008c900000, 0x000000008c900000|100%| O|  |TAMS 0x000000008c900000, 0x000000008c800000| Untracked 
| 201|0x000000008c900000, 0x000000008ca00000, 0x000000008ca00000|100%| O|  |TAMS 0x000000008ca00000, 0x000000008c900000| Untracked 
| 202|0x000000008ca00000, 0x000000008cb00000, 0x000000008cb00000|100%| O|  |TAMS 0x000000008cb00000, 0x000000008ca00000| Untracked 
| 203|0x000000008cb00000, 0x000000008cc00000, 0x000000008cc00000|100%| O|  |TAMS 0x000000008cc00000, 0x000000008cb00000| Untracked 
| 204|0x000000008cc00000, 0x000000008cc00000, 0x000000008cd00000|  0%| F|  |TAMS 0x000000008cc00000, 0x000000008cc00000| Untracked 
| 205|0x000000008cd00000, 0x000000008ce00000, 0x000000008ce00000|100%| O|  |TAMS 0x000000008cd00000, 0x000000008cd00000| Untracked 
| 206|0x000000008ce00000, 0x000000008cf00000, 0x000000008cf00000|100%| O|  |TAMS 0x000000008ce00000, 0x000000008ce00000| Untracked 
| 207|0x000000008cf00000, 0x000000008d000000, 0x000000008d000000|100%| O|  |TAMS 0x000000008cf00000, 0x000000008cf00000| Untracked 
| 208|0x000000008d000000, 0x000000008d100000, 0x000000008d100000|100%| O|  |TAMS 0x000000008d000000, 0x000000008d000000| Untracked 
| 209|0x000000008d100000, 0x000000008d200000, 0x000000008d200000|100%| O|  |TAMS 0x000000008d100000, 0x000000008d100000| Untracked 
| 210|0x000000008d200000, 0x000000008d300000, 0x000000008d300000|100%| O|  |TAMS 0x000000008d200000, 0x000000008d200000| Untracked 
| 211|0x000000008d300000, 0x000000008d400000, 0x000000008d400000|100%| O|  |TAMS 0x000000008d300000, 0x000000008d300000| Untracked 
| 212|0x000000008d400000, 0x000000008d400000, 0x000000008d500000|  0%| F|  |TAMS 0x000000008d400000, 0x000000008d400000| Untracked 
| 213|0x000000008d500000, 0x000000008d500000, 0x000000008d600000|  0%| F|  |TAMS 0x000000008d500000, 0x000000008d500000| Untracked 
| 214|0x000000008d600000, 0x000000008d600000, 0x000000008d700000|  0%| F|  |TAMS 0x000000008d600000, 0x000000008d600000| Untracked 
| 215|0x000000008d700000, 0x000000008d700000, 0x000000008d800000|  0%| F|  |TAMS 0x000000008d700000, 0x000000008d700000| Untracked 
| 216|0x000000008d800000, 0x000000008d800000, 0x000000008d900000|  0%| F|  |TAMS 0x000000008d800000, 0x000000008d800000| Untracked 
| 217|0x000000008d900000, 0x000000008d900000, 0x000000008da00000|  0%| F|  |TAMS 0x000000008d900000, 0x000000008d900000| Untracked 
| 218|0x000000008da00000, 0x000000008da00000, 0x000000008db00000|  0%| F|  |TAMS 0x000000008da00000, 0x000000008da00000| Untracked 
| 219|0x000000008db00000, 0x000000008db00000, 0x000000008dc00000|  0%| F|  |TAMS 0x000000008db00000, 0x000000008db00000| Untracked 
| 220|0x000000008dc00000, 0x000000008dc00000, 0x000000008dd00000|  0%| F|  |TAMS 0x000000008dc00000, 0x000000008dc00000| Untracked 
| 221|0x000000008dd00000, 0x000000008dd00000, 0x000000008de00000|  0%| F|  |TAMS 0x000000008dd00000, 0x000000008dd00000| Untracked 
| 222|0x000000008de00000, 0x000000008de00000, 0x000000008df00000|  0%| F|  |TAMS 0x000000008de00000, 0x000000008de00000| Untracked 
| 223|0x000000008df00000, 0x000000008df00000, 0x000000008e000000|  0%| F|  |TAMS 0x000000008df00000, 0x000000008df00000| Untracked 
| 224|0x000000008e000000, 0x000000008e000000, 0x000000008e100000|  0%| F|  |TAMS 0x000000008e000000, 0x000000008e000000| Untracked 
| 225|0x000000008e100000, 0x000000008e100000, 0x000000008e200000|  0%| F|  |TAMS 0x000000008e100000, 0x000000008e100000| Untracked 
| 226|0x000000008e200000, 0x000000008e200000, 0x000000008e300000|  0%| F|  |TAMS 0x000000008e200000, 0x000000008e200000| Untracked 
| 227|0x000000008e300000, 0x000000008e300000, 0x000000008e400000|  0%| F|  |TAMS 0x000000008e300000, 0x000000008e300000| Untracked 
| 228|0x000000008e400000, 0x000000008e400000, 0x000000008e500000|  0%| F|  |TAMS 0x000000008e400000, 0x000000008e400000| Untracked 
| 229|0x000000008e500000, 0x000000008e500000, 0x000000008e600000|  0%| F|  |TAMS 0x000000008e500000, 0x000000008e500000| Untracked 
| 230|0x000000008e600000, 0x000000008e600000, 0x000000008e700000|  0%| F|  |TAMS 0x000000008e600000, 0x000000008e600000| Untracked 
| 231|0x000000008e700000, 0x000000008e700000, 0x000000008e800000|  0%| F|  |TAMS 0x000000008e700000, 0x000000008e700000| Untracked 
| 232|0x000000008e800000, 0x000000008e800000, 0x000000008e900000|  0%| F|  |TAMS 0x000000008e800000, 0x000000008e800000| Untracked 
| 233|0x000000008e900000, 0x000000008e900000, 0x000000008ea00000|  0%| F|  |TAMS 0x000000008e900000, 0x000000008e900000| Untracked 
| 234|0x000000008ea00000, 0x000000008ea00000, 0x000000008eb00000|  0%| F|  |TAMS 0x000000008ea00000, 0x000000008ea00000| Untracked 
| 235|0x000000008eb00000, 0x000000008eb00000, 0x000000008ec00000|  0%| F|  |TAMS 0x000000008eb00000, 0x000000008eb00000| Untracked 
| 236|0x000000008ec00000, 0x000000008ec00000, 0x000000008ed00000|  0%| F|  |TAMS 0x000000008ec00000, 0x000000008ec00000| Untracked 
| 237|0x000000008ed00000, 0x000000008ed00000, 0x000000008ee00000|  0%| F|  |TAMS 0x000000008ed00000, 0x000000008ed00000| Untracked 
| 238|0x000000008ee00000, 0x000000008ee00000, 0x000000008ef00000|  0%| F|  |TAMS 0x000000008ee00000, 0x000000008ee00000| Untracked 
| 239|0x000000008ef00000, 0x000000008ef00000, 0x000000008f000000|  0%| F|  |TAMS 0x000000008ef00000, 0x000000008ef00000| Untracked 
| 240|0x000000008f000000, 0x000000008f000000, 0x000000008f100000|  0%| F|  |TAMS 0x000000008f000000, 0x000000008f000000| Untracked 
| 241|0x000000008f100000, 0x000000008f100000, 0x000000008f200000|  0%| F|  |TAMS 0x000000008f100000, 0x000000008f100000| Untracked 
| 242|0x000000008f200000, 0x000000008f200000, 0x000000008f300000|  0%| F|  |TAMS 0x000000008f200000, 0x000000008f200000| Untracked 
| 243|0x000000008f300000, 0x000000008f300000, 0x000000008f400000|  0%| F|  |TAMS 0x000000008f300000, 0x000000008f300000| Untracked 
| 244|0x000000008f400000, 0x000000008f400000, 0x000000008f500000|  0%| F|  |TAMS 0x000000008f400000, 0x000000008f400000| Untracked 
| 245|0x000000008f500000, 0x000000008f600000, 0x000000008f600000|100%| E|  |TAMS 0x000000008f500000, 0x000000008f500000| Complete 
| 246|0x000000008f600000, 0x000000008f700000, 0x000000008f700000|100%| E|CS|TAMS 0x000000008f600000, 0x000000008f600000| Complete 
| 247|0x000000008f700000, 0x000000008f800000, 0x000000008f800000|100%| E|CS|TAMS 0x000000008f700000, 0x000000008f700000| Complete 
| 248|0x000000008f800000, 0x000000008f900000, 0x000000008f900000|100%| E|CS|TAMS 0x000000008f800000, 0x000000008f800000| Complete 
| 249|0x000000008f900000, 0x000000008fa00000, 0x000000008fa00000|100%| E|CS|TAMS 0x000000008f900000, 0x000000008f900000| Complete 
| 250|0x000000008fa00000, 0x000000008fb00000, 0x000000008fb00000|100%| E|CS|TAMS 0x000000008fa00000, 0x000000008fa00000| Complete 
| 251|0x000000008fb00000, 0x000000008fc00000, 0x000000008fc00000|100%| E|CS|TAMS 0x000000008fb00000, 0x000000008fb00000| Complete 
| 252|0x000000008fc00000, 0x000000008fd00000, 0x000000008fd00000|100%| E|CS|TAMS 0x000000008fc00000, 0x000000008fc00000| Complete 
| 253|0x000000008fd00000, 0x000000008fe00000, 0x000000008fe00000|100%| E|CS|TAMS 0x000000008fd00000, 0x000000008fd00000| Complete 
| 254|0x000000008fe00000, 0x000000008ff00000, 0x000000008ff00000|100%| E|CS|TAMS 0x000000008fe00000, 0x000000008fe00000| Complete 
| 255|0x000000008ff00000, 0x0000000090000000, 0x0000000090000000|100%| E|CS|TAMS 0x000000008ff00000, 0x000000008ff00000| Complete 
| 256|0x0000000090000000, 0x0000000090100000, 0x0000000090100000|100%| E|CS|TAMS 0x0000000090000000, 0x0000000090000000| Complete 
| 257|0x0000000090100000, 0x0000000090200000, 0x0000000090200000|100%| E|CS|TAMS 0x0000000090100000, 0x0000000090100000| Complete 
| 258|0x0000000090200000, 0x0000000090300000, 0x0000000090300000|100%| E|CS|TAMS 0x0000000090200000, 0x0000000090200000| Complete 
| 259|0x0000000090300000, 0x0000000090400000, 0x0000000090400000|100%| E|CS|TAMS 0x0000000090300000, 0x0000000090300000| Complete 
| 260|0x0000000090400000, 0x0000000090500000, 0x0000000090500000|100%| E|CS|TAMS 0x0000000090400000, 0x0000000090400000| Complete 
| 261|0x0000000090500000, 0x0000000090600000, 0x0000000090600000|100%| E|CS|TAMS 0x0000000090500000, 0x0000000090500000| Complete 
| 262|0x0000000090600000, 0x0000000090700000, 0x0000000090700000|100%| E|CS|TAMS 0x0000000090600000, 0x0000000090600000| Complete 
| 263|0x0000000090700000, 0x0000000090800000, 0x0000000090800000|100%| E|CS|TAMS 0x0000000090700000, 0x0000000090700000| Complete 
| 264|0x0000000090800000, 0x0000000090900000, 0x0000000090900000|100%| E|CS|TAMS 0x0000000090800000, 0x0000000090800000| Complete 
| 265|0x0000000090900000, 0x0000000090a00000, 0x0000000090a00000|100%| E|CS|TAMS 0x0000000090900000, 0x0000000090900000| Complete 
| 266|0x0000000090a00000, 0x0000000090b00000, 0x0000000090b00000|100%| E|CS|TAMS 0x0000000090a00000, 0x0000000090a00000| Complete 
| 267|0x0000000090b00000, 0x0000000090c00000, 0x0000000090c00000|100%| E|CS|TAMS 0x0000000090b00000, 0x0000000090b00000| Complete 
| 268|0x0000000090c00000, 0x0000000090d00000, 0x0000000090d00000|100%| E|CS|TAMS 0x0000000090c00000, 0x0000000090c00000| Complete 
| 269|0x0000000090d00000, 0x0000000090e00000, 0x0000000090e00000|100%| E|CS|TAMS 0x0000000090d00000, 0x0000000090d00000| Complete 
| 270|0x0000000090e00000, 0x0000000090f00000, 0x0000000090f00000|100%| E|CS|TAMS 0x0000000090e00000, 0x0000000090e00000| Complete 
| 271|0x0000000090f00000, 0x0000000091000000, 0x0000000091000000|100%| E|CS|TAMS 0x0000000090f00000, 0x0000000090f00000| Complete 
| 272|0x0000000091000000, 0x0000000091100000, 0x0000000091100000|100%| E|CS|TAMS 0x0000000091000000, 0x0000000091000000| Complete 
| 273|0x0000000091100000, 0x0000000091200000, 0x0000000091200000|100%| E|CS|TAMS 0x0000000091100000, 0x0000000091100000| Complete 
| 274|0x0000000091200000, 0x0000000091300000, 0x0000000091300000|100%| E|CS|TAMS 0x0000000091200000, 0x0000000091200000| Complete 
| 275|0x0000000091300000, 0x0000000091400000, 0x0000000091400000|100%| E|CS|TAMS 0x0000000091300000, 0x0000000091300000| Complete 
| 276|0x0000000091400000, 0x0000000091500000, 0x0000000091500000|100%| E|CS|TAMS 0x0000000091400000, 0x0000000091400000| Complete 
| 277|0x0000000091500000, 0x0000000091600000, 0x0000000091600000|100%| E|CS|TAMS 0x0000000091500000, 0x0000000091500000| Complete 
| 278|0x0000000091600000, 0x0000000091700000, 0x0000000091700000|100%| E|CS|TAMS 0x0000000091600000, 0x0000000091600000| Complete 
| 279|0x0000000091700000, 0x0000000091800000, 0x0000000091800000|100%| E|CS|TAMS 0x0000000091700000, 0x0000000091700000| Complete 
| 280|0x0000000091800000, 0x0000000091900000, 0x0000000091900000|100%| E|CS|TAMS 0x0000000091800000, 0x0000000091800000| Complete 
| 281|0x0000000091900000, 0x0000000091a00000, 0x0000000091a00000|100%| E|CS|TAMS 0x0000000091900000, 0x0000000091900000| Complete 
| 282|0x0000000091a00000, 0x0000000091b00000, 0x0000000091b00000|100%| E|CS|TAMS 0x0000000091a00000, 0x0000000091a00000| Complete 
| 283|0x0000000091b00000, 0x0000000091c00000, 0x0000000091c00000|100%| E|CS|TAMS 0x0000000091b00000, 0x0000000091b00000| Complete 
| 284|0x0000000091c00000, 0x0000000091d00000, 0x0000000091d00000|100%| E|CS|TAMS 0x0000000091c00000, 0x0000000091c00000| Complete 
| 285|0x0000000091d00000, 0x0000000091e00000, 0x0000000091e00000|100%| E|CS|TAMS 0x0000000091d00000, 0x0000000091d00000| Complete 
| 286|0x0000000091e00000, 0x0000000091f00000, 0x0000000091f00000|100%| E|CS|TAMS 0x0000000091e00000, 0x0000000091e00000| Complete 
| 287|0x0000000091f00000, 0x0000000092000000, 0x0000000092000000|100%| E|CS|TAMS 0x0000000091f00000, 0x0000000091f00000| Complete 
| 288|0x0000000092000000, 0x0000000092100000, 0x0000000092100000|100%| E|CS|TAMS 0x0000000092000000, 0x0000000092000000| Complete 
| 289|0x0000000092100000, 0x0000000092200000, 0x0000000092200000|100%| E|CS|TAMS 0x0000000092100000, 0x0000000092100000| Complete 
| 290|0x0000000092200000, 0x0000000092300000, 0x0000000092300000|100%| E|CS|TAMS 0x0000000092200000, 0x0000000092200000| Complete 
| 291|0x0000000092300000, 0x0000000092400000, 0x0000000092400000|100%| E|CS|TAMS 0x0000000092300000, 0x0000000092300000| Complete 
| 292|0x0000000092400000, 0x0000000092500000, 0x0000000092500000|100%| E|CS|TAMS 0x0000000092400000, 0x0000000092400000| Complete 
| 293|0x0000000092500000, 0x0000000092600000, 0x0000000092600000|100%| E|CS|TAMS 0x0000000092500000, 0x0000000092500000| Complete 
| 294|0x0000000092600000, 0x0000000092700000, 0x0000000092700000|100%| E|CS|TAMS 0x0000000092600000, 0x0000000092600000| Complete 
| 295|0x0000000092700000, 0x0000000092800000, 0x0000000092800000|100%| E|CS|TAMS 0x0000000092700000, 0x0000000092700000| Complete 
| 296|0x0000000092800000, 0x0000000092900000, 0x0000000092900000|100%| E|CS|TAMS 0x0000000092800000, 0x0000000092800000| Complete 
| 297|0x0000000092900000, 0x0000000092a00000, 0x0000000092a00000|100%| E|CS|TAMS 0x0000000092900000, 0x0000000092900000| Complete 
| 298|0x0000000092a00000, 0x0000000092b00000, 0x0000000092b00000|100%| E|CS|TAMS 0x0000000092a00000, 0x0000000092a00000| Complete 
| 299|0x0000000092b00000, 0x0000000092c00000, 0x0000000092c00000|100%| E|CS|TAMS 0x0000000092b00000, 0x0000000092b00000| Complete 
| 300|0x0000000092c00000, 0x0000000092d00000, 0x0000000092d00000|100%| E|CS|TAMS 0x0000000092c00000, 0x0000000092c00000| Complete 
| 301|0x0000000092d00000, 0x0000000092e00000, 0x0000000092e00000|100%| E|CS|TAMS 0x0000000092d00000, 0x0000000092d00000| Complete 
| 302|0x0000000092e00000, 0x0000000092f00000, 0x0000000092f00000|100%| E|CS|TAMS 0x0000000092e00000, 0x0000000092e00000| Complete 
| 303|0x0000000092f00000, 0x0000000093000000, 0x0000000093000000|100%| E|CS|TAMS 0x0000000092f00000, 0x0000000092f00000| Complete 
| 304|0x0000000093000000, 0x0000000093100000, 0x0000000093100000|100%| E|CS|TAMS 0x0000000093000000, 0x0000000093000000| Complete 
| 305|0x0000000093100000, 0x0000000093200000, 0x0000000093200000|100%| E|CS|TAMS 0x0000000093100000, 0x0000000093100000| Complete 
| 306|0x0000000093200000, 0x0000000093300000, 0x0000000093300000|100%| E|CS|TAMS 0x0000000093200000, 0x0000000093200000| Complete 
| 307|0x0000000093300000, 0x0000000093400000, 0x0000000093400000|100%| E|CS|TAMS 0x0000000093300000, 0x0000000093300000| Complete 
| 308|0x0000000093400000, 0x0000000093500000, 0x0000000093500000|100%| E|CS|TAMS 0x0000000093400000, 0x0000000093400000| Complete 
| 309|0x0000000093500000, 0x0000000093600000, 0x0000000093600000|100%| E|CS|TAMS 0x0000000093500000, 0x0000000093500000| Complete 
| 310|0x0000000093600000, 0x0000000093700000, 0x0000000093700000|100%| E|CS|TAMS 0x0000000093600000, 0x0000000093600000| Complete 
| 311|0x0000000093700000, 0x0000000093800000, 0x0000000093800000|100%| E|CS|TAMS 0x0000000093700000, 0x0000000093700000| Complete 
| 312|0x0000000093800000, 0x0000000093900000, 0x0000000093900000|100%| E|CS|TAMS 0x0000000093800000, 0x0000000093800000| Complete 
| 313|0x0000000093900000, 0x0000000093a00000, 0x0000000093a00000|100%| E|CS|TAMS 0x0000000093900000, 0x0000000093900000| Complete 
| 314|0x0000000093a00000, 0x0000000093b00000, 0x0000000093b00000|100%| E|CS|TAMS 0x0000000093a00000, 0x0000000093a00000| Complete 
| 315|0x0000000093b00000, 0x0000000093c00000, 0x0000000093c00000|100%| E|CS|TAMS 0x0000000093b00000, 0x0000000093b00000| Complete 
| 316|0x0000000093c00000, 0x0000000093d00000, 0x0000000093d00000|100%| E|CS|TAMS 0x0000000093c00000, 0x0000000093c00000| Complete 
| 317|0x0000000093d00000, 0x0000000093e00000, 0x0000000093e00000|100%| E|CS|TAMS 0x0000000093d00000, 0x0000000093d00000| Complete 
| 318|0x0000000093e00000, 0x0000000093f00000, 0x0000000093f00000|100%| E|CS|TAMS 0x0000000093e00000, 0x0000000093e00000| Complete 
| 319|0x0000000093f00000, 0x0000000094000000, 0x0000000094000000|100%| S|CS|TAMS 0x0000000093f00000, 0x0000000093f00000| Complete 
| 320|0x0000000094000000, 0x0000000094100000, 0x0000000094100000|100%| S|CS|TAMS 0x0000000094000000, 0x0000000094000000| Complete 
| 321|0x0000000094100000, 0x0000000094200000, 0x0000000094200000|100%| E|CS|TAMS 0x0000000094100000, 0x0000000094100000| Complete 
| 322|0x0000000094200000, 0x0000000094300000, 0x0000000094300000|100%| E|CS|TAMS 0x0000000094200000, 0x0000000094200000| Complete 
| 323|0x0000000094300000, 0x0000000094400000, 0x0000000094400000|100%| E|CS|TAMS 0x0000000094300000, 0x0000000094300000| Complete 
| 324|0x0000000094400000, 0x0000000094500000, 0x0000000094500000|100%| E|CS|TAMS 0x0000000094400000, 0x0000000094400000| Complete 
| 325|0x0000000094500000, 0x0000000094600000, 0x0000000094600000|100%| E|CS|TAMS 0x0000000094500000, 0x0000000094500000| Complete 
| 326|0x0000000094600000, 0x0000000094700000, 0x0000000094700000|100%| E|CS|TAMS 0x0000000094600000, 0x0000000094600000| Complete 
| 327|0x0000000094700000, 0x0000000094800000, 0x0000000094800000|100%| E|CS|TAMS 0x0000000094700000, 0x0000000094700000| Complete 
| 328|0x0000000094800000, 0x0000000094900000, 0x0000000094900000|100%| E|CS|TAMS 0x0000000094800000, 0x0000000094800000| Complete 
| 329|0x0000000094900000, 0x0000000094a00000, 0x0000000094a00000|100%| E|CS|TAMS 0x0000000094900000, 0x0000000094900000| Complete 
| 330|0x0000000094a00000, 0x0000000094b00000, 0x0000000094b00000|100%| E|CS|TAMS 0x0000000094a00000, 0x0000000094a00000| Complete 
| 331|0x0000000094b00000, 0x0000000094c00000, 0x0000000094c00000|100%| E|CS|TAMS 0x0000000094b00000, 0x0000000094b00000| Complete 
| 332|0x0000000094c00000, 0x0000000094d00000, 0x0000000094d00000|100%| E|CS|TAMS 0x0000000094c00000, 0x0000000094c00000| Complete 
| 333|0x0000000094d00000, 0x0000000094e00000, 0x0000000094e00000|100%| E|CS|TAMS 0x0000000094d00000, 0x0000000094d00000| Complete 
| 334|0x0000000094e00000, 0x0000000094f00000, 0x0000000094f00000|100%| E|CS|TAMS 0x0000000094e00000, 0x0000000094e00000| Complete 

Card table byte_map: [0x000001ba7f6b0000,0x000001ba7fab0000] _byte_map_base: 0x000001ba7f2b0000

Marking Bits (Prev, Next): (CMBitMap*) 0x000001ba77e8d080, (CMBitMap*) 0x000001ba77e8d040
 Prev Bits: [0x000001ba11000000, 0x000001ba13000000)
 Next Bits: [0x000001ba0f000000, 0x000001ba11000000)

Polling page: 0x000001ba75d70000

Metaspace:

Usage:
  Non-class:    100.07 MB used.
      Class:     15.40 MB used.
       Both:    115.47 MB used.

Virtual space:
  Non-class space:      104.00 MB reserved,     100.81 MB ( 97%) committed,  13 nodes.
      Class space:      412.00 MB reserved,      16.00 MB (  4%) committed,  1 nodes.
             Both:      516.00 MB reserved,     116.81 MB ( 23%) committed. 

Chunk freelists:
   Non-Class:  3.08 MB
       Class:  3.92 MB
        Both:  7.00 MB

MaxMetaspaceSize: 512.00 MB
CompressedClassSpaceSize: 412.00 MB
Initial GC threshold: 21.00 MB
Current GC threshold: 180.75 MB
CDS: on
MetaspaceReclaimPolicy: balanced
 - commit_granule_bytes: 65536.
 - commit_granule_words: 8192.
 - virtual_space_node_default_size: 1048576.
 - enlarge_chunks_in_place: 1.
 - new_chunks_are_fully_committed: 0.
 - uncommit_free_chunks: 1.
 - use_allocation_guard: 0.
 - handle_deallocations: 1.


Internal statistics:

num_allocs_failed_limit: 6.
num_arena_births: 1528.
num_arena_deaths: 0.
num_vsnodes_births: 14.
num_vsnodes_deaths: 0.
num_space_committed: 1869.
num_space_uncommitted: 0.
num_chunks_returned_to_freelist: 6.
num_chunks_taken_from_freelist: 6432.
num_chunk_merges: 6.
num_chunk_splits: 4232.
num_chunks_enlarged: 2768.
num_purges: 0.
num_inconsistent_stats: 0.

CodeHeap 'non-profiled nmethods': size=120064Kb used=8977Kb max_used=8977Kb free=111087Kb
 bounds [0x000001ba07ac0000, 0x000001ba08390000, 0x000001ba0f000000]
CodeHeap 'profiled nmethods': size=120000Kb used=30257Kb max_used=30257Kb free=89742Kb
 bounds [0x000001ba00590000, 0x000001ba02320000, 0x000001ba07ac0000]
CodeHeap 'non-nmethods': size=5696Kb used=2466Kb max_used=2532Kb free=3229Kb
 bounds [0x000001ba00000000, 0x000001ba00290000, 0x000001ba00590000]
 total_blobs=15608 nmethods=14589 adapters=931
 compilation: enabled
              stopped_count=0, restarted_count=0
 full_count=0

Compilation events (20 events):
Event: 122.479 Thread 0x000001ba15284470 16985   !   2       jdk.proxy1.$Proxy4::pn (29 bytes)
Event: 122.479 Thread 0x000001ba15284470 nmethod 16985 0x000001ba02313090 code [0x000001ba02313240, 0x000001ba023134b8]
Event: 122.479 Thread 0x000001ba15284470 16986   !   2       jdk.proxy1.$Proxy4::k (32 bytes)
Event: 122.479 Thread 0x000001ba15284470 nmethod 16986 0x000001ba02313610 code [0x000001ba023137c0, 0x000001ba02313a58]
Event: 122.479 Thread 0x000001ba15284470 16987   !   2       jdk.proxy1.$Proxy4::mv (29 bytes)
Event: 122.479 Thread 0x000001ba15284470 nmethod 16987 0x000001ba02313c10 code [0x000001ba02313dc0, 0x000001ba02314038]
Event: 122.479 Thread 0x000001ba15284470 16988   !   2       jdk.proxy1.$Proxy4::d1 (29 bytes)
Event: 122.479 Thread 0x000001ba15284470 nmethod 16988 0x000001ba02314190 code [0x000001ba02314340, 0x000001ba023145b8]
Event: 122.480 Thread 0x000001ba15284470 16989   !   2       jdk.proxy1.$Proxy4::d2 (29 bytes)
Event: 122.480 Thread 0x000001ba15284470 nmethod 16989 0x000001ba02314710 code [0x000001ba023148c0, 0x000001ba02314b38]
Event: 122.480 Thread 0x000001ba15284470 16990   !   2       jdk.proxy1.$Proxy4::bv (29 bytes)
Event: 122.480 Thread 0x000001ba15284470 nmethod 16990 0x000001ba02314c90 code [0x000001ba02314e40, 0x000001ba023150b8]
Event: 122.480 Thread 0x000001ba15284470 16991   !   2       jdk.proxy1.$Proxy4::xi (32 bytes)
Event: 122.480 Thread 0x000001ba15284470 nmethod 16991 0x000001ba02315210 code [0x000001ba023153c0, 0x000001ba02315658]
Event: 122.480 Thread 0x000001ba15284470 16992   !   2       jdk.proxy1.$Proxy4::xs (29 bytes)
Event: 122.480 Thread 0x000001ba15284470 nmethod 16992 0x000001ba02315810 code [0x000001ba023159c0, 0x000001ba02315c38]
Event: 122.489 Thread 0x000001ba15284470 16993       2       java.math.MutableBigInteger::divide (8 bytes)
Event: 122.490 Thread 0x000001ba15284470 nmethod 16993 0x000001ba02315d90 code [0x000001ba02315f20, 0x000001ba02316048]
Event: 122.490 Thread 0x000001ba15284470 16994       2       java.util.Stack::<init> (5 bytes)
Event: 122.490 Thread 0x000001ba15284470 nmethod 16994 0x000001ba02316110 code [0x000001ba023162a0, 0x000001ba023163c8]

GC Heap History (20 events):
Event: 112.190 GC heap before
{Heap before GC invocations=58 (full 0):
 garbage-first heap   total 265216K, used 218624K [0x0000000080000000, 0x0000000100000000)
  region size 1024K, 43 young (44032K), 7 survivors (7168K)
 Metaspace       used 97980K, committed 99072K, reserved 512000K
  class space    used 13208K, committed 13696K, reserved 421888K
}
Event: 112.222 GC heap after
{Heap after GC invocations=59 (full 0):
 garbage-first heap   total 265216K, used 190976K [0x0000000080000000, 0x0000000100000000)
  region size 1024K, 6 young (6144K), 6 survivors (6144K)
 Metaspace       used 97980K, committed 99072K, reserved 512000K
  class space    used 13208K, committed 13696K, reserved 421888K
}
Event: 113.294 GC heap before
{Heap before GC invocations=59 (full 0):
 garbage-first heap   total 265216K, used 219648K [0x0000000080000000, 0x0000000100000000)
  region size 1024K, 34 young (34816K), 6 survivors (6144K)
 Metaspace       used 100109K, committed 101312K, reserved 512000K
  class space    used 13484K, committed 14016K, reserved 421888K
}
Event: 113.312 GC heap after
{Heap after GC invocations=60 (full 0):
 garbage-first heap   total 265216K, used 195882K [0x0000000080000000, 0x0000000100000000)
  region size 1024K, 4 young (4096K), 4 survivors (4096K)
 Metaspace       used 100109K, committed 101312K, reserved 512000K
  class space    used 13484K, committed 14016K, reserved 421888K
}
Event: 113.993 GC heap before
{Heap before GC invocations=60 (full 0):
 garbage-first heap   total 265216K, used 223530K [0x0000000080000000, 0x0000000100000000)
  region size 1024K, 31 young (31744K), 4 survivors (4096K)
 Metaspace       used 101497K, committed 102720K, reserved 512000K
  class space    used 13662K, committed 14208K, reserved 421888K
}
Event: 114.006 GC heap after
{Heap after GC invocations=61 (full 0):
 garbage-first heap   total 265216K, used 201533K [0x0000000080000000, 0x0000000100000000)
  region size 1024K, 4 young (4096K), 4 survivors (4096K)
 Metaspace       used 101497K, committed 102720K, reserved 512000K
  class space    used 13662K, committed 14208K, reserved 421888K
}
Event: 114.881 GC heap before
{Heap before GC invocations=61 (full 0):
 garbage-first heap   total 265216K, used 225085K [0x0000000080000000, 0x0000000100000000)
  region size 1024K, 27 young (27648K), 4 survivors (4096K)
 Metaspace       used 102834K, committed 104064K, reserved 520192K
  class space    used 13842K, committed 14400K, reserved 421888K
}
Event: 114.895 GC heap after
{Heap after GC invocations=62 (full 0):
 garbage-first heap   total 265216K, used 205824K [0x0000000080000000, 0x0000000100000000)
  region size 1024K, 4 young (4096K), 4 survivors (4096K)
 Metaspace       used 102834K, committed 104064K, reserved 520192K
  class space    used 13842K, committed 14400K, reserved 421888K
}
Event: 115.400 GC heap before
{Heap before GC invocations=62 (full 0):
 garbage-first heap   total 265216K, used 226304K [0x0000000080000000, 0x0000000100000000)
  region size 1024K, 24 young (24576K), 4 survivors (4096K)
 Metaspace       used 104035K, committed 105280K, reserved 520192K
  class space    used 13992K, committed 14528K, reserved 421888K
}
Event: 115.412 GC heap after
{Heap after GC invocations=63 (full 0):
 garbage-first heap   total 265216K, used 207872K [0x0000000080000000, 0x0000000100000000)
  region size 1024K, 2 young (2048K), 2 survivors (2048K)
 Metaspace       used 104035K, committed 105280K, reserved 520192K
  class space    used 13992K, committed 14528K, reserved 421888K
}
Event: 116.521 GC heap before
{Heap before GC invocations=63 (full 0):
 garbage-first heap   total 265216K, used 228352K [0x0000000080000000, 0x0000000100000000)
  region size 1024K, 22 young (22528K), 2 survivors (2048K)
 Metaspace       used 106378K, committed 107584K, reserved 520192K
  class space    used 14241K, committed 14784K, reserved 421888K
}
Event: 116.547 GC heap after
{Heap after GC invocations=64 (full 0):
 garbage-first heap   total 265216K, used 212687K [0x0000000080000000, 0x0000000100000000)
  region size 1024K, 3 young (3072K), 3 survivors (3072K)
 Metaspace       used 106378K, committed 107584K, reserved 520192K
  class space    used 14241K, committed 14784K, reserved 421888K
}
Event: 117.245 GC heap before
{Heap before GC invocations=64 (full 0):
 garbage-first heap   total 265216K, used 228047K [0x0000000080000000, 0x0000000100000000)
  region size 1024K, 18 young (18432K), 3 survivors (3072K)
 Metaspace       used 109197K, committed 110464K, reserved 520192K
  class space    used 14582K, committed 15168K, reserved 421888K
}
Event: 117.259 GC heap after
{Heap after GC invocations=65 (full 0):
 garbage-first heap   total 265216K, used 215573K [0x0000000080000000, 0x0000000100000000)
  region size 1024K, 3 young (3072K), 3 survivors (3072K)
 Metaspace       used 109197K, committed 110464K, reserved 520192K
  class space    used 14582K, committed 15168K, reserved 421888K
}
Event: 118.765 GC heap before
{Heap before GC invocations=66 (full 0):
 garbage-first heap   total 343040K, used 214549K [0x0000000080000000, 0x0000000100000000)
  region size 1024K, 17 young (17408K), 3 survivors (3072K)
 Metaspace       used 112048K, committed 113408K, reserved 520192K
  class space    used 14958K, committed 15552K, reserved 421888K
}
Event: 118.777 GC heap after
{Heap after GC invocations=67 (full 0):
 garbage-first heap   total 343040K, used 202052K [0x0000000080000000, 0x0000000100000000)
  region size 1024K, 2 young (2048K), 2 survivors (2048K)
 Metaspace       used 112048K, committed 113408K, reserved 520192K
  class space    used 14958K, committed 15552K, reserved 421888K
}
Event: 119.236 GC heap before
{Heap before GC invocations=67 (full 0):
 garbage-first heap   total 343040K, used 216388K [0x0000000080000000, 0x0000000100000000)
  region size 1024K, 16 young (16384K), 2 survivors (2048K)
 Metaspace       used 113773K, committed 115072K, reserved 528384K
  class space    used 15238K, committed 15808K, reserved 421888K
}
Event: 119.277 GC heap after
{Heap after GC invocations=68 (full 0):
 garbage-first heap   total 343040K, used 183464K [0x0000000080000000, 0x0000000100000000)
  region size 1024K, 2 young (2048K), 2 survivors (2048K)
 Metaspace       used 113773K, committed 115072K, reserved 528384K
  class space    used 15238K, committed 15808K, reserved 421888K
}
Event: 119.952 GC heap before
{Heap before GC invocations=68 (full 0):
 garbage-first heap   total 343040K, used 197800K [0x0000000080000000, 0x0000000100000000)
  region size 1024K, 16 young (16384K), 2 survivors (2048K)
 Metaspace       used 115171K, committed 116480K, reserved 528384K
  class space    used 15437K, committed 16000K, reserved 421888K
}
Event: 119.972 GC heap after
{Heap after GC invocations=69 (full 0):
 garbage-first heap   total 343040K, used 181248K [0x0000000080000000, 0x0000000100000000)
  region size 1024K, 2 young (2048K), 2 survivors (2048K)
 Metaspace       used 115171K, committed 116480K, reserved 528384K
  class space    used 15437K, committed 16000K, reserved 421888K
}

Deoptimization events (20 events):
Event: 120.855 Thread 0x000001ba173877f0 DEOPT PACKING pc=0x000001ba00d64f82 sp=0x00000037481f9230
Event: 120.855 Thread 0x000001ba173877f0 DEOPT UNPACKING pc=0x000001ba00052b24 sp=0x00000037481f86f0 mode 0
Event: 120.855 Thread 0x000001ba173877f0 DEOPT PACKING pc=0x000001ba00d64f82 sp=0x00000037481f9230
Event: 120.855 Thread 0x000001ba173877f0 DEOPT UNPACKING pc=0x000001ba00052b24 sp=0x00000037481f86f0 mode 0
Event: 120.856 Thread 0x000001ba173877f0 DEOPT PACKING pc=0x000001ba00d64f82 sp=0x00000037481f9230
Event: 120.856 Thread 0x000001ba173877f0 DEOPT UNPACKING pc=0x000001ba00052b24 sp=0x00000037481f86f0 mode 0
Event: 121.130 Thread 0x000001ba173877f0 DEOPT PACKING pc=0x000001ba020cbf53 sp=0x00000037481f9180
Event: 121.130 Thread 0x000001ba173877f0 DEOPT UNPACKING pc=0x000001ba00052b24 sp=0x00000037481f8690 mode 0
Event: 121.310 Thread 0x000001ba173877f0 DEOPT PACKING pc=0x000001ba021d7083 sp=0x00000037481f9500
Event: 121.310 Thread 0x000001ba173877f0 DEOPT UNPACKING pc=0x000001ba00052b24 sp=0x00000037481f8a68 mode 0
Event: 121.536 Thread 0x000001ba173877f0 DEOPT PACKING pc=0x000001ba020cbf53 sp=0x00000037481fa130
Event: 121.536 Thread 0x000001ba173877f0 DEOPT UNPACKING pc=0x000001ba00052b24 sp=0x00000037481f9640 mode 0
Event: 121.738 Thread 0x000001ba173877f0 DEOPT PACKING pc=0x000001ba01f0d6ed sp=0x00000037481f97e0
Event: 121.738 Thread 0x000001ba173877f0 DEOPT UNPACKING pc=0x000001ba00052b24 sp=0x00000037481f8ce8 mode 0
Event: 121.772 Thread 0x000001ba173877f0 DEOPT PACKING pc=0x000001ba020cbf53 sp=0x00000037481f9a00
Event: 121.772 Thread 0x000001ba173877f0 DEOPT UNPACKING pc=0x000001ba00052b24 sp=0x00000037481f8f10 mode 0
Event: 121.953 Thread 0x000001ba173877f0 DEOPT PACKING pc=0x000001ba020cbf53 sp=0x00000037481f8050
Event: 121.953 Thread 0x000001ba173877f0 DEOPT UNPACKING pc=0x000001ba00052b24 sp=0x00000037481f7560 mode 0
Event: 122.099 Thread 0x000001ba173877f0 DEOPT PACKING pc=0x000001ba010c1318 sp=0x00000037481f8c00
Event: 122.099 Thread 0x000001ba173877f0 DEOPT UNPACKING pc=0x000001ba00052b24 sp=0x00000037481f8070 mode 0

Classes unloaded (0 events):
No events

Classes redefined (0 events):
No events

Internal exceptions (20 events):
Event: 115.010 Thread 0x000001ba173877f0 Implicit null exception at 0x000001ba082228d0 to 0x000001ba08223684
Event: 115.011 Thread 0x000001ba173877f0 Implicit null exception at 0x000001ba0822400f to 0x000001ba082240fd
Event: 115.076 Thread 0x000001ba173877f0 Implicit null exception at 0x000001ba08226d4d to 0x000001ba08226e06
Event: 116.302 Thread 0x000001ba173877f0 Implicit null exception at 0x000001ba07ce3a72 to 0x000001ba07ce4074
Event: 116.675 Thread 0x000001ba173877f0 Implicit null exception at 0x000001ba07c5d54b to 0x000001ba07c5d570
Event: 116.776 Thread 0x000001ba173877f0 Exception <a 'sun/nio/fs/WindowsException'{0x000000008fd07808}> (0x000000008fd07808) 
thrown [s\open\src\hotspot\share\prims\jni.cpp, line 516]
Event: 118.990 Thread 0x000001ba173877f0 Exception <a 'sun/nio/fs/WindowsException'{0x0000000094ad3438}> (0x0000000094ad3438) 
thrown [s\open\src\hotspot\share\prims\jni.cpp, line 516]
Event: 118.990 Thread 0x000001ba173877f0 Exception <a 'sun/nio/fs/WindowsException'{0x0000000094ad3a70}> (0x0000000094ad3a70) 
thrown [s\open\src\hotspot\share\prims\jni.cpp, line 516]
Event: 119.136 Thread 0x000001ba173877f0 Exception <a 'java/lang/NullPointerException'{0x00000000941776c8}> (0x00000000941776c8) 
thrown [s\open\src\hotspot\share\interpreter\linkResolver.cpp, line 1433]
Event: 119.319 Thread 0x000001ba173877f0 Implicit null exception at 0x000001ba07bfa178 to 0x000001ba07c00eb8
Event: 119.398 Thread 0x000001ba173877f0 Implicit null exception at 0x000001ba08110526 to 0x000001ba08118688
Event: 119.720 Thread 0x000001ba173877f0 Exception <a 'sun/nio/fs/WindowsException'{0x000000009445b680}> (0x000000009445b680) 
thrown [s\open\src\hotspot\share\prims\jni.cpp, line 516]
Event: 119.720 Thread 0x000001ba173877f0 Exception <a 'sun/nio/fs/WindowsException'{0x000000009445c9f8}> (0x000000009445c9f8) 
thrown [s\open\src\hotspot\share\prims\jni.cpp, line 516]
Event: 119.720 Thread 0x000001ba173877f0 Exception <a 'sun/nio/fs/WindowsException'{0x000000009445ddc0}> (0x000000009445ddc0) 
thrown [s\open\src\hotspot\share\prims\jni.cpp, line 516]
Event: 119.720 Thread 0x000001ba173877f0 Exception <a 'sun/nio/fs/WindowsException'{0x000000009445f188}> (0x000000009445f188) 
thrown [s\open\src\hotspot\share\prims\jni.cpp, line 516]
Event: 119.973 Thread 0x000001ba15268f40 Implicit null exception at 0x000001ba08151d7d to 0x000001ba081524e8
Event: 120.860 Thread 0x000001ba173877f0 Exception <a 'sun/nio/fs/WindowsException'{0x00000000937fd798}> (0x00000000937fd798) 
thrown [s\open\src\hotspot\share\prims\jni.cpp, line 516]
Event: 120.860 Thread 0x000001ba173877f0 Exception <a 'sun/nio/fs/WindowsException'{0x00000000937feb10}> (0x00000000937feb10) 
thrown [s\open\src\hotspot\share\prims\jni.cpp, line 516]
Event: 120.860 Thread 0x000001ba173877f0 Exception <a 'sun/nio/fs/WindowsException'{0x0000000093600178}> (0x0000000093600178) 
thrown [s\open\src\hotspot\share\prims\jni.cpp, line 516]
Event: 120.861 Thread 0x000001ba173877f0 Exception <a 'sun/nio/fs/WindowsException'{0x00000000936017b8}> (0x00000000936017b8) 
thrown [s\open\src\hotspot\share\prims\jni.cpp, line 516]

VM Operations (20 events):
Event: 117.650 Executing VM operation: HandshakeAllThreads done
Event: 117.659 Executing VM operation: G1Concurrent
Event: 117.659 Executing VM operation: G1Concurrent done
Event: 118.475 Executing VM operation: HandshakeAllThreads
Event: 118.475 Executing VM operation: HandshakeAllThreads done
Event: 118.508 Executing VM operation: HandshakeAllThreads
Event: 118.508 Executing VM operation: HandshakeAllThreads done
Event: 118.765 Executing VM operation: G1CollectForAllocation
Event: 118.777 Executing VM operation: G1CollectForAllocation done
Event: 119.236 Executing VM operation: G1CollectForAllocation
Event: 119.277 Executing VM operation: G1CollectForAllocation done
Event: 119.776 Executing VM operation: HandshakeAllThreads
Event: 119.776 Executing VM operation: HandshakeAllThreads done
Event: 119.952 Executing VM operation: G1CollectForAllocation
Event: 119.972 Executing VM operation: G1CollectForAllocation done
Event: 120.865 Executing VM operation: ICBufferFull
Event: 120.865 Executing VM operation: ICBufferFull done
Event: 121.513 Executing VM operation: ICBufferFull
Event: 121.513 Executing VM operation: ICBufferFull done
Event: 122.524 Executing VM operation: Cleanup

Events (20 events):
Event: 119.402 loading class java/lang/Package$1PackageInfoProxy
Event: 119.402 loading class java/lang/Package$1PackageInfoProxy done
Event: 119.532 loading class java/lang/InstantiationError
Event: 119.533 loading class java/lang/InstantiationError done
Event: 119.555 loading class java/lang/ExceptionInInitializerError
Event: 119.555 loading class java/lang/ExceptionInInitializerError done
Event: 119.646 loading class org/xml/sax/helpers/LocatorImpl
Event: 119.647 loading class org/xml/sax/helpers/LocatorImpl done
Event: 119.649 loading class javax/xml/transform/sax/SAXSource
Event: 119.649 loading class javax/xml/transform/sax/SAXSource done
Event: 119.650 loading class org/xml/sax/helpers/XMLFilterImpl
Event: 119.651 loading class org/xml/sax/helpers/XMLFilterImpl done
Event: 119.656 loading class org/xml/sax/helpers/AttributesImpl
Event: 119.659 loading class org/xml/sax/helpers/AttributesImpl done
Event: 119.659 loading class java/util/regex/Pattern$Behind
Event: 119.660 loading class java/util/regex/Pattern$Behind done
Event: 119.660 loading class java/util/regex/Pattern$Neg
Event: 119.660 loading class java/util/regex/Pattern$Neg done
Event: 119.673 loading class javax/xml/datatype/DatatypeConfigurationException
Event: 119.673 loading class javax/xml/datatype/DatatypeConfigurationException done


Dynamic libraries:
0x00007ff78e950000 - 0x00007ff78e960000 	C:\Program Files\Java\jdk-17.0.5\bin\java.exe
0x00007ffc14050000 - 0x00007ffc14248000 	C:\Windows\SYSTEM32\ntdll.dll
0x00007ffc12e20000 - 0x00007ffc12edf000 	C:\Windows\System32\KERNEL32.DLL
0x00007ffc11760000 - 0x00007ffc11a3a000 	C:\Windows\System32\KERNELBASE.dll
0x00007ffc11ba0000 - 0x00007ffc11ca0000 	C:\Windows\System32\ucrtbase.dll
0x00007ffc03e00000 - 0x00007ffc03e18000 	C:\Program Files\Java\jdk-17.0.5\bin\jli.dll
0x00007ffc12a90000 - 0x00007ffc12b3e000 	C:\Windows\System32\ADVAPI32.dll
0x00007ffc13160000 - 0x00007ffc131fe000 	C:\Windows\System32\msvcrt.dll
0x00007ffc12b60000 - 0x00007ffc12bfc000 	C:\Windows\System32\sechost.dll
0x00007ffc136d0000 - 0x00007ffc137f6000 	C:\Windows\System32\RPCRT4.dll
0x00007ffc12c00000 - 0x00007ffc12d9d000 	C:\Windows\System32\USER32.dll
0x00007ffc11a40000 - 0x00007ffc11a62000 	C:\Windows\System32\win32u.dll
0x00007ffc12700000 - 0x00007ffc1272b000 	C:\Windows\System32\GDI32.dll
0x00007ffc11fa0000 - 0x00007ffc120b0000 	C:\Windows\System32\gdi32full.dll
0x00007ffc11a70000 - 0x00007ffc11b0d000 	C:\Windows\System32\msvcp_win.dll
0x00007ffc021c0000 - 0x00007ffc021da000 	C:\Program Files\Java\jdk-17.0.5\bin\VCRUNTIME140.dll
0x00007ffc10af0000 - 0x00007ffc10d8a000 	C:\Windows\WinSxS\amd64_microsoft.windows.common-controls_6595b64144ccf1df_6.0.19041.1110_none_60b5254171f9507e\COMCTL32.dll
0x00007ffc01860000 - 0x00007ffc0186a000 	C:\Windows\SYSTEM32\VERSION.dll
0x00007ffc13fe0000 - 0x00007ffc14010000 	C:\Windows\System32\IMM32.DLL
0x00007ffc0c660000 - 0x00007ffc0c66c000 	C:\Program Files\Java\jdk-17.0.5\bin\vcruntime140_1.dll
0x00007ffbf5790000 - 0x00007ffbf581d000 	C:\Program Files\Java\jdk-17.0.5\bin\msvcp140.dll
0x00007ffb93680000 - 0x00007ffb94242000 	C:\Program Files\Java\jdk-17.0.5\bin\server\jvm.dll
0x00007ffc12b50000 - 0x00007ffc12b58000 	C:\Windows\System32\PSAPI.DLL
0x00007ffc021b0000 - 0x00007ffc021b9000 	C:\Windows\SYSTEM32\WSOCK32.dll
0x00007ffc13820000 - 0x00007ffc1388b000 	C:\Windows\System32\WS2_32.dll
0x00007ffbfe3a0000 - 0x00007ffbfe3c7000 	C:\Windows\SYSTEM32\WINMM.dll
0x00007ffc0e940000 - 0x00007ffc0e952000 	C:\Windows\SYSTEM32\kernel.appcore.dll
0x00007ffc01f00000 - 0x00007ffc01f0a000 	C:\Program Files\Java\jdk-17.0.5\bin\jimage.dll
0x00007ffc11080000 - 0x00007ffc11264000 	C:\Windows\SYSTEM32\DBGHELP.DLL
0x00007ffc10ea0000 - 0x00007ffc10ed4000 	C:\Windows\SYSTEM32\dbgcore.DLL
0x00007ffc11b10000 - 0x00007ffc11b92000 	C:\Windows\System32\bcryptPrimitives.dll
0x00007ffc01e50000 - 0x00007ffc01e75000 	C:\Program Files\Java\jdk-17.0.5\bin\java.dll
0x00007ffbe53c0000 - 0x00007ffbe5496000 	C:\Program Files\Java\jdk-17.0.5\bin\jsvml.dll
0x00007ffc13890000 - 0x00007ffc13fd4000 	C:\Windows\System32\SHELL32.dll
0x00007ffc0f1d0000 - 0x00007ffc0f963000 	C:\Windows\SYSTEM32\windows.storage.dll
0x00007ffc12730000 - 0x00007ffc12a84000 	C:\Windows\System32\combase.dll
0x00007ffc109a0000 - 0x00007ffc109ce000 	C:\Windows\SYSTEM32\Wldp.dll
0x00007ffc13620000 - 0x00007ffc136cd000 	C:\Windows\System32\SHCORE.dll
0x00007ffc135c0000 - 0x00007ffc13615000 	C:\Windows\System32\shlwapi.dll
0x00007ffc116a0000 - 0x00007ffc116bf000 	C:\Windows\SYSTEM32\profapi.dll
0x00007ffbfa730000 - 0x00007ffbfa749000 	C:\Program Files\Java\jdk-17.0.5\bin\net.dll
0x00007ffc0a600000 - 0x00007ffc0a70a000 	C:\Windows\SYSTEM32\WINHTTP.dll
0x00007ffc107b0000 - 0x00007ffc1081a000 	C:\Windows\system32\mswsock.dll
0x00007ffbf99d0000 - 0x00007ffbf99e6000 	C:\Program Files\Java\jdk-17.0.5\bin\nio.dll
0x00007ffbf87b0000 - 0x00007ffbf87c8000 	C:\Program Files\Java\jdk-17.0.5\bin\zip.dll
0x00007ffc01010000 - 0x00007ffc01020000 	C:\Program Files\Java\jdk-17.0.5\bin\verify.dll
0x00007ffbf85d0000 - 0x00007ffbf85f7000 	C:\Users\Sumonto\.gradle\native\e1d6ef7f7dcc3fd88c89a11ec53ec762bb8ba0a96d01ffa2cd45eb1d1d8dd5c5\windows-amd64\native-platform.dll
0x00007ffbbf460000 - 0x00007ffbbf5a4000 	C:\Users\Sumonto\.gradle\native\5664cfc778a61ccfe75a443a1ab52a65af34e5dc3c78e0209fed803814484fcb\windows-amd64\native-platform-file-events.dll
0x00007ffbfdec0000 - 0x00007ffbfdec9000 	C:\Program Files\Java\jdk-17.0.5\bin\management.dll
0x00007ffbf9490000 - 0x00007ffbf949b000 	C:\Program Files\Java\jdk-17.0.5\bin\management_ext.dll
0x00007ffc113d0000 - 0x00007ffc113e8000 	C:\Windows\SYSTEM32\CRYPTSP.dll
0x00007ffc10130000 - 0x00007ffc10164000 	C:\Windows\system32\rsaenh.dll
0x00007ffc11f70000 - 0x00007ffc11f97000 	C:\Windows\System32\bcrypt.dll
0x00007ffc11620000 - 0x00007ffc1164e000 	C:\Windows\SYSTEM32\USERENV.dll
0x00007ffc109d0000 - 0x00007ffc109dc000 	C:\Windows\SYSTEM32\CRYPTBASE.dll
0x00007ffc104a0000 - 0x00007ffc104dc000 	C:\Windows\SYSTEM32\IPHLPAPI.DLL
0x00007ffc12b40000 - 0x00007ffc12b48000 	C:\Windows\System32\NSI.dll
0x00007ffc0b320000 - 0x00007ffc0b337000 	C:\Windows\SYSTEM32\dhcpcsvc6.DLL
0x00007ffc0b300000 - 0x00007ffc0b31d000 	C:\Windows\SYSTEM32\dhcpcsvc.DLL
0x00007ffc104e0000 - 0x00007ffc105ab000 	C:\Windows\SYSTEM32\DNSAPI.dll
0x00007ffbf87a0000 - 0x00007ffbf87ae000 	C:\Program Files\Java\jdk-17.0.5\bin\sunmscapi.dll
0x00007ffc11e10000 - 0x00007ffc11f66000 	C:\Windows\System32\CRYPT32.dll
0x00007ffc10ac0000 - 0x00007ffc10ae8000 	C:\Windows\SYSTEM32\ncrypt.dll
0x00007ffc10a80000 - 0x00007ffc10abb000 	C:\Windows\SYSTEM32\NTASN1.dll
0x00007ffbf93d0000 - 0x00007ffbf93d7000 	C:\Windows\system32\wshunix.dll
0x00007ffbf8590000 - 0x00007ffbf85ae000 	C:\Users\Sumonto\AppData\Local\Temp\native-platform7017866001059876284dir\native-platform.dll
0x00007ffbf8790000 - 0x00007ffbf8797000 	C:\Program Files\Java\jdk-17.0.5\bin\rmi.dll
0x00007ffc066a0000 - 0x00007ffc066aa000 	C:\Windows\System32\rasadhlp.dll
0x00007ffc0a180000 - 0x00007ffc0a200000 	C:\Windows\System32\fwpuclnt.dll

dbghelp: loaded successfully - version: 4.0.5 - missing functions: none
symbol engine: initialized successfully - sym options: 0x614 - pdb path: .;C:\Program Files\Java\jdk-17.0.5\bin;C:\Windows\SYSTEM32;C:\Windows\WinSxS\amd64_microsoft.windows.common-controls_6595b64144ccf1df_6.0.19041.1110_none_60b5254171f9507e;C:\Program Files\Java\jdk-17.0.5\bin\server;C:\Users\Sumonto\.gradle\native\e1d6ef7f7dcc3fd88c89a11ec53ec762bb8ba0a96d01ffa2cd45eb1d1d8dd5c5\windows-amd64;C:\Users\Sumonto\.gradle\native\5664cfc778a61ccfe75a443a1ab52a65af34e5dc3c78e0209fed803814484fcb\windows-amd64;C:\Users\Sumonto\AppData\Local\Temp\native-platform7017866001059876284dir

VM Arguments:
jvm_args: -XX:MaxMetaspaceSize=512m --add-opens=java.base/java.util=ALL-UNNAMED --add-opens=java.base/java.lang=ALL-UNNAMED --add-opens=java.base/java.lang.invoke=ALL-UNNAMED --add-opens=java.base/java.util=ALL-UNNAMED --add-opens=java.prefs/java.util.prefs=ALL-UNNAMED --add-opens=java.prefs/java.util.prefs=ALL-UNNAMED --add-opens=java.base/java.nio.charset=ALL-UNNAMED --add-opens=java.base/java.net=ALL-UNNAMED --add-opens=java.base/java.util.concurrent.atomic=ALL-UNNAMED -Xmx2048m -Dfile.encoding=windows-1252 -Duser.country=US -Duser.language=en -Duser.variant 
java_command: org.gradle.launcher.daemon.bootstrap.GradleDaemon 7.3.3
java_class_path (initial): C:\Users\Sumonto\.gradle\wrapper\dists\gradle-7.3.3-all\4295vidhdd9hd3gbjyw1xqxpo\gradle-7.3.3\lib\gradle-launcher-7.3.3.jar
Launcher Type: SUN_STANDARD

[Global flags]
     intx CICompilerCount                          = 2                                         {product} {ergonomic}
   size_t CompressedClassSpaceSize                 = 432013312                                 {product} {ergonomic}
     uint ConcGCThreads                            = 1                                         {product} {ergonomic}
     uint G1ConcRefinementThreads                  = 2                                         {product} {ergonomic}
   size_t G1HeapRegionSize                         = 1048576                                   {product} {ergonomic}
    uintx GCDrainStackTargetSize                   = 64                                        {product} {ergonomic}
   size_t InitialHeapSize                          = 132120576                                 {product} {ergonomic}
   size_t MarkStackSize                            = 4194304                                   {product} {ergonomic}
   size_t MaxHeapSize                              = 2147483648                                {product} {command line}
   size_t MaxMetaspaceSize                         = 536870912                                 {product} {command line}
   size_t MaxNewSize                               = 1287651328                                {product} {ergonomic}
   size_t MinHeapDeltaBytes                        = 1048576                                   {product} {ergonomic}
   size_t MinHeapSize                              = 8388608                                   {product} {ergonomic}
    uintx NonNMethodCodeHeapSize                   = 5826188                                {pd product} {ergonomic}
    uintx NonProfiledCodeHeapSize                  = 122916026                              {pd product} {ergonomic}
    uintx ProfiledCodeHeapSize                     = 122916026                              {pd product} {ergonomic}
    uintx ReservedCodeCacheSize                    = 251658240                              {pd product} {ergonomic}
     bool SegmentedCodeCache                       = true                                      {product} {ergonomic}
   size_t SoftMaxHeapSize                          = 2147483648                             {manageable} {ergonomic}
     bool UseCompressedClassPointers               = true                           {product lp64_product} {ergonomic}
     bool UseCompressedOops                        = true                           {product lp64_product} {ergonomic}
     bool UseG1GC                                  = true                                      {product} {ergonomic}
     bool UseLargePagesIndividualAllocation        = false                                  {pd product} {ergonomic}

Logging:
Log output configuration:
 #0: stdout all=warning uptime,level,tags
 #1: stderr all=off uptime,level,tags

Environment Variables:
JAVA_HOME=C:\Program Files\Java\jdk-17.0.5
CLASSPATH=E:\newBY\android\\gradle\wrapper\gradle-wrapper.jar
PATH=E:\newBY\android\node_modules\.bin;E:\newBY\node_modules\.bin;E:\node_modules\.bin;C:\Program Files\nodejs;E:\newBY\node_modules\.bin;E:\node_modules\.bin;C:\Program Files\nodejs\node_modules\npm\node_modules\@npmcli\run-script\lib\node-gyp-bin;C:\Program Files\Common Files\Oracle\Java\javapath;C:\Windows\system32;C:\Windows;C:\Windows\System32\Wbem;C:\Windows\System32\WindowsPowerShell\v1.0\;C:\Windows\System32\OpenSSH\;C:\Program Files\PuTTY\;C:\Program Files\nodejs\;C:\Program Files\Java\jdk-17.0.5\bin;C:\Users\Sumonto\AppData\Local\Android\Sdk\platform-tools;C:\Users\Sumonto\AppData\Local\Microsoft\WindowsApps;C:\Users\Sumonto\AppData\Local\Programs\Microsoft VS Code\bin;C:\Users\Sumonto\AppData\Roaming\npm;
USERNAME=Sumonto
LANG=en_US.UTF-8
OS=Windows_NT
PROCESSOR_IDENTIFIER=Intel64 Family 6 Model 60 Stepping 3, GenuineIntel



---------------  S Y S T E M  ---------------

OS:
 Windows 10 , 64 bit Build 19041 (10.0.19041.2788)
OS uptime: 0 days 16:03 hours

CPU: total 2 (initial active 2) (2 cores per cpu, 1 threads per core) family 6 model 60 stepping 3 microcode 0x27, cx8, cmov, fxsr, mmx, sse, sse2, sse3, ssse3, sse4.1, sse4.2, popcnt, lzcnt, tsc, tscinvbit, erms, clmul, clflush

Memory: 4k page, system-wide physical 8061M (466M free)
TotalPageFile size 15997M (AvailPageFile size 7488M)
current process WorkingSet (physical memory assigned to process): 665M, peak: 665M
current process commit charge ("private bytes"): 700M, peak: 701M

vm_info: Java HotSpot(TM) 64-Bit Server VM (17.0.5+9-LTS-191) for windows-amd64 JRE (17.0.5+9-LTS-191), built on Sep 13 2022 17:31:43 by "mach5one" with MS VC++ 16.8 / 16.9 (VS2019)

END.
