#
# A fatal error has been detected by the Java Runtime Environment:
#
#  EXCEPTION_ACCESS_VIOLATION (0xc0000005) at pc=0x00007ffb93d1a0a1, pid=10920, tid=2448
#
# JRE version: Java(TM) SE Runtime Environment (17.0.5+9) (build 17.0.5+9-LTS-191)
# Java VM: Java HotSpot(TM) 64-Bit Server VM (17.0.5+9-LTS-191, mixed mode, sharing, tiered, compressed oops, compressed class ptrs, g1 gc, windows-amd64)
# Problematic frame:
# V  [jvm.dll+0x69a0a1]
#
# No core dump will be written. Minidumps are not enabled by default on client versions of Windows
#
# If you would like to submit a bug report, please visit:
#   https://bugreport.java.com/bugreport/crash.jsp
#

---------------  S U M M A R Y ------------

Command Line: org.jetbrains.kotlin.cli.jvm.K2JVMCompiler @E:\newBY\node_modules\react-native-safe-area-context\android\build\20230425_588313231443756054.compiler.options

Host: Intel(R) Pentium(R) CPU G3220 @ 3.00GHz, 2 cores, 7G,  Windows 10 , 64 bit Build 19041 (10.0.19041.2788)
Time: Tue Apr 25 12:02:21 2023 India Standard Time elapsed time: 29.646255 seconds (0d 0h 0m 29s)

---------------  T H R E A D  ---------------

Current thread (0x000001a4cd981f00):  JavaThread "C2 CompilerThread0" daemon [_thread_in_native, id=2448, stack(0x0000002d07f00000,0x0000002d08000000)]


Current CompileTask:
C2:  29646 9003       4       org.jetbrains.kotlin.load.java.structure.impl.classFiles.BinaryJavaMethodBase$Companion::create (591 bytes)

Stack: [0x0000002d07f00000,0x0000002d08000000],  sp=0x0000002d07ffb6a0,  free space=1005k
Native frames: (J=compiled Java code, j=interpreted, Vv=VM code, C=native code)
V  [jvm.dll+0x69a0a1]
V  [jvm.dll+0x6966e0]
V  [jvm.dll+0x217184]
V  [jvm.dll+0x214fdb]
V  [jvm.dll+0x1a18ed]
V  [jvm.dll+0x22493a]
V  [jvm.dll+0x222aa5]
V  [jvm.dll+0x7885db]
V  [jvm.dll+0x782b4a]
V  [jvm.dll+0x671d75]
C  [ucrtbase.dll+0x21bb2]
C  [KERNEL32.DLL+0x17604]
C  [ntdll.dll+0x526a1]


siginfo: EXCEPTION_ACCESS_VIOLATION (0xc0000005), reading address 0x000001a4c833743c


Register to memory mapping:

RIP=0x00007ffb93d1a0a1 jvm.dll
RAX=0x000001a4d0337440 points into unknown readable memory: 0x0000000100000000 | 00 00 00 00 01 00 00 00
RBX=0x0000002d07ffc330 is pointing into the stack for thread: 0x000001a4cd981f00
RCX=0xfffffffff7fffffc is an unknown value
RDX=0x000001a4d1f6e4b0 points into unknown readable memory: 0x00007ffb93f34cf0 | f0 4c f3 93 fb 7f 00 00
RSP=0x0000002d07ffb6a0 is pointing into the stack for thread: 0x000001a4cd981f00
RBP=0x0 is NULL
RSI=0x0000002d07ffc388 is pointing into the stack for thread: 0x000001a4cd981f00
RDI=0x000001a4d1f6e4b0 points into unknown readable memory: 0x00007ffb93f34cf0 | f0 4c f3 93 fb 7f 00 00
R8 =0x0000000000008000 is an unknown value
R9 =0x0000000000003f42 is an unknown value
R10=0x00007ffc021c0000 VCRUNTIME140.dll
R11=0x000001a4d0352a30 points into unknown readable memory: 0x000001a4cd9a5150 | 50 51 9a cd a4 01 00 00
R12=0x0 is NULL
R13=0x0000002d07ffde20 is pointing into the stack for thread: 0x000001a4cd981f00
R14=0x0000000000001000 is an unknown value
R15=0x0000002d07ffd890 is pointing into the stack for thread: 0x000001a4cd981f00


Registers:
RAX=0x000001a4d0337440, RBX=0x0000002d07ffc330, RCX=0xfffffffff7fffffc, RDX=0x000001a4d1f6e4b0
RSP=0x0000002d07ffb6a0, RBP=0x0000000000000000, RSI=0x0000002d07ffc388, RDI=0x000001a4d1f6e4b0
R8 =0x0000000000008000, R9 =0x0000000000003f42, R10=0x00007ffc021c0000, R11=0x000001a4d0352a30
R12=0x0000000000000000, R13=0x0000002d07ffde20, R14=0x0000000000001000, R15=0x0000002d07ffd890
RIP=0x00007ffb93d1a0a1, EFLAGS=0x0000000000010202

Top of Stack: (sp=0x0000002d07ffb6a0)
0x0000002d07ffb6a0:   000001a4d1b34c30 000001a4d1b3cc30
0x0000002d07ffb6b0:   0000000000008000 0000002d07ffe9b8
0x0000002d07ffb6c0:   000001a4cd9a5638 00007ffb93d166e0
0x0000002d07ffb6d0:   0000002d07ffc330 0000000000001fed
0x0000002d07ffb6e0:   0000002d07ffc388 0000000000008000
0x0000002d07ffb6f0:   0000000000000000 000001a4cd97b470
0x0000002d07ffb700:   000001a4b05a9a00 0000000000000000
0x0000002d07ffb710:   000001a4b04e2a20 0000000000000050
0x0000002d07ffb720:   0000002d07ffe9b8 0000000000000020
0x0000002d07ffb730:   0000002d07ffb840 00007ffb93897184
0x0000002d07ffb740:   0000002d07ffe880 0000002d07ffde20
0x0000002d07ffb750:   0000002d07ffd890 0000002d07ffb770
0x0000002d07ffb760:   000001a400000003 00007ffb93e152cf
0x0000002d07ffb770:   0000002d07ffe9b8 0000000000000004
0x0000002d07ffb780:   000001a4d067c050 00007ffb00000000
0x0000002d07ffb790:   000001a400000002 000001a4d067c070 

Instructions: (pc=0x00007ffb93d1a0a1)
0x00007ffb93d19fa1:   00 48 85 ff 74 32 8b 6b 28 8b f5 c1 fe 08 44 8b
0x00007ffb93d19fb1:   c6 44 2b 07 78 0b 41 ff c0 48 8b d7 e8 6e 23 b8
0x00007ffb93d19fc1:   ff 48 8b 57 08 4c 63 c6 40 0f b6 cd 4a 8b 04 c2
0x00007ffb93d19fd1:   48 c7 04 c8 00 00 00 00 48 8b c3 eb 0e 48 8b d7
0x00007ffb93d19fe1:   48 8b cb e8 17 68 fb ff 48 8b c6 48 8b 5c 24 30
0x00007ffb93d19ff1:   48 8b 6c 24 38 48 8b 74 24 40 48 83 c4 20 5f c3
0x00007ffb93d1a001:   cc cc cc cc cc cc cc cc cc cc cc cc cc cc cc 48
0x00007ffb93d1a011:   89 5c 24 08 48 89 6c 24 10 48 89 74 24 18 57 48
0x00007ffb93d1a021:   83 ec 20 8b 42 2c 33 ed 83 e0 0f 48 8b fa 48 8b
0x00007ffb93d1a031:   d9 3c 0c 0f 85 8b 00 00 00 48 63 42 4c 83 f8 ff
0x00007ffb93d1a041:   74 40 40 38 a9 a8 00 00 00 0f 84 a9 00 00 00 48
0x00007ffb93d1a051:   8d 0c 85 00 00 00 00 48 8b 43 78 83 3c 01 ff 48
0x00007ffb93d1a061:   8d 14 01 75 12 8b 83 ac 00 00 00 89 02 ff 83 ac
0x00007ffb93d1a071:   00 00 00 48 8b 43 78 8b 04 01 bd 01 00 00 00 89
0x00007ffb93d1a081:   47 4c 48 63 47 48 83 f8 ff 74 39 80 bb a8 00 00
0x00007ffb93d1a091:   00 00 74 64 48 8d 0c 85 00 00 00 00 48 8b 43 78
0x00007ffb93d1a0a1:   83 3c 01 ff 48 8d 14 01 75 12 8b 83 ac 00 00 00
0x00007ffb93d1a0b1:   89 02 ff 83 ac 00 00 00 48 8b 43 78 8b 04 01 ff
0x00007ffb93d1a0c1:   c5 89 47 48 8b 4f 28 48 8b 43 68 48 8b 34 c8 48
0x00007ffb93d1a0d1:   85 f6 74 56 8b 46 10 83 e8 13 83 f8 02 77 4b 48
0x00007ffb93d1a0e1:   8b 06 48 8b ce ff 90 a8 00 00 00 84 c0 74 3b 80
0x00007ffb93d1a0f1:   bb a8 00 00 00 00 75 07 b8 ff ff ff ff eb 2d 8b
0x00007ffb93d1a101:   56 44 48 8b cb e8 c5 e5 ff ff 4c 8b 06 8b d0 48
0x00007ffb93d1a111:   8b ce 41 ff 90 f0 00 00 00 8b 57 28 48 8d 4b 58
0x00007ffb93d1a121:   4c 8b c0 e8 f7 bd b0 ff ff c5 8b c5 48 8b 5c 24
0x00007ffb93d1a131:   30 48 8b 6c 24 38 48 8b 74 24 40 48 83 c4 20 5f
0x00007ffb93d1a141:   c3 cc cc cc cc cc cc cc cc cc cc cc cc cc cc 40
0x00007ffb93d1a151:   53 48 83 ec 20 4c 63 c2 4a 8d 1c c1 48 8b 83 e8
0x00007ffb93d1a161:   08 00 00 48 85 c0 74 0a 48 8b 50 08 48 83 3a 00
0x00007ffb93d1a171:   75 17 48 8b 01 48 8d 15 13 7a 48 00 4a 8b 14 c2
0x00007ffb93d1a181:   ff 10 48 89 83 e8 08 00 00 48 83 c4 20 5b c3 40
0x00007ffb93d1a191:   53 48 83 ec 20 33 c0 48 89 51 20 48 89 41 28 48 


Stack slot to memory mapping:
stack at sp + 0 slots: 0x000001a4d1b34c30 points into unknown readable memory: 0x000001a4cd9a3fc0 | c0 3f 9a cd a4 01 00 00
stack at sp + 1 slots: 0x000001a4d1b3cc30 points into unknown readable memory: 0x0000000000000000 | 00 00 00 00 00 00 00 00
stack at sp + 2 slots: 0x0000000000008000 is an unknown value
stack at sp + 3 slots: 0x0000002d07ffe9b8 is pointing into the stack for thread: 0x000001a4cd981f00
stack at sp + 4 slots: 0x000001a4cd9a5638 points into unknown readable memory: 0x00007ffb93fddcb8 | b8 dc fd 93 fb 7f 00 00
stack at sp + 5 slots: 0x00007ffb93d166e0 jvm.dll
stack at sp + 6 slots: 0x0000002d07ffc330 is pointing into the stack for thread: 0x000001a4cd981f00
stack at sp + 7 slots: 0x0000000000001fed is an unknown value


---------------  P R O C E S S  ---------------

Threads class SMR info:
_java_thread_list=0x000001a4cda146d0, length=12, elements={
0x000001a4b04d0cc0, 0x000001a4cd968590, 0x000001a4cd969310, 0x000001a4cd97c5b0,
0x000001a4cd97e080, 0x000001a4cd980a50, 0x000001a4cd981310, 0x000001a4cd981f00,
0x000001a4cd9e9370, 0x000001a4cd9ec8a0, 0x000001a4ce427520, 0x000001a4ce429c90
}

Java Threads: ( => current thread )
  0x000001a4b04d0cc0 JavaThread "main" [_thread_in_Java, id=6404, stack(0x0000002d07200000,0x0000002d07300000)]
  0x000001a4cd968590 JavaThread "Reference Handler" daemon [_thread_blocked, id=9220, stack(0x0000002d07900000,0x0000002d07a00000)]
  0x000001a4cd969310 JavaThread "Finalizer" daemon [_thread_blocked, id=3484, stack(0x0000002d07a00000,0x0000002d07b00000)]
  0x000001a4cd97c5b0 JavaThread "Signal Dispatcher" daemon [_thread_blocked, id=4196, stack(0x0000002d07b00000,0x0000002d07c00000)]
  0x000001a4cd97e080 JavaThread "Attach Listener" daemon [_thread_blocked, id=6716, stack(0x0000002d07c00000,0x0000002d07d00000)]
  0x000001a4cd980a50 JavaThread "Service Thread" daemon [_thread_blocked, id=5932, stack(0x0000002d07d00000,0x0000002d07e00000)]
  0x000001a4cd981310 JavaThread "Monitor Deflation Thread" daemon [_thread_blocked, id=4432, stack(0x0000002d07e00000,0x0000002d07f00000)]
=>0x000001a4cd981f00 JavaThread "C2 CompilerThread0" daemon [_thread_in_native, id=2448, stack(0x0000002d07f00000,0x0000002d08000000)]
  0x000001a4cd9e9370 JavaThread "C1 CompilerThread0" daemon [_thread_blocked, id=3328, stack(0x0000002d08000000,0x0000002d08100000)]
  0x000001a4cd9ec8a0 JavaThread "Sweeper thread" daemon [_thread_blocked, id=2492, stack(0x0000002d08100000,0x0000002d08200000)]
  0x000001a4ce427520 JavaThread "Notification Thread" daemon [_thread_blocked, id=8640, stack(0x0000002d08200000,0x0000002d08300000)]
  0x000001a4ce429c90 JavaThread "Common-Cleaner" daemon [_thread_blocked, id=632, stack(0x0000002d08400000,0x0000002d08500000)]

Other Threads:
  0x000001a4cd963630 VMThread "VM Thread" [stack: 0x0000002d07800000,0x0000002d07900000] [id=1704]
  0x000001a4ce429a00 WatcherThread [stack: 0x0000002d08300000,0x0000002d08400000] [id=2344]
  0x000001a4b0529610 GCTaskThread "GC Thread#0" [stack: 0x0000002d07300000,0x0000002d07400000] [id=8588]
  0x000001a4ce5dbee0 GCTaskThread "GC Thread#1" [stack: 0x0000002d08500000,0x0000002d08600000] [id=8612]
  0x000001a4b053b070 ConcurrentGCThread "G1 Main Marker" [stack: 0x0000002d07400000,0x0000002d07500000] [id=8752]
  0x000001a4b053b990 ConcurrentGCThread "G1 Conc#0" [stack: 0x0000002d07500000,0x0000002d07600000] [id=6792]
  0x000001a4b05a8710 ConcurrentGCThread "G1 Refine#0" [stack: 0x0000002d07600000,0x0000002d07700000] [id=6448]
  0x000001a4d1fecb20 ConcurrentGCThread "G1 Refine#1" [stack: 0x0000002d08600000,0x0000002d08700000] [id=9292]
  0x000001a4b05a9040 ConcurrentGCThread "G1 Service" [stack: 0x0000002d07700000,0x0000002d07800000] [id=4160]

Threads with active compile tasks:
C2 CompilerThread0    29684 9003       4       org.jetbrains.kotlin.load.java.structure.impl.classFiles.BinaryJavaMethodBase$Companion::create (591 bytes)

VM state: not at safepoint (normal execution)

VM Mutex/Monitor currently owned by a thread: None

Heap address: 0x0000000082000000, size: 2016 MB, Compressed Oops mode: 32-bit

CDS archive(s) mapped at: [0x0000000800000000-0x0000000800bd0000-0x0000000800bd0000), size 12386304, SharedBaseAddress: 0x0000000800000000, ArchiveRelocationMode: 0.
Compressed class space mapped at: 0x0000000800c00000-0x0000000840c00000, reserved size: 1073741824
Narrow klass base: 0x0000000800000000, Narrow klass shift: 0, Narrow klass range: 0x100000000

GC Precious Log:
 CPUs: 2 total, 2 available
 Memory: 8061M
 Large Page Support: Disabled
 NUMA Support: Disabled
 Compressed Oops: Enabled (32-bit)
 Heap Region Size: 1M
 Heap Min Capacity: 8M
 Heap Initial Capacity: 126M
 Heap Max Capacity: 2016M
 Pre-touch: Disabled
 Parallel Workers: 2
 Concurrent Workers: 1
 Concurrent Refinement Workers: 2
 Periodic GC: Disabled

Heap:
 garbage-first heap   total 126976K, used 52945K [0x0000000082000000, 0x0000000100000000)
  region size 1024K, 7 young (7168K), 6 survivors (6144K)
 Metaspace       used 55345K, committed 55680K, reserved 1097728K
  class space    used 6543K, committed 6720K, reserved 1048576K

Heap Regions: E=young(eden), S=young(survivor), O=old, HS=humongous(starts), HC=humongous(continues), CS=collection set, F=free, OA=open archive, CA=closed archive, TAMS=top-at-mark-start (previous, next)
|   0|0x0000000082000000, 0x0000000082100000, 0x0000000082100000|100%|HS|  |TAMS 0x0000000082100000, 0x0000000082000000| Complete 
|   1|0x0000000082100000, 0x0000000082200000, 0x0000000082200000|100%|HC|  |TAMS 0x0000000082200000, 0x0000000082100000| Complete 
|   2|0x0000000082200000, 0x0000000082300000, 0x0000000082300000|100%|HC|  |TAMS 0x0000000082300000, 0x0000000082200000| Complete 
|   3|0x0000000082300000, 0x0000000082400000, 0x0000000082400000|100%| O|  |TAMS 0x0000000082400000, 0x0000000082300000| Untracked 
|   4|0x0000000082400000, 0x0000000082500000, 0x0000000082500000|100%| O|  |TAMS 0x0000000082500000, 0x0000000082400000| Untracked 
|   5|0x0000000082500000, 0x0000000082600000, 0x0000000082600000|100%| O|  |TAMS 0x0000000082600000, 0x0000000082500000| Untracked 
|   6|0x0000000082600000, 0x0000000082700000, 0x0000000082700000|100%|HS|  |TAMS 0x0000000082700000, 0x0000000082600000| Complete 
|   7|0x0000000082700000, 0x0000000082800000, 0x0000000082800000|100%|HC|  |TAMS 0x0000000082800000, 0x0000000082700000| Complete 
|   8|0x0000000082800000, 0x0000000082900000, 0x0000000082900000|100%|HC|  |TAMS 0x0000000082900000, 0x0000000082800000| Complete 
|   9|0x0000000082900000, 0x0000000082a00000, 0x0000000082a00000|100%|HS|  |TAMS 0x0000000082a00000, 0x0000000082900000| Complete 
|  10|0x0000000082a00000, 0x0000000082b00000, 0x0000000082b00000|100%|HC|  |TAMS 0x0000000082b00000, 0x0000000082a00000| Complete 
|  11|0x0000000082b00000, 0x0000000082c00000, 0x0000000082c00000|100%| O|  |TAMS 0x0000000082c00000, 0x0000000082b00000| Untracked 
|  12|0x0000000082c00000, 0x0000000082d00000, 0x0000000082d00000|100%| O|  |TAMS 0x0000000082d00000, 0x0000000082c00000| Untracked 
|  13|0x0000000082d00000, 0x0000000082e00000, 0x0000000082e00000|100%| O|  |TAMS 0x0000000082e00000, 0x0000000082d00000| Untracked 
|  14|0x0000000082e00000, 0x0000000082f00000, 0x0000000082f00000|100%| O|  |TAMS 0x0000000082f00000, 0x0000000082e00000| Untracked 
|  15|0x0000000082f00000, 0x0000000083000000, 0x0000000083000000|100%| O|  |TAMS 0x0000000083000000, 0x0000000082f00000| Untracked 
|  16|0x0000000083000000, 0x0000000083100000, 0x0000000083100000|100%| O|  |TAMS 0x0000000083100000, 0x0000000083000000| Untracked 
|  17|0x0000000083100000, 0x0000000083200000, 0x0000000083200000|100%| O|  |TAMS 0x0000000083200000, 0x0000000083100000| Untracked 
|  18|0x0000000083200000, 0x0000000083300000, 0x0000000083300000|100%| O|  |TAMS 0x0000000083300000, 0x0000000083200000| Untracked 
|  19|0x0000000083300000, 0x0000000083400000, 0x0000000083400000|100%| O|  |TAMS 0x0000000083400000, 0x0000000083300000| Untracked 
|  20|0x0000000083400000, 0x0000000083500000, 0x0000000083500000|100%| O|  |TAMS 0x0000000083500000, 0x0000000083400000| Untracked 
|  21|0x0000000083500000, 0x0000000083600000, 0x0000000083600000|100%| O|  |TAMS 0x0000000083600000, 0x0000000083500000| Untracked 
|  22|0x0000000083600000, 0x0000000083700000, 0x0000000083700000|100%| O|  |TAMS 0x0000000083700000, 0x0000000083600000| Untracked 
|  23|0x0000000083700000, 0x0000000083800000, 0x0000000083800000|100%| O|  |TAMS 0x0000000083800000, 0x0000000083700000| Untracked 
|  24|0x0000000083800000, 0x0000000083900000, 0x0000000083900000|100%| O|  |TAMS 0x0000000083900000, 0x0000000083800000| Untracked 
|  25|0x0000000083900000, 0x0000000083a00000, 0x0000000083a00000|100%| O|  |TAMS 0x0000000083a00000, 0x0000000083900000| Untracked 
|  26|0x0000000083a00000, 0x0000000083b00000, 0x0000000083b00000|100%| O|  |TAMS 0x0000000083b00000, 0x0000000083a00000| Untracked 
|  27|0x0000000083b00000, 0x0000000083c00000, 0x0000000083c00000|100%| O|  |TAMS 0x0000000083c00000, 0x0000000083b00000| Untracked 
|  28|0x0000000083c00000, 0x0000000083d00000, 0x0000000083d00000|100%| O|  |TAMS 0x0000000083d00000, 0x0000000083c00000| Untracked 
|  29|0x0000000083d00000, 0x0000000083e00000, 0x0000000083e00000|100%| O|  |TAMS 0x0000000083d00000, 0x0000000083d00000| Untracked 
|  30|0x0000000083e00000, 0x0000000083f00000, 0x0000000083f00000|100%| O|  |TAMS 0x0000000083f00000, 0x0000000083e00000| Untracked 
|  31|0x0000000083f00000, 0x0000000084000000, 0x0000000084000000|100%| O|  |TAMS 0x0000000084000000, 0x0000000083f00000| Untracked 
|  32|0x0000000084000000, 0x0000000084100000, 0x0000000084100000|100%| O|  |TAMS 0x0000000084100000, 0x0000000084000000| Untracked 
|  33|0x0000000084100000, 0x00000000841fba00, 0x0000000084200000| 98%| O|  |TAMS 0x00000000841fba00, 0x0000000084100000| Untracked 
|  34|0x0000000084200000, 0x0000000084300000, 0x0000000084300000|100%| O|  |TAMS 0x0000000084200000, 0x0000000084200000| Untracked 
|  35|0x0000000084300000, 0x0000000084400000, 0x0000000084400000|100%| O|  |TAMS 0x0000000084300000, 0x0000000084300000| Untracked 
|  36|0x0000000084400000, 0x0000000084500000, 0x0000000084500000|100%| O|  |TAMS 0x0000000084400000, 0x0000000084400000| Untracked 
|  37|0x0000000084500000, 0x0000000084600000, 0x0000000084600000|100%| O|  |TAMS 0x0000000084500000, 0x0000000084500000| Untracked 
|  38|0x0000000084600000, 0x0000000084700000, 0x0000000084700000|100%| O|  |TAMS 0x0000000084600000, 0x0000000084600000| Untracked 
|  39|0x0000000084700000, 0x0000000084800000, 0x0000000084800000|100%| O|  |TAMS 0x0000000084700000, 0x0000000084700000| Untracked 
|  40|0x0000000084800000, 0x0000000084900000, 0x0000000084900000|100%| O|  |TAMS 0x0000000084800000, 0x0000000084800000| Untracked 
|  41|0x0000000084900000, 0x0000000084a00000, 0x0000000084a00000|100%| O|  |TAMS 0x0000000084900000, 0x0000000084900000| Untracked 
|  42|0x0000000084a00000, 0x0000000084b00000, 0x0000000084b00000|100%| O|  |TAMS 0x0000000084a00000, 0x0000000084a00000| Untracked 
|  43|0x0000000084b00000, 0x0000000084c00000, 0x0000000084c00000|100%| O|  |TAMS 0x0000000084b00000, 0x0000000084b00000| Untracked 
|  44|0x0000000084c00000, 0x0000000084d00000, 0x0000000084d00000|100%| O|  |TAMS 0x0000000084c00000, 0x0000000084c00000| Untracked 
|  45|0x0000000084d00000, 0x0000000084d38a00, 0x0000000084e00000| 22%| O|  |TAMS 0x0000000084d00000, 0x0000000084d00000| Untracked 
|  46|0x0000000084e00000, 0x0000000084e00000, 0x0000000084f00000|  0%| F|  |TAMS 0x0000000084e00000, 0x0000000084e00000| Untracked 
|  47|0x0000000084f00000, 0x0000000084f00000, 0x0000000085000000|  0%| F|  |TAMS 0x0000000084f00000, 0x0000000084f00000| Untracked 
|  48|0x0000000085000000, 0x0000000085000000, 0x0000000085100000|  0%| F|  |TAMS 0x0000000085000000, 0x0000000085000000| Untracked 
|  49|0x0000000085100000, 0x0000000085100000, 0x0000000085200000|  0%| F|  |TAMS 0x0000000085100000, 0x0000000085100000| Untracked 
|  50|0x0000000085200000, 0x0000000085200000, 0x0000000085300000|  0%| F|  |TAMS 0x0000000085200000, 0x0000000085200000| Untracked 
|  51|0x0000000085300000, 0x0000000085300000, 0x0000000085400000|  0%| F|  |TAMS 0x0000000085300000, 0x0000000085300000| Untracked 
|  52|0x0000000085400000, 0x0000000085400000, 0x0000000085500000|  0%| F|  |TAMS 0x0000000085400000, 0x0000000085400000| Untracked 
|  53|0x0000000085500000, 0x0000000085500000, 0x0000000085600000|  0%| F|  |TAMS 0x0000000085500000, 0x0000000085500000| Untracked 
|  54|0x0000000085600000, 0x0000000085600000, 0x0000000085700000|  0%| F|  |TAMS 0x0000000085600000, 0x0000000085600000| Untracked 
|  55|0x0000000085700000, 0x0000000085700000, 0x0000000085800000|  0%| F|  |TAMS 0x0000000085700000, 0x0000000085700000| Untracked 
|  56|0x0000000085800000, 0x0000000085800000, 0x0000000085900000|  0%| F|  |TAMS 0x0000000085800000, 0x0000000085800000| Untracked 
|  57|0x0000000085900000, 0x0000000085900000, 0x0000000085a00000|  0%| F|  |TAMS 0x0000000085900000, 0x0000000085900000| Untracked 
|  58|0x0000000085a00000, 0x0000000085a00000, 0x0000000085b00000|  0%| F|  |TAMS 0x0000000085a00000, 0x0000000085a00000| Untracked 
|  59|0x0000000085b00000, 0x0000000085b00000, 0x0000000085c00000|  0%| F|  |TAMS 0x0000000085b00000, 0x0000000085b00000| Untracked 
|  60|0x0000000085c00000, 0x0000000085c00000, 0x0000000085d00000|  0%| F|  |TAMS 0x0000000085c00000, 0x0000000085c00000| Untracked 
|  61|0x0000000085d00000, 0x0000000085d00000, 0x0000000085e00000|  0%| F|  |TAMS 0x0000000085d00000, 0x0000000085d00000| Untracked 
|  62|0x0000000085e00000, 0x0000000085e00000, 0x0000000085f00000|  0%| F|  |TAMS 0x0000000085e00000, 0x0000000085e00000| Untracked 
|  63|0x0000000085f00000, 0x0000000085f00000, 0x0000000086000000|  0%| F|  |TAMS 0x0000000085f00000, 0x0000000085f00000| Untracked 
|  64|0x0000000086000000, 0x0000000086000000, 0x0000000086100000|  0%| F|  |TAMS 0x0000000086000000, 0x0000000086000000| Untracked 
|  65|0x0000000086100000, 0x0000000086100000, 0x0000000086200000|  0%| F|  |TAMS 0x0000000086100000, 0x0000000086100000| Untracked 
|  66|0x0000000086200000, 0x0000000086200000, 0x0000000086300000|  0%| F|  |TAMS 0x0000000086200000, 0x0000000086200000| Untracked 
|  67|0x0000000086300000, 0x0000000086300000, 0x0000000086400000|  0%| F|  |TAMS 0x0000000086300000, 0x0000000086300000| Untracked 
|  68|0x0000000086400000, 0x0000000086400000, 0x0000000086500000|  0%| F|  |TAMS 0x0000000086400000, 0x0000000086400000| Untracked 
|  69|0x0000000086500000, 0x0000000086500000, 0x0000000086600000|  0%| F|  |TAMS 0x0000000086500000, 0x0000000086500000| Untracked 
|  70|0x0000000086600000, 0x0000000086600000, 0x0000000086700000|  0%| F|  |TAMS 0x0000000086600000, 0x0000000086600000| Untracked 
|  71|0x0000000086700000, 0x0000000086700000, 0x0000000086800000|  0%| F|  |TAMS 0x0000000086700000, 0x0000000086700000| Untracked 
|  72|0x0000000086800000, 0x0000000086880000, 0x0000000086900000| 50%| S|CS|TAMS 0x0000000086800000, 0x0000000086800000| Complete 
|  73|0x0000000086900000, 0x0000000086a00000, 0x0000000086a00000|100%| S|CS|TAMS 0x0000000086900000, 0x0000000086900000| Complete 
|  74|0x0000000086a00000, 0x0000000086b00000, 0x0000000086b00000|100%| S|CS|TAMS 0x0000000086a00000, 0x0000000086a00000| Complete 
|  75|0x0000000086b00000, 0x0000000086c00000, 0x0000000086c00000|100%| S|CS|TAMS 0x0000000086b00000, 0x0000000086b00000| Complete 
|  76|0x0000000086c00000, 0x0000000086d00000, 0x0000000086d00000|100%| S|CS|TAMS 0x0000000086c00000, 0x0000000086c00000| Complete 
|  77|0x0000000086d00000, 0x0000000086e00000, 0x0000000086e00000|100%| S|CS|TAMS 0x0000000086d00000, 0x0000000086d00000| Complete 
|  78|0x0000000086e00000, 0x0000000086e00000, 0x0000000086f00000|  0%| F|  |TAMS 0x0000000086e00000, 0x0000000086e00000| Untracked 
|  79|0x0000000086f00000, 0x0000000086f00000, 0x0000000087000000|  0%| F|  |TAMS 0x0000000086f00000, 0x0000000086f00000| Untracked 
|  80|0x0000000087000000, 0x0000000087000000, 0x0000000087100000|  0%| F|  |TAMS 0x0000000087000000, 0x0000000087000000| Untracked 
|  81|0x0000000087100000, 0x0000000087100000, 0x0000000087200000|  0%| F|  |TAMS 0x0000000087100000, 0x0000000087100000| Untracked 
|  82|0x0000000087200000, 0x0000000087200000, 0x0000000087300000|  0%| F|  |TAMS 0x0000000087200000, 0x0000000087200000| Untracked 
|  83|0x0000000087300000, 0x0000000087300000, 0x0000000087400000|  0%| F|  |TAMS 0x0000000087300000, 0x0000000087300000| Untracked 
|  84|0x0000000087400000, 0x0000000087400000, 0x0000000087500000|  0%| F|  |TAMS 0x0000000087400000, 0x0000000087400000| Untracked 
|  85|0x0000000087500000, 0x0000000087500000, 0x0000000087600000|  0%| F|  |TAMS 0x0000000087500000, 0x0000000087500000| Untracked 
|  86|0x0000000087600000, 0x0000000087600000, 0x0000000087700000|  0%| F|  |TAMS 0x0000000087600000, 0x0000000087600000| Untracked 
|  87|0x0000000087700000, 0x0000000087700000, 0x0000000087800000|  0%| F|  |TAMS 0x0000000087700000, 0x0000000087700000| Untracked 
|  88|0x0000000087800000, 0x0000000087800000, 0x0000000087900000|  0%| F|  |TAMS 0x0000000087800000, 0x0000000087800000| Untracked 
|  89|0x0000000087900000, 0x0000000087900000, 0x0000000087a00000|  0%| F|  |TAMS 0x0000000087900000, 0x0000000087900000| Untracked 
|  90|0x0000000087a00000, 0x0000000087a00000, 0x0000000087b00000|  0%| F|  |TAMS 0x0000000087a00000, 0x0000000087a00000| Untracked 
|  91|0x0000000087b00000, 0x0000000087b00000, 0x0000000087c00000|  0%| F|  |TAMS 0x0000000087b00000, 0x0000000087b00000| Untracked 
|  92|0x0000000087c00000, 0x0000000087c00000, 0x0000000087d00000|  0%| F|  |TAMS 0x0000000087c00000, 0x0000000087c00000| Untracked 
|  93|0x0000000087d00000, 0x0000000087d00000, 0x0000000087e00000|  0%| F|  |TAMS 0x0000000087d00000, 0x0000000087d00000| Untracked 
|  94|0x0000000087e00000, 0x0000000087e00000, 0x0000000087f00000|  0%| F|  |TAMS 0x0000000087e00000, 0x0000000087e00000| Untracked 
|  95|0x0000000087f00000, 0x0000000087f00000, 0x0000000088000000|  0%| F|  |TAMS 0x0000000087f00000, 0x0000000087f00000| Untracked 
|  96|0x0000000088000000, 0x0000000088000000, 0x0000000088100000|  0%| F|  |TAMS 0x0000000088000000, 0x0000000088000000| Untracked 
|  97|0x0000000088100000, 0x0000000088100000, 0x0000000088200000|  0%| F|  |TAMS 0x0000000088100000, 0x0000000088100000| Untracked 
|  98|0x0000000088200000, 0x0000000088200000, 0x0000000088300000|  0%| F|  |TAMS 0x0000000088200000, 0x0000000088200000| Untracked 
|  99|0x0000000088300000, 0x0000000088300000, 0x0000000088400000|  0%| F|  |TAMS 0x0000000088300000, 0x0000000088300000| Untracked 
| 100|0x0000000088400000, 0x0000000088400000, 0x0000000088500000|  0%| F|  |TAMS 0x0000000088400000, 0x0000000088400000| Untracked 
| 101|0x0000000088500000, 0x0000000088500000, 0x0000000088600000|  0%| F|  |TAMS 0x0000000088500000, 0x0000000088500000| Untracked 
| 102|0x0000000088600000, 0x0000000088600000, 0x0000000088700000|  0%| F|  |TAMS 0x0000000088600000, 0x0000000088600000| Untracked 
| 103|0x0000000088700000, 0x0000000088700000, 0x0000000088800000|  0%| F|  |TAMS 0x0000000088700000, 0x0000000088700000| Untracked 
| 104|0x0000000088800000, 0x0000000088800000, 0x0000000088900000|  0%| F|  |TAMS 0x0000000088800000, 0x0000000088800000| Untracked 
| 105|0x0000000088900000, 0x0000000088900000, 0x0000000088a00000|  0%| F|  |TAMS 0x0000000088900000, 0x0000000088900000| Untracked 
| 106|0x0000000088a00000, 0x0000000088a00000, 0x0000000088b00000|  0%| F|  |TAMS 0x0000000088a00000, 0x0000000088a00000| Untracked 
| 107|0x0000000088b00000, 0x0000000088b00000, 0x0000000088c00000|  0%| F|  |TAMS 0x0000000088b00000, 0x0000000088b00000| Untracked 
| 108|0x0000000088c00000, 0x0000000088c00000, 0x0000000088d00000|  0%| F|  |TAMS 0x0000000088c00000, 0x0000000088c00000| Untracked 
| 109|0x0000000088d00000, 0x0000000088d00000, 0x0000000088e00000|  0%| F|  |TAMS 0x0000000088d00000, 0x0000000088d00000| Untracked 
| 110|0x0000000088e00000, 0x0000000088e00000, 0x0000000088f00000|  0%| F|  |TAMS 0x0000000088e00000, 0x0000000088e00000| Untracked 
| 111|0x0000000088f00000, 0x0000000088f00000, 0x0000000089000000|  0%| F|  |TAMS 0x0000000088f00000, 0x0000000088f00000| Untracked 
| 112|0x0000000089000000, 0x0000000089000000, 0x0000000089100000|  0%| F|  |TAMS 0x0000000089000000, 0x0000000089000000| Untracked 
| 113|0x0000000089100000, 0x0000000089100000, 0x0000000089200000|  0%| F|  |TAMS 0x0000000089100000, 0x0000000089100000| Untracked 
| 114|0x0000000089200000, 0x0000000089200000, 0x0000000089300000|  0%| F|  |TAMS 0x0000000089200000, 0x0000000089200000| Untracked 
| 115|0x0000000089300000, 0x0000000089300000, 0x0000000089400000|  0%| F|  |TAMS 0x0000000089300000, 0x0000000089300000| Untracked 
| 116|0x0000000089400000, 0x0000000089400000, 0x0000000089500000|  0%| F|  |TAMS 0x0000000089400000, 0x0000000089400000| Untracked 
| 117|0x0000000089500000, 0x0000000089500000, 0x0000000089600000|  0%| F|  |TAMS 0x0000000089500000, 0x0000000089500000| Untracked 
| 118|0x0000000089600000, 0x0000000089600000, 0x0000000089700000|  0%| F|  |TAMS 0x0000000089600000, 0x0000000089600000| Untracked 
| 119|0x0000000089700000, 0x0000000089700000, 0x0000000089800000|  0%| F|  |TAMS 0x0000000089700000, 0x0000000089700000| Untracked 
| 120|0x0000000089800000, 0x0000000089800000, 0x0000000089900000|  0%| F|  |TAMS 0x0000000089800000, 0x0000000089800000| Untracked 
| 121|0x0000000089900000, 0x0000000089900000, 0x0000000089a00000|  0%| F|  |TAMS 0x0000000089900000, 0x0000000089900000| Untracked 
| 141|0x000000008ad00000, 0x000000008ad80800, 0x000000008ae00000| 50%| E|  |TAMS 0x000000008ad00000, 0x000000008ad00000| Complete 
|2015|0x00000000fff00000, 0x0000000100000000, 0x0000000100000000|100%| O|  |TAMS 0x0000000100000000, 0x00000000fff00000| Untracked 

Card table byte_map: [0x000001a4c7140000,0x000001a4c7530000] _byte_map_base: 0x000001a4c6d30000

Marking Bits (Prev, Next): (CMBitMap*) 0x000001a4b052ab80, (CMBitMap*) 0x000001a4b052ab40
 Prev Bits: [0x000001a4c98a0000, 0x000001a4cb820000)
 Next Bits: [0x000001a4c7920000, 0x000001a4c98a0000)

Polling page: 0x000001a4afcb0000

Metaspace:

Usage:
  Non-class:     47.66 MB used.
      Class:      6.39 MB used.
       Both:     54.05 MB used.

Virtual space:
  Non-class space:       48.00 MB reserved,      47.81 MB (>99%) committed,  6 nodes.
      Class space:        1.00 GB reserved,       6.56 MB ( <1%) committed,  1 nodes.
             Both:        1.05 GB reserved,      54.38 MB (  5%) committed. 

Chunk freelists:
   Non-Class:  48.00 KB
       Class:  1.30 MB
        Both:  1.34 MB

MaxMetaspaceSize: unlimited
CompressedClassSpaceSize: 1.00 GB
Initial GC threshold: 21.00 MB
Current GC threshold: 78.12 MB
CDS: on
MetaspaceReclaimPolicy: balanced
 - commit_granule_bytes: 65536.
 - commit_granule_words: 8192.
 - virtual_space_node_default_size: 1048576.
 - enlarge_chunks_in_place: 1.
 - new_chunks_are_fully_committed: 0.
 - uncommit_free_chunks: 1.
 - use_allocation_guard: 0.
 - handle_deallocations: 1.


Internal statistics:

num_allocs_failed_limit: 3.
num_arena_births: 326.
num_arena_deaths: 0.
num_vsnodes_births: 7.
num_vsnodes_deaths: 0.
num_space_committed: 868.
num_space_uncommitted: 0.
num_chunks_returned_to_freelist: 3.
num_chunks_taken_from_freelist: 2324.
num_chunk_merges: 3.
num_chunk_splits: 1806.
num_chunks_enlarged: 1577.
num_purges: 0.
num_inconsistent_stats: 0.

CodeHeap 'non-profiled nmethods': size=120064Kb used=4455Kb max_used=4455Kb free=115608Kb
 bounds [0x000001a4bf810000, 0x000001a4bfc70000, 0x000001a4c6d50000]
CodeHeap 'profiled nmethods': size=120000Kb used=24433Kb max_used=24433Kb free=95566Kb
 bounds [0x000001a4b82e0000, 0x000001a4b9ac0000, 0x000001a4bf810000]
CodeHeap 'non-nmethods': size=5696Kb used=1300Kb max_used=1348Kb free=4395Kb
 bounds [0x000001a4b7d50000, 0x000001a4b7fc0000, 0x000001a4b82e0000]
 total_blobs=8741 nmethods=8125 adapters=526
 compilation: enabled
              stopped_count=0, restarted_count=0
 full_count=0

Compilation events (20 events):
Event: 29.597 Thread 0x000001a4cd981f00 nmethod 8993 0x000001a4bfc69110 code [0x000001a4bfc692a0, 0x000001a4bfc69438]
Event: 29.598 Thread 0x000001a4cd9e9370 8994       3       org.jetbrains.kotlin.com.intellij.psi.util.PsiTreeUtil::getNextSiblingOfType (55 bytes)
Event: 29.598 Thread 0x000001a4cd9e9370 nmethod 8994 0x000001a4b9ab2090 code [0x000001a4b9ab22c0, 0x000001a4b9ab2aa8]
Event: 29.602 Thread 0x000001a4cd9e9370 8995       3       org.jetbrains.kotlin.load.java.lazy.descriptors.LazyJavaClassMemberScope::doesOverrideSuspendFunction (140 bytes)
Event: 29.602 Thread 0x000001a4cd9e9370 nmethod 8995 0x000001a4b9ab2d10 code [0x000001a4b9ab2fc0, 0x000001a4b9ab4098]
Event: 29.603 Thread 0x000001a4cd9e9370 8996       3       org.jetbrains.kotlin.load.java.lazy.descriptors.LazyJavaClassMemberScope::createSuspendView (240 bytes)
Event: 29.604 Thread 0x000001a4cd9e9370 nmethod 8996 0x000001a4b9ab4490 code [0x000001a4b9ab4a40, 0x000001a4b9ab7a18]
Event: 29.605 Thread 0x000001a4cd9e9370 8997       3       org.jetbrains.kotlin.types.TypeUtils::createSubstitutedSupertype (51 bytes)
Event: 29.606 Thread 0x000001a4cd9e9370 nmethod 8997 0x000001a4b9ab8890 code [0x000001a4b9ab8b20, 0x000001a4b9ab9458]
Event: 29.607 Thread 0x000001a4cd981f00 8998       4       org.jetbrains.kotlin.descriptors.annotations.Annotations$Companion$EMPTY$1::iterator (9 bytes)
Event: 29.607 Thread 0x000001a4cd981f00 nmethod 8998 0x000001a4bfc69710 code [0x000001a4bfc69880, 0x000001a4bfc698f8]
Event: 29.607 Thread 0x000001a4cd9e9370 8999       3       org.jetbrains.kotlin.psi.KtProperty::getInitializer (40 bytes)
Event: 29.608 Thread 0x000001a4cd9e9370 nmethod 8999 0x000001a4b9ab9710 code [0x000001a4b9ab9960, 0x000001a4b9aba418]
Event: 29.608 Thread 0x000001a4cd9e9370 9000       3       org.jetbrains.kotlin.psi.KtProperty$$Lambda$382/0x0000000801235c10::compute (8 bytes)
Event: 29.608 Thread 0x000001a4cd9e9370 nmethod 9000 0x000001a4b9aba790 code [0x000001a4b9aba980, 0x000001a4b9abafd8]
Event: 29.609 Thread 0x000001a4cd9e9370 9001       1       org.jetbrains.kotlin.resolve.ModifiersChecker::access$000 (5 bytes)
Event: 29.609 Thread 0x000001a4cd9e9370 nmethod 9001 0x000001a4bfc69a10 code [0x000001a4bfc69ba0, 0x000001a4bfc69c58]
Event: 29.609 Thread 0x000001a4cd9e9370 9002       3       org.jetbrains.kotlin.resolve.calls.tower.TowerResolver$Task::mayFitForName (124 bytes)
Event: 29.610 Thread 0x000001a4cd9e9370 nmethod 9002 0x000001a4b9abb190 code [0x000001a4b9abb420, 0x000001a4b9abc368]
Event: 29.611 Thread 0x000001a4cd981f00 9003       4       org.jetbrains.kotlin.load.java.structure.impl.classFiles.BinaryJavaMethodBase$Companion::create (591 bytes)

GC Heap History (20 events):
Event: 15.341 GC heap before
{Heap before GC invocations=15 (full 0):
 garbage-first heap   total 52224K, used 41256K [0x0000000082000000, 0x0000000100000000)
  region size 1024K, 14 young (14336K), 2 survivors (2048K)
 Metaspace       used 43770K, committed 44032K, reserved 1089536K
  class space    used 5503K, committed 5632K, reserved 1048576K
}
Event: 15.345 GC heap after
{Heap after GC invocations=16 (full 0):
 garbage-first heap   total 52224K, used 30356K [0x0000000082000000, 0x0000000100000000)
  region size 1024K, 2 young (2048K), 2 survivors (2048K)
 Metaspace       used 43770K, committed 44032K, reserved 1089536K
  class space    used 5503K, committed 5632K, reserved 1048576K
}
Event: 15.348 GC heap before
{Heap before GC invocations=16 (full 0):
 garbage-first heap   total 52224K, used 31380K [0x0000000082000000, 0x0000000100000000)
  region size 1024K, 3 young (3072K), 2 survivors (2048K)
 Metaspace       used 43770K, committed 44032K, reserved 1089536K
  class space    used 5503K, committed 5632K, reserved 1048576K
}
Event: 15.356 GC heap after
{Heap after GC invocations=17 (full 0):
 garbage-first heap   total 52224K, used 30833K [0x0000000082000000, 0x0000000100000000)
  region size 1024K, 1 young (1024K), 1 survivors (1024K)
 Metaspace       used 43770K, committed 44032K, reserved 1089536K
  class space    used 5503K, committed 5632K, reserved 1048576K
}
Event: 15.592 GC heap before
{Heap before GC invocations=17 (full 0):
 garbage-first heap   total 52224K, used 40049K [0x0000000082000000, 0x0000000100000000)
  region size 1024K, 10 young (10240K), 1 survivors (1024K)
 Metaspace       used 43802K, committed 44032K, reserved 1089536K
  class space    used 5503K, committed 5632K, reserved 1048576K
}
Event: 15.597 GC heap after
{Heap after GC invocations=18 (full 0):
 garbage-first heap   total 52224K, used 32768K [0x0000000082000000, 0x0000000100000000)
  region size 1024K, 2 young (2048K), 2 survivors (2048K)
 Metaspace       used 43802K, committed 44032K, reserved 1089536K
  class space    used 5503K, committed 5632K, reserved 1048576K
}
Event: 16.327 GC heap before
{Heap before GC invocations=19 (full 0):
 garbage-first heap   total 56320K, used 39936K [0x0000000082000000, 0x0000000100000000)
  region size 1024K, 10 young (10240K), 2 survivors (2048K)
 Metaspace       used 44646K, committed 44928K, reserved 1089536K
  class space    used 5629K, committed 5760K, reserved 1048576K
}
Event: 16.332 GC heap after
{Heap after GC invocations=20 (full 0):
 garbage-first heap   total 56320K, used 33409K [0x0000000082000000, 0x0000000100000000)
  region size 1024K, 1 young (1024K), 1 survivors (1024K)
 Metaspace       used 44646K, committed 44928K, reserved 1089536K
  class space    used 5629K, committed 5760K, reserved 1048576K
}
Event: 16.403 GC heap before
{Heap before GC invocations=20 (full 0):
 garbage-first heap   total 56320K, used 34433K [0x0000000082000000, 0x0000000100000000)
  region size 1024K, 2 young (2048K), 1 survivors (1024K)
 Metaspace       used 44723K, committed 44992K, reserved 1089536K
  class space    used 5632K, committed 5760K, reserved 1048576K
}
Event: 16.407 GC heap after
{Heap after GC invocations=21 (full 0):
 garbage-first heap   total 56320K, used 33675K [0x0000000082000000, 0x0000000100000000)
  region size 1024K, 1 young (1024K), 1 survivors (1024K)
 Metaspace       used 44723K, committed 44992K, reserved 1089536K
  class space    used 5632K, committed 5760K, reserved 1048576K
}
Event: 17.043 GC heap before
{Heap before GC invocations=21 (full 0):
 garbage-first heap   total 56320K, used 42891K [0x0000000082000000, 0x0000000100000000)
  region size 1024K, 11 young (11264K), 1 survivors (1024K)
 Metaspace       used 45738K, committed 46080K, reserved 1089536K
  class space    used 5733K, committed 5888K, reserved 1048576K
}
Event: 17.053 GC heap after
{Heap after GC invocations=22 (full 0):
 garbage-first heap   total 56320K, used 35731K [0x0000000082000000, 0x0000000100000000)
  region size 1024K, 2 young (2048K), 2 survivors (2048K)
 Metaspace       used 45738K, committed 46080K, reserved 1089536K
  class space    used 5733K, committed 5888K, reserved 1048576K
}
Event: 17.356 GC heap before
{Heap before GC invocations=22 (full 0):
 garbage-first heap   total 56320K, used 44947K [0x0000000082000000, 0x0000000100000000)
  region size 1024K, 11 young (11264K), 2 survivors (2048K)
 Metaspace       used 46170K, committed 46464K, reserved 1089536K
  class space    used 5771K, committed 5888K, reserved 1048576K
}
Event: 17.362 GC heap after
{Heap after GC invocations=23 (full 0):
 garbage-first heap   total 56320K, used 36631K [0x0000000082000000, 0x0000000100000000)
  region size 1024K, 1 young (1024K), 1 survivors (1024K)
 Metaspace       used 46170K, committed 46464K, reserved 1089536K
  class space    used 5771K, committed 5888K, reserved 1048576K
}
Event: 17.987 GC heap before
{Heap before GC invocations=23 (full 0):
 garbage-first heap   total 56320K, used 44823K [0x0000000082000000, 0x0000000100000000)
  region size 1024K, 9 young (9216K), 1 survivors (1024K)
 Metaspace       used 47731K, committed 48000K, reserved 1097728K
  class space    used 5934K, committed 6080K, reserved 1048576K
}
Event: 17.991 GC heap after
{Heap after GC invocations=24 (full 0):
 garbage-first heap   total 146432K, used 37532K [0x0000000082000000, 0x0000000100000000)
  region size 1024K, 2 young (2048K), 2 survivors (2048K)
 Metaspace       used 47731K, committed 48000K, reserved 1097728K
  class space    used 5934K, committed 6080K, reserved 1048576K
}
Event: 23.693 GC heap before
{Heap before GC invocations=25 (full 0):
 garbage-first heap   total 126976K, used 102044K [0x0000000082000000, 0x0000000100000000)
  region size 1024K, 66 young (67584K), 2 survivors (2048K)
 Metaspace       used 51216K, committed 51520K, reserved 1097728K
  class space    used 6249K, committed 6400K, reserved 1048576K
}
Event: 23.717 GC heap after
{Heap after GC invocations=26 (full 0):
 garbage-first heap   total 126976K, used 47070K [0x0000000082000000, 0x0000000100000000)
  region size 1024K, 9 young (9216K), 9 survivors (9216K)
 Metaspace       used 51216K, committed 51520K, reserved 1097728K
  class space    used 6249K, committed 6400K, reserved 1048576K
}
Event: 29.566 GC heap before
{Heap before GC invocations=26 (full 0):
 garbage-first heap   total 126976K, used 93150K [0x0000000082000000, 0x0000000100000000)
  region size 1024K, 54 young (55296K), 9 survivors (9216K)
 Metaspace       used 55340K, committed 55680K, reserved 1097728K
  class space    used 6543K, committed 6720K, reserved 1048576K
}
Event: 29.590 GC heap after
{Heap after GC invocations=27 (full 0):
 garbage-first heap   total 126976K, used 52945K [0x0000000082000000, 0x0000000100000000)
  region size 1024K, 6 young (6144K), 6 survivors (6144K)
 Metaspace       used 55340K, committed 55680K, reserved 1097728K
  class space    used 6543K, committed 6720K, reserved 1048576K
}

Deoptimization events (20 events):
Event: 29.211 Thread 0x000001a4b04d0cc0 DEOPT PACKING pc=0x000001a4bfc5388c sp=0x0000002d072f8340
Event: 29.211 Thread 0x000001a4b04d0cc0 DEOPT UNPACKING pc=0x000001a4b7da239d sp=0x0000002d072f81f0 mode 2
Event: 29.211 Thread 0x000001a4b04d0cc0 Uncommon trap: trap_request=0xffffff66 fr.pc=0x000001a4bfc5388c relative=0x00000000000012ac
Event: 29.211 Thread 0x000001a4b04d0cc0 Uncommon trap: reason=speculate_class_check action=maybe_recompile pc=0x000001a4bfc5388c method=org.jetbrains.kotlin.types.SpecialTypesKt.isDefinitelyNotNullType(Lorg/jetbrains/kotlin/types/KotlinType;)Z @ 10 c2
Event: 29.211 Thread 0x000001a4b04d0cc0 DEOPT PACKING pc=0x000001a4bfc5388c sp=0x0000002d072f8340
Event: 29.211 Thread 0x000001a4b04d0cc0 DEOPT UNPACKING pc=0x000001a4b7da239d sp=0x0000002d072f81f0 mode 2
Event: 29.310 Thread 0x000001a4b04d0cc0 Uncommon trap: trap_request=0xffffffc6 fr.pc=0x000001a4bfc5a4f0 relative=0x00000000000000d0
Event: 29.310 Thread 0x000001a4b04d0cc0 Uncommon trap: reason=bimorphic_or_optimized_type_check action=maybe_recompile pc=0x000001a4bfc5a4f0 method=org.jetbrains.kotlin.types.FlexibleType.isMarkedNullable()Z @ 1 c2
Event: 29.310 Thread 0x000001a4b04d0cc0 DEOPT PACKING pc=0x000001a4bfc5a4f0 sp=0x0000002d072f5100
Event: 29.310 Thread 0x000001a4b04d0cc0 DEOPT UNPACKING pc=0x000001a4b7da239d sp=0x0000002d072f5098 mode 2
Event: 29.310 Thread 0x000001a4b04d0cc0 Uncommon trap: trap_request=0xffffffc6 fr.pc=0x000001a4bfc5a4f0 relative=0x00000000000000d0
Event: 29.310 Thread 0x000001a4b04d0cc0 Uncommon trap: reason=bimorphic_or_optimized_type_check action=maybe_recompile pc=0x000001a4bfc5a4f0 method=org.jetbrains.kotlin.types.FlexibleType.isMarkedNullable()Z @ 1 c2
Event: 29.310 Thread 0x000001a4b04d0cc0 DEOPT PACKING pc=0x000001a4bfc5a4f0 sp=0x0000002d072f5100
Event: 29.310 Thread 0x000001a4b04d0cc0 DEOPT UNPACKING pc=0x000001a4b7da239d sp=0x0000002d072f5098 mode 2
Event: 29.312 Thread 0x000001a4b04d0cc0 Uncommon trap: trap_request=0xffffff76 fr.pc=0x000001a4bfb46b90 relative=0x0000000000003330
Event: 29.312 Thread 0x000001a4b04d0cc0 Uncommon trap: reason=predicate action=maybe_recompile pc=0x000001a4bfb46b90 method=org.jetbrains.kotlin.resolve.OverridingUtil.filterOverrides(Ljava/util/Set;ZLkotlin/jvm/functions/Function0;Lkotlin/jvm/functions/Function2;)Ljava/util/Set; @ 63 c2
Event: 29.312 Thread 0x000001a4b04d0cc0 DEOPT PACKING pc=0x000001a4bfb46b90 sp=0x0000002d072f6440
Event: 29.312 Thread 0x000001a4b04d0cc0 DEOPT UNPACKING pc=0x000001a4b7da239d sp=0x0000002d072f6410 mode 2
Event: 29.558 Thread 0x000001a4b04d0cc0 DEOPT PACKING pc=0x000001a4b95b7cf8 sp=0x0000002d072fd4c0
Event: 29.558 Thread 0x000001a4b04d0cc0 DEOPT UNPACKING pc=0x000001a4b7da2b24 sp=0x0000002d072fca40 mode 3

Classes unloaded (0 events):
No events

Classes redefined (0 events):
No events

Internal exceptions (20 events):
Event: 17.060 Thread 0x000001a4b04d0cc0 Exception <a 'java/lang/NoSuchMethodError'{0x0000000086443cf8}: 'java.lang.Object java.lang.invoke.DirectMethodHandle$Holder.newInvokeSpecial(java.lang.Object, java.lang.Object, java.lang.Object, java.lang.Object, java.lang.Object, java.lang.Object)'> (0x0000000086443cf8) 
thrown [s\open\src\hotspot\share\interpreter\linkResolver.cpp, line 759]
Event: 17.428 Thread 0x000001a4b04d0cc0 Implicit null exception at 0x000001a4bf9570cc to 0x000001a4bf9571a8
Event: 19.865 Thread 0x000001a4b04d0cc0 Implicit null exception at 0x000001a4bfa33a3d to 0x000001a4bfa34544
Event: 19.865 Thread 0x000001a4b04d0cc0 Implicit null exception at 0x000001a4bfa3278f to 0x000001a4bfa327c0
Event: 19.994 Thread 0x000001a4b04d0cc0 Exception <a 'java/lang/IncompatibleClassChangeError'{0x000000008919a8d0}: Found class java.lang.Object, but interface was expected> (0x000000008919a8d0) 
thrown [s\open\src\hotspot\share\interpreter\linkResolver.cpp, line 826]
Event: 20.184 Thread 0x000001a4b04d0cc0 Exception <a 'java/lang/NoSuchMethodError'{0x0000000088ff6570}: 'int java.lang.invoke.DirectMethodHandle$Holder.invokeInterface(java.lang.Object, java.lang.Object)'> (0x0000000088ff6570) 
thrown [s\open\src\hotspot\share\interpreter\linkResolver.cpp, line 759]
Event: 22.891 Thread 0x000001a4b04d0cc0 Exception <a 'java/lang/NoSuchMethodError'{0x0000000086b57bf8}: 'java.lang.Object java.lang.invoke.DirectMethodHandle$Holder.newInvokeSpecial(java.lang.Object, int, java.lang.Object)'> (0x0000000086b57bf8) 
thrown [s\open\src\hotspot\share\interpreter\linkResolver.cpp, line 759]
Event: 23.468 Thread 0x000001a4b04d0cc0 Implicit null exception at 0x000001a4bfaa97dc to 0x000001a4bfaab2a4
Event: 23.468 Thread 0x000001a4b04d0cc0 Implicit null exception at 0x000001a4bf8af59e to 0x000001a4bf8af718
Event: 23.603 Thread 0x000001a4b04d0cc0 Implicit null exception at 0x000001a4bf86e658 to 0x000001a4bf86e6ee
Event: 23.603 Thread 0x000001a4b04d0cc0 Implicit null exception at 0x000001a4bf86f58f to 0x000001a4bf86f609
Event: 24.114 Thread 0x000001a4b04d0cc0 Implicit null exception at 0x000001a4bfac561c to 0x000001a4bfac65c8
Event: 24.674 Thread 0x000001a4b04d0cc0 Exception <a 'java/lang/NoSuchMethodError'{0x0000000088e31f00}: 'int java.lang.invoke.DirectMethodHandle$Holder.invokeStaticInit(java.lang.Object, int)'> (0x0000000088e31f00) 
thrown [s\open\src\hotspot\share\interpreter\linkResolver.cpp, line 759]
Event: 24.874 Thread 0x000001a4b04d0cc0 Implicit null exception at 0x000001a4bf82bfd2 to 0x000001a4bf82c4cc
Event: 25.325 Thread 0x000001a4b04d0cc0 Exception <a 'java/lang/NoSuchMethodError'{0x00000000886dfb60}: 'java.lang.Object java.lang.invoke.DirectMethodHandle$Holder.invokeInterface(java.lang.Object, java.lang.Object, java.lang.Object)'> (0x00000000886dfb60) 
thrown [s\open\src\hotspot\share\interpreter\linkResolver.cpp, line 759]
Event: 25.325 Thread 0x000001a4b04d0cc0 Exception <a 'java/lang/IncompatibleClassChangeError'{0x00000000886e34d0}: Found class java.lang.Object, but interface was expected> (0x00000000886e34d0) 
thrown [s\open\src\hotspot\share\interpreter\linkResolver.cpp, line 826]
Event: 25.333 Thread 0x000001a4b04d0cc0 Exception <a 'java/lang/NoSuchMethodError'{0x000000008851c128}: 'java.lang.Object java.lang.invoke.DirectMethodHandle$Holder.newInvokeSpecial(java.lang.Object, java.lang.Object, java.lang.Object, java.lang.Object, java.lang.Object, java.lang.Object, java.lang.Object)'> (0x000000008851c128) 
thrown [s\open\src\hotspot\share\interpreter\linkResolver.cpp, line 759]
Event: 25.333 Thread 0x000001a4b04d0cc0 Exception <a 'java/lang/NoSuchMethodError'{0x0000000088520ce0}: 'java.lang.Object java.lang.invoke.Invokers$Holder.linkToTargetMethod(java.lang.Object, java.lang.Object, java.lang.Object, java.lang.Object, java.lang.Object, java.lang.Object, java.lang.Object)'> (0x0000000088520ce0) 
thrown [s\open\src\hotspot\share\interpreter\linkResolver.cpp, line 759]
Event: 28.569 Thread 0x000001a4b04d0cc0 Implicit null exception at 0x000001a4bfbe36fb to 0x000001a4bfbe5494
Event: 28.950 Thread 0x000001a4b04d0cc0 Exception <a 'java/lang/NoSuchMethodError'{0x00000000873c3858}: 'void java.lang.invoke.DirectMethodHandle$Holder.invokeStatic(java.lang.Object, java.lang.Object, java.lang.Object)'> (0x00000000873c3858) 
thrown [s\open\src\hotspot\share\interpreter\linkResolver.cpp, line 759]

VM Operations (20 events):
Event: 27.457 Executing VM operation: ICBufferFull
Event: 27.457 Executing VM operation: ICBufferFull done
Event: 27.829 Executing VM operation: ICBufferFull
Event: 27.829 Executing VM operation: ICBufferFull done
Event: 28.308 Executing VM operation: ICBufferFull
Event: 28.308 Executing VM operation: ICBufferFull done
Event: 28.840 Executing VM operation: ICBufferFull
Event: 28.840 Executing VM operation: ICBufferFull done
Event: 29.032 Executing VM operation: ICBufferFull
Event: 29.032 Executing VM operation: ICBufferFull done
Event: 29.240 Executing VM operation: ICBufferFull
Event: 29.241 Executing VM operation: ICBufferFull done
Event: 29.318 Executing VM operation: HandshakeAllThreads
Event: 29.318 Executing VM operation: HandshakeAllThreads done
Event: 29.325 Executing VM operation: ICBufferFull
Event: 29.325 Executing VM operation: ICBufferFull done
Event: 29.557 Executing VM operation: HandshakeAllThreads
Event: 29.557 Executing VM operation: HandshakeAllThreads done
Event: 29.566 Executing VM operation: G1CollectForAllocation
Event: 29.591 Executing VM operation: G1CollectForAllocation done

Events (20 events):
Event: 20.966 Thread 0x000001a4cd9ec8a0 flushing nmethod 0x000001a4b8c91990
Event: 20.966 Thread 0x000001a4cd9ec8a0 flushing nmethod 0x000001a4b8c98210
Event: 20.966 Thread 0x000001a4cd9ec8a0 flushing nmethod 0x000001a4b8c99e90
Event: 20.966 Thread 0x000001a4cd9ec8a0 flushing nmethod 0x000001a4b8c9bf90
Event: 20.966 Thread 0x000001a4cd9ec8a0 flushing nmethod 0x000001a4b8c9c310
Event: 20.966 Thread 0x000001a4cd9ec8a0 flushing nmethod 0x000001a4b8c9c690
Event: 20.966 Thread 0x000001a4cd9ec8a0 flushing nmethod 0x000001a4b8c9d490
Event: 20.966 Thread 0x000001a4cd9ec8a0 flushing nmethod 0x000001a4b8c9d890
Event: 20.966 Thread 0x000001a4cd9ec8a0 flushing nmethod 0x000001a4b8c9e090
Event: 20.966 Thread 0x000001a4cd9ec8a0 flushing nmethod 0x000001a4b8c9e410
Event: 20.966 Thread 0x000001a4cd9ec8a0 flushing nmethod 0x000001a4b8cb6910
Event: 20.967 Thread 0x000001a4cd9ec8a0 flushing nmethod 0x000001a4b8cc7b10
Event: 20.967 Thread 0x000001a4cd9ec8a0 flushing nmethod 0x000001a4b8cca110
Event: 20.967 Thread 0x000001a4cd9ec8a0 flushing nmethod 0x000001a4b8d0ea90
Event: 20.967 Thread 0x000001a4cd9ec8a0 flushing nmethod 0x000001a4b8d1c890
Event: 20.967 Thread 0x000001a4cd9ec8a0 flushing nmethod 0x000001a4b8d6da90
Event: 20.967 Thread 0x000001a4cd9ec8a0 flushing nmethod 0x000001a4b8d77a90
Event: 20.967 Thread 0x000001a4cd9ec8a0 flushing nmethod 0x000001a4b8d7b590
Event: 20.967 Thread 0x000001a4cd9ec8a0 flushing nmethod 0x000001a4b8db6510
Event: 25.676 Thread 0x000001a4cd9ec8a0 flushing nmethod 0x000001a4b8a48210


Dynamic libraries:
0x00007ff78e950000 - 0x00007ff78e960000 	C:\Program Files\Java\jdk-17.0.5\bin\java.exe
0x00007ffc14050000 - 0x00007ffc14248000 	C:\Windows\SYSTEM32\ntdll.dll
0x00007ffc12e20000 - 0x00007ffc12edf000 	C:\Windows\System32\KERNEL32.DLL
0x00007ffc11760000 - 0x00007ffc11a3a000 	C:\Windows\System32\KERNELBASE.dll
0x00007ffc11ba0000 - 0x00007ffc11ca0000 	C:\Windows\System32\ucrtbase.dll
0x00007ffc03e00000 - 0x00007ffc03e18000 	C:\Program Files\Java\jdk-17.0.5\bin\jli.dll
0x00007ffc12a90000 - 0x00007ffc12b3e000 	C:\Windows\System32\ADVAPI32.dll
0x00007ffc13160000 - 0x00007ffc131fe000 	C:\Windows\System32\msvcrt.dll
0x00007ffc12b60000 - 0x00007ffc12bfc000 	C:\Windows\System32\sechost.dll
0x00007ffc136d0000 - 0x00007ffc137f6000 	C:\Windows\System32\RPCRT4.dll
0x00007ffc12c00000 - 0x00007ffc12d9d000 	C:\Windows\System32\USER32.dll
0x00007ffc11a40000 - 0x00007ffc11a62000 	C:\Windows\System32\win32u.dll
0x00007ffc12700000 - 0x00007ffc1272b000 	C:\Windows\System32\GDI32.dll
0x00007ffc11fa0000 - 0x00007ffc120b0000 	C:\Windows\System32\gdi32full.dll
0x00007ffc11a70000 - 0x00007ffc11b0d000 	C:\Windows\System32\msvcp_win.dll
0x00007ffc021c0000 - 0x00007ffc021da000 	C:\Program Files\Java\jdk-17.0.5\bin\VCRUNTIME140.dll
0x00007ffc10af0000 - 0x00007ffc10d8a000 	C:\Windows\WinSxS\amd64_microsoft.windows.common-controls_6595b64144ccf1df_6.0.19041.1110_none_60b5254171f9507e\COMCTL32.dll
0x00007ffc01860000 - 0x00007ffc0186a000 	C:\Windows\SYSTEM32\VERSION.dll
0x00007ffc13fe0000 - 0x00007ffc14010000 	C:\Windows\System32\IMM32.DLL
0x00007ffc0c660000 - 0x00007ffc0c66c000 	C:\Program Files\Java\jdk-17.0.5\bin\vcruntime140_1.dll
0x00007ffbf5790000 - 0x00007ffbf581d000 	C:\Program Files\Java\jdk-17.0.5\bin\msvcp140.dll
0x00007ffb93680000 - 0x00007ffb94242000 	C:\Program Files\Java\jdk-17.0.5\bin\server\jvm.dll
0x00007ffc12b50000 - 0x00007ffc12b58000 	C:\Windows\System32\PSAPI.DLL
0x00007ffc021b0000 - 0x00007ffc021b9000 	C:\Windows\SYSTEM32\WSOCK32.dll
0x00007ffc13820000 - 0x00007ffc1388b000 	C:\Windows\System32\WS2_32.dll
0x00007ffbfe3a0000 - 0x00007ffbfe3c7000 	C:\Windows\SYSTEM32\WINMM.dll
0x00007ffc0e940000 - 0x00007ffc0e952000 	C:\Windows\SYSTEM32\kernel.appcore.dll
0x00007ffc01f00000 - 0x00007ffc01f0a000 	C:\Program Files\Java\jdk-17.0.5\bin\jimage.dll
0x00007ffc11080000 - 0x00007ffc11264000 	C:\Windows\SYSTEM32\DBGHELP.DLL
0x00007ffc10ea0000 - 0x00007ffc10ed4000 	C:\Windows\SYSTEM32\dbgcore.DLL
0x00007ffc11b10000 - 0x00007ffc11b92000 	C:\Windows\System32\bcryptPrimitives.dll
0x00007ffc01e50000 - 0x00007ffc01e75000 	C:\Program Files\Java\jdk-17.0.5\bin\java.dll
0x00007ffbe53c0000 - 0x00007ffbe5496000 	C:\Program Files\Java\jdk-17.0.5\bin\jsvml.dll
0x00007ffc13890000 - 0x00007ffc13fd4000 	C:\Windows\System32\SHELL32.dll
0x00007ffc0f1d0000 - 0x00007ffc0f963000 	C:\Windows\SYSTEM32\windows.storage.dll
0x00007ffc12730000 - 0x00007ffc12a84000 	C:\Windows\System32\combase.dll
0x00007ffc109a0000 - 0x00007ffc109ce000 	C:\Windows\SYSTEM32\Wldp.dll
0x00007ffc13620000 - 0x00007ffc136cd000 	C:\Windows\System32\SHCORE.dll
0x00007ffc135c0000 - 0x00007ffc13615000 	C:\Windows\System32\shlwapi.dll
0x00007ffc116a0000 - 0x00007ffc116bf000 	C:\Windows\SYSTEM32\profapi.dll
0x00007ffbfa730000 - 0x00007ffbfa749000 	C:\Program Files\Java\jdk-17.0.5\bin\net.dll
0x00007ffc0a600000 - 0x00007ffc0a70a000 	C:\Windows\SYSTEM32\WINHTTP.dll
0x00007ffc107b0000 - 0x00007ffc1081a000 	C:\Windows\system32\mswsock.dll
0x00007ffbf99d0000 - 0x00007ffbf99e6000 	C:\Program Files\Java\jdk-17.0.5\bin\nio.dll
0x00007ffbf87b0000 - 0x00007ffbf87c8000 	C:\Program Files\Java\jdk-17.0.5\bin\zip.dll
0x00007ffc01010000 - 0x00007ffc01020000 	C:\Program Files\Java\jdk-17.0.5\bin\verify.dll

dbghelp: loaded successfully - version: 4.0.5 - missing functions: none
symbol engine: initialized successfully - sym options: 0x614 - pdb path: .;C:\Program Files\Java\jdk-17.0.5\bin;C:\Windows\SYSTEM32;C:\Windows\WinSxS\amd64_microsoft.windows.common-controls_6595b64144ccf1df_6.0.19041.1110_none_60b5254171f9507e;C:\Program Files\Java\jdk-17.0.5\bin\server

VM Arguments:
java_command: org.jetbrains.kotlin.cli.jvm.K2JVMCompiler @E:\newBY\node_modules\react-native-safe-area-context\android\build\20230425_588313231443756054.compiler.options
java_class_path (initial): C:\Users\Sumonto\.gradle\caches\modules-2\files-2.1\org.jetbrains.kotlin\kotlin-compiler-embeddable\1.6.10\88f2073f4020cdb83132cfe940ceb9a60aba54ea\kotlin-compiler-embeddable-1.6.10.jar;C:\Users\Sumonto\.gradle\caches\modules-2\files-2.1\org.jetbrains.kotlin\kotlin-reflect\1.6.10\1cbe9c92c12a94eea200d23c2bbaedaf3daf5132\kotlin-reflect-1.6.10.jar;C:\Users\Sumonto\.gradle\caches\modules-2\files-2.1\org.jetbrains.kotlin\kotlin-stdlib\1.6.10\b8af3fe6f1ca88526914929add63cf5e7c5049af\kotlin-stdlib-1.6.10.jar;C:\Users\Sumonto\.gradle\caches\modules-2\files-2.1\org.jetbrains.kotlin\kotlin-script-runtime\1.6.10\d0a7ff2e2500ef497ed0214ae40ad3c8387a6164\kotlin-script-runtime-1.6.10.jar;C:\Users\Sumonto\.gradle\caches\modules-2\files-2.1\org.jetbrains.kotlin\kotlin-daemon-embeddable\1.6.10\a56d79bcbea411fa6058e4ecffc2de73e742bd2a\kotlin-daemon-embeddable-1.6.10.jar;C:\Users\Sumonto\.gradle\caches\modules-2\files-2.1\org.jetbrains.intellij.deps\trove4j\1.0.20181211\216c2e14b070f334479d800987affe4054cd563f\trove4j-1.0.20181211.jar;C:\Users\Sumonto\.gradle\caches\modules-2\files-2.1\net.java.dev.jna\jna\5.6.0\330f2244e9030119ab3030fc3fededc86713d9cc\jna-5.6.0.jar;C:\Users\Sumonto\.gradle\caches\modules-2\files-2.1\org.jetbrains\annotations\13.0\919f0dfe192fb4e063e7dacadee7f8bb9a2672a9\annotations-13.0.jar;C:\Users\Sumonto\.gradle\caches\modules-2\files-2.1\org.jetbrains.kotlin\kotlin-stdlib-common\1.6.10\c118700e3a33c8a0d9adc920e9dec0831171925\kotlin-stdlib-common-1.6.10.jar
Launcher Type: SUN_STANDARD

[Global flags]
     intx CICompilerCount                          = 2                                         {product} {ergonomic}
     uint ConcGCThreads                            = 1                                         {product} {ergonomic}
     uint G1ConcRefinementThreads                  = 2                                         {product} {ergonomic}
   size_t G1HeapRegionSize                         = 1048576                                   {product} {ergonomic}
    uintx GCDrainStackTargetSize                   = 64                                        {product} {ergonomic}
   size_t InitialHeapSize                          = 132120576                                 {product} {ergonomic}
   size_t MarkStackSize                            = 4194304                                   {product} {ergonomic}
   size_t MaxHeapSize                              = 2113929216                                {product} {ergonomic}
   size_t MaxNewSize                               = 1267728384                                {product} {ergonomic}
   size_t MinHeapDeltaBytes                        = 1048576                                   {product} {ergonomic}
   size_t MinHeapSize                              = 8388608                                   {product} {ergonomic}
    uintx NonNMethodCodeHeapSize                   = 5826188                                {pd product} {ergonomic}
    uintx NonProfiledCodeHeapSize                  = 122916026                              {pd product} {ergonomic}
    uintx ProfiledCodeHeapSize                     = 122916026                              {pd product} {ergonomic}
    uintx ReservedCodeCacheSize                    = 251658240                              {pd product} {ergonomic}
     bool SegmentedCodeCache                       = true                                      {product} {ergonomic}
   size_t SoftMaxHeapSize                          = 2113929216                             {manageable} {ergonomic}
     bool UseCompressedClassPointers               = true                           {product lp64_product} {ergonomic}
     bool UseCompressedOops                        = true                           {product lp64_product} {ergonomic}
     bool UseG1GC                                  = true                                      {product} {ergonomic}
     bool UseLargePagesIndividualAllocation        = false                                  {pd product} {ergonomic}

Logging:
Log output configuration:
 #0: stdout all=warning uptime,level,tags
 #1: stderr all=off uptime,level,tags

Environment Variables:
JAVA_HOME=C:\Program Files\Java\jdk-17.0.5
CLASSPATH=E:\newBY\android\\gradle\wrapper\gradle-wrapper.jar
PATH=E:\newBY\android\node_modules\.bin;E:\newBY\node_modules\.bin;E:\node_modules\.bin;C:\Program Files\nodejs;E:\newBY\node_modules\.bin;E:\node_modules\.bin;C:\Program Files\nodejs\node_modules\npm\node_modules\@npmcli\run-script\lib\node-gyp-bin;C:\Program Files\Common Files\Oracle\Java\javapath;C:\Windows\system32;C:\Windows;C:\Windows\System32\Wbem;C:\Windows\System32\WindowsPowerShell\v1.0\;C:\Windows\System32\OpenSSH\;C:\Program Files\PuTTY\;C:\Program Files\nodejs\;C:\Program Files\Java\jdk-17.0.5\bin;C:\Users\Sumonto\AppData\Local\Android\Sdk\platform-tools;C:\Users\Sumonto\AppData\Local\Microsoft\WindowsApps;C:\Users\Sumonto\AppData\Local\Programs\Microsoft VS Code\bin;C:\Users\Sumonto\AppData\Roaming\npm;
USERNAME=Sumonto
LANG=en_US.UTF-8
OS=Windows_NT
PROCESSOR_IDENTIFIER=Intel64 Family 6 Model 60 Stepping 3, GenuineIntel



---------------  S Y S T E M  ---------------

OS:
 Windows 10 , 64 bit Build 19041 (10.0.19041.2788)
OS uptime: 0 days 16:09 hours

CPU: total 2 (initial active 2) (2 cores per cpu, 1 threads per core) family 6 model 60 stepping 3 microcode 0x27, cx8, cmov, fxsr, mmx, sse, sse2, sse3, ssse3, sse4.1, sse4.2, popcnt, lzcnt, tsc, tscinvbit, erms, clmul, clflush

Memory: 4k page, system-wide physical 8061M (481M free)
TotalPageFile size 15997M (AvailPageFile size 6340M)
current process WorkingSet (physical memory assigned to process): 284M, peak: 285M
current process commit charge ("private bytes"): 317M, peak: 318M

vm_info: Java HotSpot(TM) 64-Bit Server VM (17.0.5+9-LTS-191) for windows-amd64 JRE (17.0.5+9-LTS-191), built on Sep 13 2022 17:31:43 by "mach5one" with MS VC++ 16.8 / 16.9 (VS2019)

END.
